[1.849s] Invoking command in '/home/kidd/agv_station/build/station_launch': CMAKE_PREFIX_PATH=${CMAKE_PREFIX_PATH}:/home/kidd/agv_station/install/amr_v4_station:/opt/ros/galactic /usr/bin/cmake --build /home/kidd/agv_station/build/station_launch -- -j6 -l6
[2.190s] Invoked command in '/home/kidd/agv_station/build/station_launch' returned '0': CMAKE_PREFIX_PATH=${CMAKE_PREFIX_PATH}:/home/kidd/agv_station/install/amr_v4_station:/opt/ros/galactic /usr/bin/cmake --build /home/kidd/agv_station/build/station_launch -- -j6 -l6
[2.499s] Invoking command in '/home/kidd/agv_station/build/station_launch': CMAKE_PREFIX_PATH=${CMAKE_PREFIX_PATH}:/home/kidd/agv_station/install/amr_v4_station:/opt/ros/galactic /usr/bin/cmake --install /home/kidd/agv_station/build/station_launch
[2.546s] -- Install configuration: ""
[2.548s] -- Up-to-date: /home/kidd/agv_station/install/station_launch/share/ament_index/resource_index/package_run_dependencies/station_launch
[2.550s] -- Up-to-date: /home/kidd/agv_station/install/station_launch/share/ament_index/resource_index/parent_prefix_path/station_launch
[2.551s] -- Up-to-date: /home/kidd/agv_station/install/station_launch/share/station_launch/environment/ament_prefix_path.sh
[2.554s] -- Up-to-date: /home/kidd/agv_station/install/station_launch/share/station_launch/environment/ament_prefix_path.dsv
[2.557s] -- Up-to-date: /home/kidd/agv_station/install/station_launch/share/station_launch/environment/path.sh
[2.558s] -- Up-to-date: /home/kidd/agv_station/install/station_launch/share/station_launch/environment/path.dsv
[2.559s] -- Up-to-date: /home/kidd/agv_station/install/station_launch/share/station_launch/local_setup.bash
[2.560s] -- Up-to-date: /home/kidd/agv_station/install/station_launch/share/station_launch/local_setup.sh
[2.560s] -- Up-to-date: /home/kidd/agv_station/install/station_launch/share/station_launch/local_setup.zsh
[2.561s] -- Up-to-date: /home/kidd/agv_station/install/station_launch/share/station_launch/local_setup.dsv
[2.563s] -- Up-to-date: /home/kidd/agv_station/install/station_launch/share/station_launch/package.dsv
[2.563s] -- Up-to-date: /home/kidd/agv_station/install/station_launch/share/ament_index/resource_index/packages/station_launch
[2.564s] -- Up-to-date: /home/kidd/agv_station/install/station_launch/share/station_launch/cmake/station_launchConfig.cmake
[2.564s] -- Up-to-date: /home/kidd/agv_station/install/station_launch/share/station_launch/cmake/station_launchConfig-version.cmake
[2.565s] -- Up-to-date: /home/kidd/agv_station/install/station_launch/share/station_launch/package.xml
[2.584s] Invoked command in '/home/kidd/agv_station/build/station_launch' returned '0': CMAKE_PREFIX_PATH=${CMAKE_PREFIX_PATH}:/home/kidd/agv_station/install/amr_v4_station:/opt/ros/galactic /usr/bin/cmake --install /home/kidd/agv_station/build/station_launch
