[2.054s] Invoking command in '/home/kidd/agv_station/build/station_launch': CMAKE_PREFIX_PATH=${CMAKE_PREFIX_PATH}:/home/kidd/agv_station/install/amr_v4_station:/opt/ros/galactic /usr/bin/cmake --build /home/kidd/agv_station/build/station_launch -- -j6 -l6
[2.270s] Invoked command in '/home/kidd/agv_station/build/station_launch' returned '0': CMAKE_PREFIX_PATH=${CMAKE_PREFIX_PATH}:/home/kidd/agv_station/install/amr_v4_station:/opt/ros/galactic /usr/bin/cmake --build /home/kidd/agv_station/build/station_launch -- -j6 -l6
[2.511s] Invoking command in '/home/kidd/agv_station/build/station_launch': CMAKE_PREFIX_PATH=${CMAKE_PREFIX_PATH}:/home/kidd/agv_station/install/amr_v4_station:/opt/ros/galactic /usr/bin/cmake --install /home/kidd/agv_station/build/station_launch
[2.553s] -- Install configuration: ""
[2.556s] -- Up-to-date: /home/kidd/agv_station/install/station_launch/share/ament_index/resource_index/package_run_dependencies/station_launch
[2.557s] -- Up-to-date: /home/kidd/agv_station/install/station_launch/share/ament_index/resource_index/parent_prefix_path/station_launch
[2.558s] -- Up-to-date: /home/kidd/agv_station/install/station_launch/share/station_launch/environment/ament_prefix_path.sh
[2.559s] -- Up-to-date: /home/kidd/agv_station/install/station_launch/share/station_launch/environment/ament_prefix_path.dsv
[2.560s] -- Up-to-date: /home/kidd/agv_station/install/station_launch/share/station_launch/environment/path.sh
[2.562s] -- Up-to-date: /home/kidd/agv_station/install/station_launch/share/station_launch/environment/path.dsv
[2.563s] -- Up-to-date: /home/kidd/agv_station/install/station_launch/share/station_launch/local_setup.bash
[2.563s] -- Up-to-date: /home/kidd/agv_station/install/station_launch/share/station_launch/local_setup.sh
[2.565s] -- Up-to-date: /home/kidd/agv_station/install/station_launch/share/station_launch/local_setup.zsh
[2.566s] -- Up-to-date: /home/kidd/agv_station/install/station_launch/share/station_launch/local_setup.dsv
[2.567s] -- Installing: /home/kidd/agv_station/install/station_launch/share/station_launch/package.dsv
[2.569s] -- Up-to-date: /home/kidd/agv_station/install/station_launch/share/ament_index/resource_index/packages/station_launch
[2.572s] -- Up-to-date: /home/kidd/agv_station/install/station_launch/share/station_launch/cmake/station_launchConfig.cmake
[2.575s] -- Up-to-date: /home/kidd/agv_station/install/station_launch/share/station_launch/cmake/station_launchConfig-version.cmake
[2.585s] -- Up-to-date: /home/kidd/agv_station/install/station_launch/share/station_launch/package.xml
[2.586s] Invoked command in '/home/kidd/agv_station/build/station_launch' returned '0': CMAKE_PREFIX_PATH=${CMAKE_PREFIX_PATH}:/home/kidd/agv_station/install/amr_v4_station:/opt/ros/galactic /usr/bin/cmake --install /home/kidd/agv_station/build/station_launch
