[1.164s] DEBUG:colcon:Command line arguments: ['/usr/bin/colcon', 'build']
[1.165s] DEBUG:colcon:Parsed command line arguments: Namespace(allow_overriding=[], ament_cmake_args=None, base_paths=['.'], build_base='build', catkin_cmake_args=None, catkin_skip_building_tests=False, cmake_args=None, cmake_clean_cache=False, cmake_clean_first=False, cmake_force_configure=False, cmake_target=None, cmake_target_skip_unavailable=False, continue_on_error=False, event_handlers=None, executor='parallel', ignore_user_meta=False, install_base='install', log_base=None, log_level=None, main=<bound method BuildVerb.main of <colcon_core.verb.build.BuildVerb object at 0xffffac5d08e0>>, merge_install=False, metas=['./colcon.meta'], packages_above=None, packages_above_and_dependencies=None, packages_above_depth=None, packages_end=None, packages_ignore=None, packages_ignore_regex=None, packages_select=None, packages_select_build_failed=False, packages_select_by_dep=None, packages_select_regex=None, packages_select_test_failures=False, packages_skip=None, packages_skip_build_finished=False, packages_skip_by_dep=None, packages_skip_regex=None, packages_skip_test_passed=False, packages_skip_up_to=None, packages_start=None, packages_up_to=None, packages_up_to_regex=None, parallel_workers=6, paths=None, symlink_install=False, test_result_base=None, verb_extension=<colcon_core.verb.build.BuildVerb object at 0xffffac5d08e0>, verb_name='build', verb_parser=<colcon_defaults.argument_parser.defaults.DefaultArgumentsDecorator object at 0xffffac4cc400>)
[1.446s] Level 1:colcon.colcon_core.package_discovery:discover_packages(colcon_meta) check parameters
[1.447s] Level 1:colcon.colcon_core.package_discovery:discover_packages(recursive) check parameters
[1.447s] Level 1:colcon.colcon_core.package_discovery:discover_packages(ignore) check parameters
[1.447s] Level 1:colcon.colcon_core.package_discovery:discover_packages(path) check parameters
[1.447s] Level 1:colcon.colcon_core.package_discovery:discover_packages(colcon_meta) discover
[1.448s] Level 1:colcon.colcon_core.package_discovery:discover_packages(recursive) discover
[1.448s] INFO:colcon.colcon_core.package_discovery:Crawling recursively for packages in '/home/kidd/agv_station'
[1.449s] Level 1:colcon.colcon_core.package_identification:_identify(.) by extensions ['ignore', 'ignore_ament_install']
[1.449s] Level 1:colcon.colcon_core.package_identification:_identify(.) by extension 'ignore'
[1.450s] Level 1:colcon.colcon_core.package_identification:_identify(.) by extension 'ignore_ament_install'
[1.450s] Level 1:colcon.colcon_core.package_identification:_identify(.) by extensions ['colcon_pkg']
[1.450s] Level 1:colcon.colcon_core.package_identification:_identify(.) by extension 'colcon_pkg'
[1.450s] Level 1:colcon.colcon_core.package_identification:_identify(.) by extensions ['colcon_meta']
[1.451s] Level 1:colcon.colcon_core.package_identification:_identify(.) by extension 'colcon_meta'
[1.451s] Level 1:colcon.colcon_core.package_identification:_identify(.) by extensions ['ros']
[1.451s] Level 1:colcon.colcon_core.package_identification:_identify(.) by extension 'ros'
[1.536s] Level 1:colcon.colcon_core.package_identification:_identify(.) by extensions ['cmake', 'python']
[1.537s] Level 1:colcon.colcon_core.package_identification:_identify(.) by extension 'cmake'
[1.537s] Level 1:colcon.colcon_core.package_identification:_identify(.) by extension 'python'
[1.537s] Level 1:colcon.colcon_core.package_identification:_identify(.) by extensions ['python_setup_py']
[1.537s] Level 1:colcon.colcon_core.package_identification:_identify(.) by extension 'python_setup_py'
[1.538s] Level 1:colcon.colcon_core.package_identification:_identify(build) by extensions ['ignore', 'ignore_ament_install']
[1.539s] Level 1:colcon.colcon_core.package_identification:_identify(build) by extension 'ignore'
[1.539s] Level 1:colcon.colcon_core.package_identification:_identify(build) ignored
[1.540s] Level 1:colcon.colcon_core.package_identification:_identify(install) by extensions ['ignore', 'ignore_ament_install']
[1.540s] Level 1:colcon.colcon_core.package_identification:_identify(install) by extension 'ignore'
[1.540s] Level 1:colcon.colcon_core.package_identification:_identify(install) ignored
[1.541s] Level 1:colcon.colcon_core.package_identification:_identify(log) by extensions ['ignore', 'ignore_ament_install']
[1.541s] Level 1:colcon.colcon_core.package_identification:_identify(log) by extension 'ignore'
[1.542s] Level 1:colcon.colcon_core.package_identification:_identify(log) ignored
[1.542s] Level 1:colcon.colcon_core.package_discovery:discover_packages(recursive) using defaults
[1.542s] Level 1:colcon.colcon_core.package_discovery:discover_packages(ignore) discover
[1.542s] Level 1:colcon.colcon_core.package_discovery:discover_packages(ignore) using defaults
[1.542s] Level 1:colcon.colcon_core.package_discovery:discover_packages(path) discover
[1.542s] Level 1:colcon.colcon_core.package_discovery:discover_packages(path) using defaults
[1.638s] Level 1:colcon.colcon_core.package_discovery:discover_packages(prefix_path) check parameters
[1.638s] Level 1:colcon.colcon_core.package_discovery:discover_packages(prefix_path) discover
[1.644s] WARNING:colcon.colcon_core.prefix_path.colcon:The path '/home/kidd/agv_gui/install' in the environment variable COLCON_PREFIX_PATH doesn't exist
[1.644s] WARNING:colcon.colcon_ros.prefix_path.ament:The path '/home/kidd/agv_station/install/amr_v4_station' in the environment variable AMENT_PREFIX_PATH doesn't exist
[1.644s] WARNING:colcon.colcon_ros.prefix_path.ament:The path '/home/kidd/agv_station/install/amr_v4_qt' in the environment variable AMENT_PREFIX_PATH doesn't exist
[1.645s] WARNING:colcon.colcon_ros.prefix_path.ament:The path '/home/kidd/agv_station/install/amr_v4_msgs_srvs' in the environment variable AMENT_PREFIX_PATH doesn't exist
[1.645s] WARNING:colcon.colcon_ros.prefix_path.ament:The path '/home/kidd/agv_gui/install/amr_v4_station' in the environment variable AMENT_PREFIX_PATH doesn't exist
[1.645s] WARNING:colcon.colcon_ros.prefix_path.ament:The path '/home/kidd/agv_gui/install/amr_v4_qt' in the environment variable AMENT_PREFIX_PATH doesn't exist
[1.645s] WARNING:colcon.colcon_ros.prefix_path.catkin:The path '/home/kidd/agv_station/install/amr_v4_qt' in the environment variable CMAKE_PREFIX_PATH doesn't exist
[1.646s] WARNING:colcon.colcon_ros.prefix_path.catkin:The path '/home/kidd/agv_station/install/amr_v4_msgs_srvs' in the environment variable CMAKE_PREFIX_PATH doesn't exist
[1.646s] WARNING:colcon.colcon_ros.prefix_path.catkin:The path '/home/kidd/agv_gui/install/amr_v4_qt' in the environment variable CMAKE_PREFIX_PATH doesn't exist
[1.646s] WARNING:colcon.colcon_ros.prefix_path.catkin:The path '/home/kidd/agv_gui/install/amr_v4_msgs_srvs' in the environment variable CMAKE_PREFIX_PATH doesn't exist
[1.651s] DEBUG:colcon.colcon_installed_package_information.package_discovery:Found 0 installed packages in /home/kidd/agv_station/install
[1.660s] DEBUG:colcon.colcon_installed_package_information.package_discovery:Found 268 installed packages in /opt/ros/galactic
[1.670s] Level 1:colcon.colcon_core.package_discovery:discover_packages(prefix_path) using defaults
[1.979s] INFO:colcon.colcon_core.executor:Executing jobs using 'parallel' executor
[1.984s] DEBUG:colcon.colcon_parallel_executor.executor.parallel:run_until_complete
[1.985s] DEBUG:colcon.colcon_parallel_executor.executor.parallel:closing loop
[1.986s] DEBUG:colcon.colcon_parallel_executor.executor.parallel:loop closed
[1.986s] DEBUG:colcon.colcon_parallel_executor.executor.parallel:run_until_complete finished with '0'
[1.986s] DEBUG:colcon.colcon_core.event_reactor:joining thread
[2.012s] INFO:colcon.colcon_core.plugin_system:Skipping extension 'colcon_notification.desktop_notification.terminal_notifier': Not used on non-Darwin systems
[2.013s] INFO:colcon.colcon_core.plugin_system:Skipping extension 'colcon_notification.desktop_notification.win32': Not used on non-Windows systems
[2.013s] INFO:colcon.colcon_notification.desktop_notification:Sending desktop notification using 'notify2'
[2.112s] DEBUG:colcon.colcon_core.event_reactor:joined thread
[2.126s] INFO:colcon.colcon_core.plugin_system:Skipping extension 'colcon_core.shell.bat': Not used on non-Windows systems
[2.128s] INFO:colcon.colcon_core.shell:Creating prefix script '/home/kidd/agv_station/install/local_setup.ps1'
[2.134s] INFO:colcon.colcon_core.shell:Creating prefix util module '/home/kidd/agv_station/install/_local_setup_util_ps1.py'
[2.139s] INFO:colcon.colcon_core.shell:Creating prefix chain script '/home/kidd/agv_station/install/setup.ps1'
[2.150s] INFO:colcon.colcon_core.shell:Creating prefix script '/home/kidd/agv_station/install/local_setup.sh'
[2.154s] INFO:colcon.colcon_core.shell:Creating prefix util module '/home/kidd/agv_station/install/_local_setup_util_sh.py'
[2.157s] INFO:colcon.colcon_core.shell:Creating prefix chain script '/home/kidd/agv_station/install/setup.sh'
[2.162s] INFO:colcon.colcon_core.shell:Creating prefix script '/home/kidd/agv_station/install/local_setup.bash'
[2.164s] INFO:colcon.colcon_core.shell:Creating prefix chain script '/home/kidd/agv_station/install/setup.bash'
[2.170s] INFO:colcon.colcon_core.shell:Creating prefix script '/home/kidd/agv_station/install/local_setup.zsh'
[2.172s] INFO:colcon.colcon_core.shell:Creating prefix chain script '/home/kidd/agv_station/install/setup.zsh'
