[4.087s] Invoking command in '/home/kidd/agv_station/build/amr_v4_station': PYTHONPATH=/home/kidd/agv_station/build/amr_v4_station/prefix_override:/home/kidd/agv_station/install/amr_v4_station/lib/python3.8/site-packages:${PYTHONPATH} /usr/bin/python3 -W ignore:setup.py install is deprecated setup.py develop --uninstall --editable --build-directory /home/kidd/agv_station/build/amr_v4_station/build
[5.773s] running develop
[6.894s] Invoked command in '/home/kidd/agv_station/build/amr_v4_station' returned '0': PYTHONPATH=/home/kidd/agv_station/build/amr_v4_station/prefix_override:/home/kidd/agv_station/install/amr_v4_station/lib/python3.8/site-packages:${PYTHONPATH} /usr/bin/python3 -W ignore:setup.py install is deprecated setup.py develop --uninstall --editable --build-directory /home/kidd/agv_station/build/amr_v4_station/build
[6.925s] Invoking command in '/home/kidd/agv_station/src/amr_v4_station': PYTHONPATH=/home/kidd/agv_station/build/amr_v4_station/prefix_override:/home/kidd/agv_station/install/amr_v4_station/lib/python3.8/site-packages:${PYTHONPATH} /usr/bin/python3 -W ignore:setup.py install is deprecated setup.py egg_info --egg-base ../../build/amr_v4_station build --build-base /home/kidd/agv_station/build/amr_v4_station/build install --record /home/kidd/agv_station/build/amr_v4_station/install.log --single-version-externally-managed install_data --force
[8.326s] running egg_info
[8.355s] writing manifest file '../../build/amr_v4_station/amr_v4_station.egg-info/SOURCES.txt'
[8.356s] running build
[8.357s] running build_py
[8.358s] copying amr_v4_station/station.py -> /home/kidd/agv_station/build/amr_v4_station/build/lib/amr_v4_station
[8.359s] running install
[8.362s] running install_lib
[8.366s] creating /home/kidd/agv_station/install/amr_v4_station/lib/python3.8/site-packages/amr_v4_station
[8.372s] byte-compiling /home/kidd/agv_station/install/amr_v4_station/lib/python3.8/site-packages/amr_v4_station/station.py to station.cpython-38.pyc
[8.375s] byte-compiling /home/kidd/agv_station/install/amr_v4_station/lib/python3.8/site-packages/amr_v4_station/__init__.py to __init__.cpython-38.pyc
[8.378s] running install_data
[8.379s] copying resource/amr_v4_station -> /home/kidd/agv_station/install/amr_v4_station/share/ament_index/resource_index/packages
[8.379s] copying package.xml -> /home/kidd/agv_station/install/amr_v4_station/share/amr_v4_station
[8.380s] running install_egg_info
[8.389s] Copying ../../build/amr_v4_station/amr_v4_station.egg-info to /home/kidd/agv_station/install/amr_v4_station/lib/python3.8/site-packages/amr_v4_station-0.0.0-py3.8.egg-info
[8.395s] running install_scripts
[8.495s] writing list of installed files to '/home/kidd/agv_station/build/amr_v4_station/install.log'
[8.597s] Invoked command in '/home/kidd/agv_station/src/amr_v4_station' returned '0': PYTHONPATH=/home/kidd/agv_station/build/amr_v4_station/prefix_override:/home/kidd/agv_station/install/amr_v4_station/lib/python3.8/site-packages:${PYTHONPATH} /usr/bin/python3 -W ignore:setup.py install is deprecated setup.py egg_info --egg-base ../../build/amr_v4_station build --build-base /home/kidd/agv_station/build/amr_v4_station/build install --record /home/kidd/agv_station/build/amr_v4_station/install.log --single-version-externally-managed install_data --force
