[1.873s] Invoking command in '/home/kidd/agv_station/build/station_launch': CMAKE_PREFIX_PATH=${CMAKE_PREFIX_PATH}:/home/kidd/agv_station/install/amr_v4_station:/opt/ros/galactic /usr/bin/cmake --build /home/kidd/agv_station/build/station_launch -- -j6 -l6
[2.120s] Invoked command in '/home/kidd/agv_station/build/station_launch' returned '0': CMAKE_PREFIX_PATH=${CMAKE_PREFIX_PATH}:/home/kidd/agv_station/install/amr_v4_station:/opt/ros/galactic /usr/bin/cmake --build /home/kidd/agv_station/build/station_launch -- -j6 -l6
[2.324s] Invoking command in '/home/kidd/agv_station/build/station_launch': CMAKE_PREFIX_PATH=${CMAKE_PREFIX_PATH}:/home/kidd/agv_station/install/amr_v4_station:/opt/ros/galactic /usr/bin/cmake --install /home/kidd/agv_station/build/station_launch
[2.370s] -- Install configuration: ""
[2.371s] -- Up-to-date: /home/kidd/agv_station/install/station_launch/share/ament_index/resource_index/package_run_dependencies/station_launch
[2.372s] -- Up-to-date: /home/kidd/agv_station/install/station_launch/share/ament_index/resource_index/parent_prefix_path/station_launch
[2.375s] -- Up-to-date: /home/kidd/agv_station/install/station_launch/share/station_launch/environment/ament_prefix_path.sh
[2.376s] -- Up-to-date: /home/kidd/agv_station/install/station_launch/share/station_launch/environment/ament_prefix_path.dsv
[2.377s] -- Up-to-date: /home/kidd/agv_station/install/station_launch/share/station_launch/environment/path.sh
[2.377s] -- Up-to-date: /home/kidd/agv_station/install/station_launch/share/station_launch/environment/path.dsv
[2.378s] -- Up-to-date: /home/kidd/agv_station/install/station_launch/share/station_launch/local_setup.bash
[2.380s] -- Up-to-date: /home/kidd/agv_station/install/station_launch/share/station_launch/local_setup.sh
[2.381s] -- Up-to-date: /home/kidd/agv_station/install/station_launch/share/station_launch/local_setup.zsh
[2.381s] -- Up-to-date: /home/kidd/agv_station/install/station_launch/share/station_launch/local_setup.dsv
[2.382s] -- Installing: /home/kidd/agv_station/install/station_launch/share/station_launch/package.dsv
[2.382s] -- Up-to-date: /home/kidd/agv_station/install/station_launch/share/ament_index/resource_index/packages/station_launch
[2.383s] -- Up-to-date: /home/kidd/agv_station/install/station_launch/share/station_launch/cmake/station_launchConfig.cmake
[2.383s] -- Up-to-date: /home/kidd/agv_station/install/station_launch/share/station_launch/cmake/station_launchConfig-version.cmake
[2.396s] -- Up-to-date: /home/kidd/agv_station/install/station_launch/share/station_launch/package.xml
[2.403s] Invoked command in '/home/kidd/agv_station/build/station_launch' returned '0': CMAKE_PREFIX_PATH=${CMAKE_PREFIX_PATH}:/home/kidd/agv_station/install/amr_v4_station:/opt/ros/galactic /usr/bin/cmake --install /home/kidd/agv_station/build/station_launch
