[1.672s] Invoking command in '/home/kidd/agv_station/build/station_launch': CMAKE_PREFIX_PATH=/home/kidd/agv_station/install/amr_v4_station:/opt/ros/galactic /usr/bin/cmake /home/kidd/agv_station/src/station_launch -DCMAKE_INSTALL_PREFIX=/home/kidd/agv_station/install/station_launch
[2.094s] -- The C compiler identification is GNU 9.4.0
[2.488s] -- The CXX compiler identification is GNU 9.4.0
[2.522s] -- Check for working C compiler: /usr/bin/cc
[2.974s] -- Check for working C compiler: /usr/bin/cc -- works
[2.981s] -- Detecting C compiler ABI info
[3.417s] -- Detecting C compiler ABI info - done
[3.496s] -- Detecting C compile features
[3.498s] -- Detecting C compile features - done
[3.517s] -- Check for working CXX compiler: /usr/bin/c++
[4.038s] -- Check for working CXX compiler: /usr/bin/c++ -- works
[4.043s] -- Detecting CXX compiler ABI info
[4.531s] -- Detecting CXX compiler ABI info - done
[4.606s] -- Detecting CXX compile features
[4.609s] -- Detecting CXX compile features - done
[4.628s] -- Found ament_cmake: 1.1.6 (/opt/ros/galactic/share/ament_cmake/cmake)
[4.803s] -- Found PythonInterp: /usr/bin/python3 (found suitable version "3.8.10", minimum required is "3") 
[4.804s] -- Using PYTHON_EXECUTABLE: /usr/bin/python3
[5.307s] -- Found ament_lint_auto: 0.10.7 (/opt/ros/galactic/share/ament_lint_auto/cmake)
[5.784s] -- Added test 'copyright' to check source files copyright and LICENSE
[5.795s] -- Added test 'flake8' to check Python code syntax and style conventions
[5.799s] -- Added test 'lint_cmake' to check CMake code style
[5.802s] -- Added test 'pep257' to check Python code against some of the style conventions in PEP 257
[5.808s] -- Added test 'xmllint' to check XML markup files
[5.825s] -- Configuring done
[5.840s] -- Generating done
[5.846s] -- Build files have been written to: /home/kidd/agv_station/build/station_launch
[5.873s] Invoked command in '/home/kidd/agv_station/build/station_launch' returned '0': CMAKE_PREFIX_PATH=/home/kidd/agv_station/install/amr_v4_station:/opt/ros/galactic /usr/bin/cmake /home/kidd/agv_station/src/station_launch -DCMAKE_INSTALL_PREFIX=/home/kidd/agv_station/install/station_launch
[5.898s] Invoking command in '/home/kidd/agv_station/build/station_launch': CMAKE_PREFIX_PATH=/home/kidd/agv_station/install/amr_v4_station:/opt/ros/galactic /usr/bin/cmake --build /home/kidd/agv_station/build/station_launch -- -j6 -l6
[6.106s] Invoked command in '/home/kidd/agv_station/build/station_launch' returned '0': CMAKE_PREFIX_PATH=/home/kidd/agv_station/install/amr_v4_station:/opt/ros/galactic /usr/bin/cmake --build /home/kidd/agv_station/build/station_launch -- -j6 -l6
[6.300s] Invoking command in '/home/kidd/agv_station/build/station_launch': CMAKE_PREFIX_PATH=/home/kidd/agv_station/install/amr_v4_station:/opt/ros/galactic /usr/bin/cmake --install /home/kidd/agv_station/build/station_launch
[6.342s] -- Install configuration: ""
[6.345s] -- Installing: /home/kidd/agv_station/install/station_launch/share/ament_index/resource_index/package_run_dependencies/station_launch
[6.346s] -- Installing: /home/kidd/agv_station/install/station_launch/share/ament_index/resource_index/parent_prefix_path/station_launch
[6.347s] -- Installing: /home/kidd/agv_station/install/station_launch/share/station_launch/environment/ament_prefix_path.sh
[6.349s] -- Installing: /home/kidd/agv_station/install/station_launch/share/station_launch/environment/ament_prefix_path.dsv
[6.350s] -- Installing: /home/kidd/agv_station/install/station_launch/share/station_launch/environment/path.sh
[6.351s] -- Installing: /home/kidd/agv_station/install/station_launch/share/station_launch/environment/path.dsv
[6.352s] -- Installing: /home/kidd/agv_station/install/station_launch/share/station_launch/local_setup.bash
[6.353s] -- Installing: /home/kidd/agv_station/install/station_launch/share/station_launch/local_setup.sh
[6.354s] -- Installing: /home/kidd/agv_station/install/station_launch/share/station_launch/local_setup.zsh
[6.356s] -- Installing: /home/kidd/agv_station/install/station_launch/share/station_launch/local_setup.dsv
[6.359s] -- Installing: /home/kidd/agv_station/install/station_launch/share/station_launch/package.dsv
[6.360s] -- Installing: /home/kidd/agv_station/install/station_launch/share/ament_index/resource_index/packages/station_launch
[6.360s] -- Installing: /home/kidd/agv_station/install/station_launch/share/station_launch/cmake/station_launchConfig.cmake
[6.361s] -- Installing: /home/kidd/agv_station/install/station_launch/share/station_launch/cmake/station_launchConfig-version.cmake
[6.363s] -- Installing: /home/kidd/agv_station/install/station_launch/share/station_launch/package.xml
[6.380s] Invoked command in '/home/kidd/agv_station/build/station_launch' returned '0': CMAKE_PREFIX_PATH=/home/kidd/agv_station/install/amr_v4_station:/opt/ros/galactic /usr/bin/cmake --install /home/kidd/agv_station/build/station_launch
