running develop
/home/kidd/.local/lib/python3.8/site-packages/setuptools/command/develop.py:40: EasyInstallDeprecationWarning: easy_install command is deprecated.
!!

        ********************************************************************************
        Please avoid running ``setup.py`` and ``easy_install``.
        Instead, use pypa/build, pypa/installer or other
        standards-based tools.

        See https://github.com/pypa/setuptools/issues/917 for details.
        ********************************************************************************

!!
  easy_install.initialize_options(self)
running egg_info
creating amr_v4_station.egg-info
writing amr_v4_station.egg-info/PKG-INFO
writing dependency_links to amr_v4_station.egg-info/dependency_links.txt
writing entry points to amr_v4_station.egg-info/entry_points.txt
writing requirements to amr_v4_station.egg-info/requires.txt
writing top-level names to amr_v4_station.egg-info/top_level.txt
writing manifest file 'amr_v4_station.egg-info/SOURCES.txt'
reading manifest file 'amr_v4_station.egg-info/SOURCES.txt'
writing manifest file 'amr_v4_station.egg-info/SOURCES.txt'
running build_ext
Creating /home/kidd/agv_station/install/amr_v4_station/lib/python3.8/site-packages/amr-v4-station.egg-link (link to .)
Installing station script to /home/kidd/agv_station/install/amr_v4_station/lib/amr_v4_station

Installed /home/kidd/agv_station/build/amr_v4_station
running symlink_data
creating /home/kidd/agv_station/install/amr_v4_station/share/ament_index
creating /home/kidd/agv_station/install/amr_v4_station/share/ament_index/resource_index
creating /home/kidd/agv_station/install/amr_v4_station/share/ament_index/resource_index/packages
symbolically linking /home/kidd/agv_station/build/amr_v4_station/resource/amr_v4_station -> /home/kidd/agv_station/install/amr_v4_station/share/ament_index/resource_index/packages
symbolically linking /home/kidd/agv_station/build/amr_v4_station/package.xml -> /home/kidd/agv_station/install/amr_v4_station/share/amr_v4_station
