[0.268s] Invoking command in '/home/kidd/agv_station/build/amr_v4_msgs_srvs': CMAKE_PREFIX_PATH=${CMAKE_PREFIX_PATH}:/home/kidd/agv_station/install/amr_v4_station:/opt/ros/galactic /usr/bin/cmake --build /home/kidd/agv_station/build/amr_v4_msgs_srvs -- -j6 -l6
[2.208s] -- Found ament_cmake: 1.1.6 (/opt/ros/galactic/share/ament_cmake/cmake)
[2.209s] -- Found PythonInterp: /usr/bin/python3 (found suitable version "3.8.10", minimum required is "3") 
[2.213s] -- Using PYTHON_EXECUTABLE: /usr/bin/python3
[2.217s] -- Found rosidl_default_generators: 1.1.1 (/opt/ros/galactic/share/rosidl_default_generators/cmake)
[2.221s] -- Using all available rosidl_typesupport_c: rosidl_typesupport_fastrtps_c;rosidl_typesupport_introspection_c
[2.234s] -- Found rosidl_adapter: 2.2.3 (/opt/ros/galactic/share/rosidl_adapter/cmake)
[2.243s] -- Using all available rosidl_typesupport_cpp: rosidl_typesupport_fastrtps_cpp;rosidl_typesupport_introspection_cpp
[2.251s] -- Found PythonInterp: /usr/bin/python3 (found version "3.8.10") 
[2.985s] -- Found ament_cmake_ros: 0.9.2 (/opt/ros/galactic/share/ament_cmake_ros/cmake)
[3.567s] -- Using all available rosidl_typesupport_c: rosidl_typesupport_fastrtps_c;rosidl_typesupport_introspection_c
[3.614s] -- Using all available rosidl_typesupport_cpp: rosidl_typesupport_fastrtps_cpp;rosidl_typesupport_introspection_cpp
[3.781s] -- Found PythonInterp: /usr/bin/python3 (found suitable version "3.8.10", minimum required is "3.5") 
[3.783s] -- Found python_cmake_module: 0.8.1 (/opt/ros/galactic/share/python_cmake_module/cmake)
[3.936s] -- Using PYTHON_EXECUTABLE: /usr/bin/python3
[3.936s] -- Using PYTHON_INCLUDE_DIRS: /usr/include/python3.8
[3.937s] -- Using PYTHON_LIBRARIES: /usr/lib/aarch64-linux-gnu/libpython3.8.so
[4.075s] -- Configuring done
[4.319s] -- Generating done
[4.348s] -- Build files have been written to: /home/kidd/agv_station/build/amr_v4_msgs_srvs
[4.637s] [  6%] Built target amr_v4_msgs_srvs__cpp
[4.644s] [ 12%] Built target amr_v4_msgs_srvs__rosidl_generator_c
[4.854s] [ 22%] Built target amr_v4_msgs_srvs__rosidl_typesupport_cpp
[4.870s] [ 32%] Built target amr_v4_msgs_srvs__rosidl_typesupport_introspection_c
[4.880s] [ 41%] Built target amr_v4_msgs_srvs__rosidl_typesupport_introspection_cpp
[4.908s] [ 51%] Built target amr_v4_msgs_srvs__rosidl_typesupport_c
[4.912s] [ 61%] Built target amr_v4_msgs_srvs__rosidl_typesupport_fastrtps_cpp
[5.070s] [ 70%] Built target amr_v4_msgs_srvs__rosidl_typesupport_fastrtps_c
[5.197s] [ 70%] Built target amr_v4_msgs_srvs
[5.319s] [ 74%] Built target amr_v4_msgs_srvs__py
[5.478s] [ 80%] Built target amr_v4_msgs_srvs__python
[5.698s] [ 87%] Built target amr_v4_msgs_srvs__rosidl_typesupport_introspection_c__pyext
[5.756s] [ 93%] Built target amr_v4_msgs_srvs__rosidl_typesupport_c__pyext
[5.773s] [100%] Built target amr_v4_msgs_srvs__rosidl_typesupport_fastrtps_c__pyext
[5.879s] Invoked command in '/home/kidd/agv_station/build/amr_v4_msgs_srvs' returned '0': CMAKE_PREFIX_PATH=${CMAKE_PREFIX_PATH}:/home/kidd/agv_station/install/amr_v4_station:/opt/ros/galactic /usr/bin/cmake --build /home/kidd/agv_station/build/amr_v4_msgs_srvs -- -j6 -l6
[6.220s] Invoking command in '/home/kidd/agv_station/build/amr_v4_msgs_srvs': CMAKE_PREFIX_PATH=${CMAKE_PREFIX_PATH}:/home/kidd/agv_station/install/amr_v4_station:/opt/ros/galactic /usr/bin/cmake --install /home/kidd/agv_station/build/amr_v4_msgs_srvs
[6.271s] -- Install configuration: ""
[6.272s] -- Up-to-date: /home/kidd/agv_station/install/amr_v4_msgs_srvs/share/ament_index/resource_index/rosidl_interfaces/amr_v4_msgs_srvs
[6.273s] -- Up-to-date: /home/kidd/agv_station/install/amr_v4_msgs_srvs/include/amr_v4_msgs_srvs
[6.274s] -- Up-to-date: /home/kidd/agv_station/install/amr_v4_msgs_srvs/include/amr_v4_msgs_srvs/msg
[6.275s] -- Up-to-date: /home/kidd/agv_station/install/amr_v4_msgs_srvs/include/amr_v4_msgs_srvs/msg/detail
[6.275s] -- Up-to-date: /home/kidd/agv_station/install/amr_v4_msgs_srvs/include/amr_v4_msgs_srvs/msg/detail/sensor__functions.c
[6.276s] -- Up-to-date: /home/kidd/agv_station/install/amr_v4_msgs_srvs/include/amr_v4_msgs_srvs/msg/detail/sensor__functions.h
[6.277s] -- Up-to-date: /home/kidd/agv_station/install/amr_v4_msgs_srvs/include/amr_v4_msgs_srvs/msg/detail/sensor__struct.h
[6.277s] -- Up-to-date: /home/kidd/agv_station/install/amr_v4_msgs_srvs/include/amr_v4_msgs_srvs/msg/detail/sensor__type_support.h
[6.278s] -- Up-to-date: /home/kidd/agv_station/install/amr_v4_msgs_srvs/include/amr_v4_msgs_srvs/msg/sensor.h
[6.279s] -- Up-to-date: /home/kidd/agv_station/install/amr_v4_msgs_srvs/include/amr_v4_msgs_srvs/msg/rosidl_generator_c__visibility_control.h
[6.279s] -- Up-to-date: /home/kidd/agv_station/install/amr_v4_msgs_srvs/share/amr_v4_msgs_srvs/environment/library_path.sh
[6.280s] -- Installing: /home/kidd/agv_station/install/amr_v4_msgs_srvs/share/amr_v4_msgs_srvs/environment/library_path.dsv
[6.283s] -- Up-to-date: /home/kidd/agv_station/install/amr_v4_msgs_srvs/lib/libamr_v4_msgs_srvs__rosidl_generator_c.so
[6.283s] -- Up-to-date: /home/kidd/agv_station/install/amr_v4_msgs_srvs/include/amr_v4_msgs_srvs
[6.284s] -- Up-to-date: /home/kidd/agv_station/install/amr_v4_msgs_srvs/include/amr_v4_msgs_srvs/msg
[6.284s] -- Up-to-date: /home/kidd/agv_station/install/amr_v4_msgs_srvs/include/amr_v4_msgs_srvs/msg/detail
[6.285s] -- Up-to-date: /home/kidd/agv_station/install/amr_v4_msgs_srvs/include/amr_v4_msgs_srvs/msg/detail/sensor__rosidl_typesupport_fastrtps_c.h
[6.286s] -- Up-to-date: /home/kidd/agv_station/install/amr_v4_msgs_srvs/include/amr_v4_msgs_srvs/msg/rosidl_typesupport_fastrtps_c__visibility_control.h
[6.286s] -- Up-to-date: /home/kidd/agv_station/install/amr_v4_msgs_srvs/lib/libamr_v4_msgs_srvs__rosidl_typesupport_fastrtps_c.so
[6.287s] -- Up-to-date: /home/kidd/agv_station/install/amr_v4_msgs_srvs/include/amr_v4_msgs_srvs
[6.288s] -- Up-to-date: /home/kidd/agv_station/install/amr_v4_msgs_srvs/include/amr_v4_msgs_srvs/msg
[6.289s] -- Up-to-date: /home/kidd/agv_station/install/amr_v4_msgs_srvs/include/amr_v4_msgs_srvs/msg/detail
[6.289s] -- Up-to-date: /home/kidd/agv_station/install/amr_v4_msgs_srvs/include/amr_v4_msgs_srvs/msg/detail/sensor__rosidl_typesupport_fastrtps_cpp.hpp
[6.290s] -- Up-to-date: /home/kidd/agv_station/install/amr_v4_msgs_srvs/include/amr_v4_msgs_srvs/msg/detail/dds_fastrtps
[6.290s] -- Up-to-date: /home/kidd/agv_station/install/amr_v4_msgs_srvs/include/amr_v4_msgs_srvs/msg/rosidl_typesupport_fastrtps_cpp__visibility_control.h
[6.291s] -- Up-to-date: /home/kidd/agv_station/install/amr_v4_msgs_srvs/lib/libamr_v4_msgs_srvs__rosidl_typesupport_fastrtps_cpp.so
[6.294s] -- Up-to-date: /home/kidd/agv_station/install/amr_v4_msgs_srvs/include/amr_v4_msgs_srvs
[6.294s] -- Up-to-date: /home/kidd/agv_station/install/amr_v4_msgs_srvs/include/amr_v4_msgs_srvs/msg
[6.295s] -- Up-to-date: /home/kidd/agv_station/install/amr_v4_msgs_srvs/include/amr_v4_msgs_srvs/msg/detail
[6.298s] -- Up-to-date: /home/kidd/agv_station/install/amr_v4_msgs_srvs/include/amr_v4_msgs_srvs/msg/detail/sensor__type_support.c
[6.298s] -- Up-to-date: /home/kidd/agv_station/install/amr_v4_msgs_srvs/include/amr_v4_msgs_srvs/msg/detail/sensor__rosidl_typesupport_introspection_c.h
[6.299s] -- Up-to-date: /home/kidd/agv_station/install/amr_v4_msgs_srvs/include/amr_v4_msgs_srvs/msg/rosidl_typesupport_introspection_c__visibility_control.h
[6.300s] -- Up-to-date: /home/kidd/agv_station/install/amr_v4_msgs_srvs/lib/libamr_v4_msgs_srvs__rosidl_typesupport_introspection_c.so
[6.308s] -- Up-to-date: /home/kidd/agv_station/install/amr_v4_msgs_srvs/lib/libamr_v4_msgs_srvs__rosidl_typesupport_c.so
[6.311s] -- Up-to-date: /home/kidd/agv_station/install/amr_v4_msgs_srvs/include/amr_v4_msgs_srvs
[6.314s] -- Up-to-date: /home/kidd/agv_station/install/amr_v4_msgs_srvs/include/amr_v4_msgs_srvs/msg
[6.315s] -- Up-to-date: /home/kidd/agv_station/install/amr_v4_msgs_srvs/include/amr_v4_msgs_srvs/msg/detail
[6.315s] -- Up-to-date: /home/kidd/agv_station/install/amr_v4_msgs_srvs/include/amr_v4_msgs_srvs/msg/detail/sensor__struct.hpp
[6.316s] -- Up-to-date: /home/kidd/agv_station/install/amr_v4_msgs_srvs/include/amr_v4_msgs_srvs/msg/detail/sensor__traits.hpp
[6.316s] -- Up-to-date: /home/kidd/agv_station/install/amr_v4_msgs_srvs/include/amr_v4_msgs_srvs/msg/detail/sensor__builder.hpp
[6.322s] -- Up-to-date: /home/kidd/agv_station/install/amr_v4_msgs_srvs/include/amr_v4_msgs_srvs/msg/sensor.hpp
[6.323s] -- Up-to-date: /home/kidd/agv_station/install/amr_v4_msgs_srvs/include/amr_v4_msgs_srvs
[6.323s] -- Up-to-date: /home/kidd/agv_station/install/amr_v4_msgs_srvs/include/amr_v4_msgs_srvs/msg
[6.324s] -- Up-to-date: /home/kidd/agv_station/install/amr_v4_msgs_srvs/include/amr_v4_msgs_srvs/msg/detail
[6.324s] -- Up-to-date: /home/kidd/agv_station/install/amr_v4_msgs_srvs/include/amr_v4_msgs_srvs/msg/detail/sensor__type_support.cpp
[6.325s] -- Up-to-date: /home/kidd/agv_station/install/amr_v4_msgs_srvs/include/amr_v4_msgs_srvs/msg/detail/sensor__rosidl_typesupport_introspection_cpp.hpp
[6.325s] -- Up-to-date: /home/kidd/agv_station/install/amr_v4_msgs_srvs/lib/libamr_v4_msgs_srvs__rosidl_typesupport_introspection_cpp.so
[6.326s] -- Up-to-date: /home/kidd/agv_station/install/amr_v4_msgs_srvs/lib/libamr_v4_msgs_srvs__rosidl_typesupport_cpp.so
[6.326s] -- Up-to-date: /home/kidd/agv_station/install/amr_v4_msgs_srvs/share/amr_v4_msgs_srvs/environment/pythonpath.sh
[6.327s] -- Installing: /home/kidd/agv_station/install/amr_v4_msgs_srvs/share/amr_v4_msgs_srvs/environment/pythonpath.dsv
[6.327s] -- Installing: /home/kidd/agv_station/install/amr_v4_msgs_srvs/lib/python3.8/site-packages/amr_v4_msgs_srvs/__init__.py
[6.515s] Compiling '/home/kidd/agv_station/install/amr_v4_msgs_srvs/lib/python3.8/site-packages/amr_v4_msgs_srvs/__init__.py'...
[6.541s] -- Up-to-date: /home/kidd/agv_station/install/amr_v4_msgs_srvs/lib/python3.8/site-packages/amr_v4_msgs_srvs/msg
[6.542s] -- Up-to-date: /home/kidd/agv_station/install/amr_v4_msgs_srvs/lib/python3.8/site-packages/amr_v4_msgs_srvs/msg/_sensor.py
[6.544s] -- Up-to-date: /home/kidd/agv_station/install/amr_v4_msgs_srvs/lib/python3.8/site-packages/amr_v4_msgs_srvs/msg/_sensor_s.c
[6.544s] -- Up-to-date: /home/kidd/agv_station/install/amr_v4_msgs_srvs/lib/python3.8/site-packages/amr_v4_msgs_srvs/msg/__init__.py
[6.545s] -- Up-to-date: /home/kidd/agv_station/install/amr_v4_msgs_srvs/lib/python3.8/site-packages/amr_v4_msgs_srvs/amr_v4_msgs_srvs_s__rosidl_typesupport_fastrtps_c.cpython-38-aarch64-linux-gnu.so
[6.548s] -- Up-to-date: /home/kidd/agv_station/install/amr_v4_msgs_srvs/lib/python3.8/site-packages/amr_v4_msgs_srvs/amr_v4_msgs_srvs_s__rosidl_typesupport_introspection_c.cpython-38-aarch64-linux-gnu.so
[6.552s] -- Up-to-date: /home/kidd/agv_station/install/amr_v4_msgs_srvs/lib/python3.8/site-packages/amr_v4_msgs_srvs/amr_v4_msgs_srvs_s__rosidl_typesupport_c.cpython-38-aarch64-linux-gnu.so
[6.556s] -- Up-to-date: /home/kidd/agv_station/install/amr_v4_msgs_srvs/lib/libamr_v4_msgs_srvs__python.so
[6.558s] -- Up-to-date: /home/kidd/agv_station/install/amr_v4_msgs_srvs/share/amr_v4_msgs_srvs/msg/Sensor.idl
[6.559s] -- Up-to-date: /home/kidd/agv_station/install/amr_v4_msgs_srvs/share/amr_v4_msgs_srvs/msg/Sensor.msg
[6.560s] -- Up-to-date: /home/kidd/agv_station/install/amr_v4_msgs_srvs/share/ament_index/resource_index/package_run_dependencies/amr_v4_msgs_srvs
[6.561s] -- Up-to-date: /home/kidd/agv_station/install/amr_v4_msgs_srvs/share/ament_index/resource_index/parent_prefix_path/amr_v4_msgs_srvs
[6.563s] -- Up-to-date: /home/kidd/agv_station/install/amr_v4_msgs_srvs/share/amr_v4_msgs_srvs/environment/ament_prefix_path.sh
[6.564s] -- Installing: /home/kidd/agv_station/install/amr_v4_msgs_srvs/share/amr_v4_msgs_srvs/environment/ament_prefix_path.dsv
[6.566s] -- Up-to-date: /home/kidd/agv_station/install/amr_v4_msgs_srvs/share/amr_v4_msgs_srvs/environment/path.sh
[6.567s] -- Installing: /home/kidd/agv_station/install/amr_v4_msgs_srvs/share/amr_v4_msgs_srvs/environment/path.dsv
[6.567s] -- Up-to-date: /home/kidd/agv_station/install/amr_v4_msgs_srvs/share/amr_v4_msgs_srvs/local_setup.bash
[6.570s] -- Up-to-date: /home/kidd/agv_station/install/amr_v4_msgs_srvs/share/amr_v4_msgs_srvs/local_setup.sh
[6.573s] -- Up-to-date: /home/kidd/agv_station/install/amr_v4_msgs_srvs/share/amr_v4_msgs_srvs/local_setup.zsh
[6.580s] -- Installing: /home/kidd/agv_station/install/amr_v4_msgs_srvs/share/amr_v4_msgs_srvs/local_setup.dsv
[6.582s] -- Installing: /home/kidd/agv_station/install/amr_v4_msgs_srvs/share/amr_v4_msgs_srvs/package.dsv
[6.584s] -- Up-to-date: /home/kidd/agv_station/install/amr_v4_msgs_srvs/share/ament_index/resource_index/packages/amr_v4_msgs_srvs
[6.584s] -- Up-to-date: /home/kidd/agv_station/install/amr_v4_msgs_srvs/share/amr_v4_msgs_srvs/cmake/amr_v4_msgs_srvs__rosidl_generator_cExport.cmake
[6.586s] -- Installing: /home/kidd/agv_station/install/amr_v4_msgs_srvs/share/amr_v4_msgs_srvs/cmake/amr_v4_msgs_srvs__rosidl_generator_cExport-noconfig.cmake
[6.586s] -- Up-to-date: /home/kidd/agv_station/install/amr_v4_msgs_srvs/share/amr_v4_msgs_srvs/cmake/amr_v4_msgs_srvs__rosidl_typesupport_introspection_cExport.cmake
[6.588s] -- Installing: /home/kidd/agv_station/install/amr_v4_msgs_srvs/share/amr_v4_msgs_srvs/cmake/amr_v4_msgs_srvs__rosidl_typesupport_introspection_cExport-noconfig.cmake
[6.590s] -- Up-to-date: /home/kidd/agv_station/install/amr_v4_msgs_srvs/share/amr_v4_msgs_srvs/cmake/amr_v4_msgs_srvs__rosidl_typesupport_cExport.cmake
[6.591s] -- Installing: /home/kidd/agv_station/install/amr_v4_msgs_srvs/share/amr_v4_msgs_srvs/cmake/amr_v4_msgs_srvs__rosidl_typesupport_cExport-noconfig.cmake
[6.592s] -- Up-to-date: /home/kidd/agv_station/install/amr_v4_msgs_srvs/share/amr_v4_msgs_srvs/cmake/amr_v4_msgs_srvs__rosidl_generator_cppExport.cmake
[6.593s] -- Up-to-date: /home/kidd/agv_station/install/amr_v4_msgs_srvs/share/amr_v4_msgs_srvs/cmake/amr_v4_msgs_srvs__rosidl_typesupport_introspection_cppExport.cmake
[6.594s] -- Installing: /home/kidd/agv_station/install/amr_v4_msgs_srvs/share/amr_v4_msgs_srvs/cmake/amr_v4_msgs_srvs__rosidl_typesupport_introspection_cppExport-noconfig.cmake
[6.594s] -- Up-to-date: /home/kidd/agv_station/install/amr_v4_msgs_srvs/share/amr_v4_msgs_srvs/cmake/amr_v4_msgs_srvs__rosidl_typesupport_cppExport.cmake
[6.595s] -- Installing: /home/kidd/agv_station/install/amr_v4_msgs_srvs/share/amr_v4_msgs_srvs/cmake/amr_v4_msgs_srvs__rosidl_typesupport_cppExport-noconfig.cmake
[6.596s] -- Up-to-date: /home/kidd/agv_station/install/amr_v4_msgs_srvs/share/amr_v4_msgs_srvs/cmake/rosidl_cmake-extras.cmake
[6.597s] -- Up-to-date: /home/kidd/agv_station/install/amr_v4_msgs_srvs/share/amr_v4_msgs_srvs/cmake/ament_cmake_export_dependencies-extras.cmake
[6.600s] -- Up-to-date: /home/kidd/agv_station/install/amr_v4_msgs_srvs/share/amr_v4_msgs_srvs/cmake/ament_cmake_export_libraries-extras.cmake
[6.601s] -- Up-to-date: /home/kidd/agv_station/install/amr_v4_msgs_srvs/share/amr_v4_msgs_srvs/cmake/ament_cmake_export_targets-extras.cmake
[6.603s] -- Up-to-date: /home/kidd/agv_station/install/amr_v4_msgs_srvs/share/amr_v4_msgs_srvs/cmake/ament_cmake_export_include_directories-extras.cmake
[6.604s] -- Up-to-date: /home/kidd/agv_station/install/amr_v4_msgs_srvs/share/amr_v4_msgs_srvs/cmake/rosidl_cmake_export_typesupport_libraries-extras.cmake
[6.604s] -- Up-to-date: /home/kidd/agv_station/install/amr_v4_msgs_srvs/share/amr_v4_msgs_srvs/cmake/rosidl_cmake_export_typesupport_targets-extras.cmake
[6.606s] -- Up-to-date: /home/kidd/agv_station/install/amr_v4_msgs_srvs/share/amr_v4_msgs_srvs/cmake/amr_v4_msgs_srvsConfig.cmake
[6.615s] -- Up-to-date: /home/kidd/agv_station/install/amr_v4_msgs_srvs/share/amr_v4_msgs_srvs/cmake/amr_v4_msgs_srvsConfig-version.cmake
[6.624s] -- Up-to-date: /home/kidd/agv_station/install/amr_v4_msgs_srvs/share/amr_v4_msgs_srvs/package.xml
[6.626s] Invoked command in '/home/kidd/agv_station/build/amr_v4_msgs_srvs' returned '0': CMAKE_PREFIX_PATH=${CMAKE_PREFIX_PATH}:/home/kidd/agv_station/install/amr_v4_station:/opt/ros/galactic /usr/bin/cmake --install /home/kidd/agv_station/build/amr_v4_msgs_srvs
