[0.201s] Invoking command in '/home/kidd/agv_station/build/amr_v4_msgs_srvs': CMAKE_PREFIX_PATH=${CMAKE_PREFIX_PATH}:/home/kidd/agv_station/install/amr_v4_station:/opt/ros/galactic /usr/bin/cmake /home/kidd/agv_station/src/amr_v4_msgs_srvs -DCMAKE_INSTALL_PREFIX=/home/kidd/agv_station/install/amr_v4_msgs_srvs
[1.881s] -- Configuring incomplete, errors occurred!
[1.888s] CMake Error at CMakeLists.txt:32:
[1.890s]   Parse error.  Expected a command name, got unterminated string with text
[1.892s]   "msg/Sensor.msg
[1.893s] 
[1.895s]   )
[1.896s] 
[1.897s]   
[1.897s] 
[1.898s]   ament_export_dependencies(rosidl_default_runtime)
[1.900s] 
[1.901s]   
[1.914s] 
[1.919s]   ament_package()
[1.927s] 
[1.946s]   ".
[1.947s] 
[1.951s] 
[2.012s] Invoked command in '/home/kidd/agv_station/build/amr_v4_msgs_srvs' returned '1': CMAKE_PREFIX_PATH=${CMAKE_PREFIX_PATH}:/home/kidd/agv_station/install/amr_v4_station:/opt/ros/galactic /usr/bin/cmake /home/kidd/agv_station/src/amr_v4_msgs_srvs -DCMAKE_INSTALL_PREFIX=/home/kidd/agv_station/install/amr_v4_msgs_srvs
