[1.279s] DEBUG:colcon:Command line arguments: ['/usr/bin/colcon', 'build', '--symlink-install']
[1.279s] DEBUG:colcon:Parsed command line arguments: Namespace(allow_overriding=[], ament_cmake_args=None, base_paths=['.'], build_base='build', catkin_cmake_args=None, catkin_skip_building_tests=False, cmake_args=None, cmake_clean_cache=False, cmake_clean_first=False, cmake_force_configure=False, cmake_target=None, cmake_target_skip_unavailable=False, continue_on_error=False, event_handlers=None, executor='parallel', ignore_user_meta=False, install_base='install', log_base=None, log_level=None, main=<bound method BuildVerb.main of <colcon_core.verb.build.BuildVerb object at 0xffff8e9c1520>>, merge_install=False, metas=['./colcon.meta'], packages_above=None, packages_above_and_dependencies=None, packages_above_depth=None, packages_end=None, packages_ignore=None, packages_ignore_regex=None, packages_select=None, packages_select_build_failed=False, packages_select_by_dep=None, packages_select_regex=None, packages_select_test_failures=False, packages_skip=None, packages_skip_build_finished=False, packages_skip_by_dep=None, packages_skip_regex=None, packages_skip_test_passed=False, packages_skip_up_to=None, packages_start=None, packages_up_to=None, packages_up_to_regex=None, parallel_workers=6, paths=None, symlink_install=True, test_result_base=None, verb_extension=<colcon_core.verb.build.BuildVerb object at 0xffff8e9c1520>, verb_name='build', verb_parser=<colcon_defaults.argument_parser.defaults.DefaultArgumentsDecorator object at 0xffff8e8be040>)
[2.438s] Level 1:colcon.colcon_core.package_discovery:discover_packages(colcon_meta) check parameters
[2.439s] Level 1:colcon.colcon_core.package_discovery:discover_packages(recursive) check parameters
[2.439s] Level 1:colcon.colcon_core.package_discovery:discover_packages(ignore) check parameters
[2.439s] Level 1:colcon.colcon_core.package_discovery:discover_packages(path) check parameters
[2.440s] Level 1:colcon.colcon_core.package_discovery:discover_packages(colcon_meta) discover
[2.440s] Level 1:colcon.colcon_core.package_discovery:discover_packages(recursive) discover
[2.440s] INFO:colcon.colcon_core.package_discovery:Crawling recursively for packages in '/home/kidd/agv_station'
[2.441s] Level 1:colcon.colcon_core.package_identification:_identify(.) by extensions ['ignore', 'ignore_ament_install']
[2.442s] Level 1:colcon.colcon_core.package_identification:_identify(.) by extension 'ignore'
[2.442s] Level 1:colcon.colcon_core.package_identification:_identify(.) by extension 'ignore_ament_install'
[2.442s] Level 1:colcon.colcon_core.package_identification:_identify(.) by extensions ['colcon_pkg']
[2.443s] Level 1:colcon.colcon_core.package_identification:_identify(.) by extension 'colcon_pkg'
[2.443s] Level 1:colcon.colcon_core.package_identification:_identify(.) by extensions ['colcon_meta']
[2.443s] Level 1:colcon.colcon_core.package_identification:_identify(.) by extension 'colcon_meta'
[2.444s] Level 1:colcon.colcon_core.package_identification:_identify(.) by extensions ['ros']
[2.444s] Level 1:colcon.colcon_core.package_identification:_identify(.) by extension 'ros'
[2.556s] Level 1:colcon.colcon_core.package_identification:_identify(.) by extensions ['cmake', 'python']
[2.556s] Level 1:colcon.colcon_core.package_identification:_identify(.) by extension 'cmake'
[2.557s] Level 1:colcon.colcon_core.package_identification:_identify(.) by extension 'python'
[2.557s] Level 1:colcon.colcon_core.package_identification:_identify(.) by extensions ['python_setup_py']
[2.557s] Level 1:colcon.colcon_core.package_identification:_identify(.) by extension 'python_setup_py'
[2.558s] Level 1:colcon.colcon_core.package_identification:_identify(build) by extensions ['ignore', 'ignore_ament_install']
[2.559s] Level 1:colcon.colcon_core.package_identification:_identify(build) by extension 'ignore'
[2.559s] Level 1:colcon.colcon_core.package_identification:_identify(build) ignored
[2.560s] Level 1:colcon.colcon_core.package_identification:_identify(install) by extensions ['ignore', 'ignore_ament_install']
[2.560s] Level 1:colcon.colcon_core.package_identification:_identify(install) by extension 'ignore'
[2.561s] Level 1:colcon.colcon_core.package_identification:_identify(install) ignored
[2.561s] Level 1:colcon.colcon_core.package_identification:_identify(log) by extensions ['ignore', 'ignore_ament_install']
[2.562s] Level 1:colcon.colcon_core.package_identification:_identify(log) by extension 'ignore'
[2.562s] Level 1:colcon.colcon_core.package_identification:_identify(log) ignored
[2.562s] Level 1:colcon.colcon_core.package_identification:_identify(src) by extensions ['ignore', 'ignore_ament_install']
[2.563s] Level 1:colcon.colcon_core.package_identification:_identify(src) by extension 'ignore'
[2.563s] Level 1:colcon.colcon_core.package_identification:_identify(src) by extension 'ignore_ament_install'
[2.564s] Level 1:colcon.colcon_core.package_identification:_identify(src) by extensions ['colcon_pkg']
[2.564s] Level 1:colcon.colcon_core.package_identification:_identify(src) by extension 'colcon_pkg'
[2.564s] Level 1:colcon.colcon_core.package_identification:_identify(src) by extensions ['colcon_meta']
[2.564s] Level 1:colcon.colcon_core.package_identification:_identify(src) by extension 'colcon_meta'
[2.565s] Level 1:colcon.colcon_core.package_identification:_identify(src) by extensions ['ros']
[2.565s] Level 1:colcon.colcon_core.package_identification:_identify(src) by extension 'ros'
[2.565s] Level 1:colcon.colcon_core.package_identification:_identify(src) by extensions ['cmake', 'python']
[2.565s] Level 1:colcon.colcon_core.package_identification:_identify(src) by extension 'cmake'
[2.566s] Level 1:colcon.colcon_core.package_identification:_identify(src) by extension 'python'
[2.566s] Level 1:colcon.colcon_core.package_identification:_identify(src) by extensions ['python_setup_py']
[2.566s] Level 1:colcon.colcon_core.package_identification:_identify(src) by extension 'python_setup_py'
[2.567s] Level 1:colcon.colcon_core.package_identification:_identify(src/amr_v4_station) by extensions ['ignore', 'ignore_ament_install']
[2.567s] Level 1:colcon.colcon_core.package_identification:_identify(src/amr_v4_station) by extension 'ignore'
[2.567s] Level 1:colcon.colcon_core.package_identification:_identify(src/amr_v4_station) by extension 'ignore_ament_install'
[2.568s] Level 1:colcon.colcon_core.package_identification:_identify(src/amr_v4_station) by extensions ['colcon_pkg']
[2.568s] Level 1:colcon.colcon_core.package_identification:_identify(src/amr_v4_station) by extension 'colcon_pkg'
[2.568s] Level 1:colcon.colcon_core.package_identification:_identify(src/amr_v4_station) by extensions ['colcon_meta']
[2.568s] Level 1:colcon.colcon_core.package_identification:_identify(src/amr_v4_station) by extension 'colcon_meta'
[2.568s] Level 1:colcon.colcon_core.package_identification:_identify(src/amr_v4_station) by extensions ['ros']
[2.569s] Level 1:colcon.colcon_core.package_identification:_identify(src/amr_v4_station) by extension 'ros'
[2.582s] DEBUG:colcon.colcon_core.package_identification:Package 'src/amr_v4_station' with type 'ros.ament_python' and name 'amr_v4_station'
[2.583s] Level 1:colcon.colcon_core.package_discovery:discover_packages(recursive) using defaults
[2.583s] Level 1:colcon.colcon_core.package_discovery:discover_packages(ignore) discover
[2.583s] Level 1:colcon.colcon_core.package_discovery:discover_packages(ignore) using defaults
[2.583s] Level 1:colcon.colcon_core.package_discovery:discover_packages(path) discover
[2.584s] Level 1:colcon.colcon_core.package_discovery:discover_packages(path) using defaults
[2.699s] Level 1:colcon.colcon_core.package_discovery:discover_packages(prefix_path) check parameters
[2.700s] Level 1:colcon.colcon_core.package_discovery:discover_packages(prefix_path) discover
[2.710s] DEBUG:colcon.colcon_installed_package_information.package_discovery:Found 1 installed packages in /home/kidd/agv_station/install
[2.720s] DEBUG:colcon.colcon_installed_package_information.package_discovery:Found 268 installed packages in /opt/ros/galactic
[2.733s] Level 1:colcon.colcon_core.package_discovery:discover_packages(prefix_path) using defaults
[3.119s] Level 5:colcon.colcon_core.verb:set package 'amr_v4_station' build argument 'cmake_args' from command line to 'None'
[3.120s] Level 5:colcon.colcon_core.verb:set package 'amr_v4_station' build argument 'cmake_target' from command line to 'None'
[3.120s] Level 5:colcon.colcon_core.verb:set package 'amr_v4_station' build argument 'cmake_target_skip_unavailable' from command line to 'False'
[3.120s] Level 5:colcon.colcon_core.verb:set package 'amr_v4_station' build argument 'cmake_clean_cache' from command line to 'False'
[3.120s] Level 5:colcon.colcon_core.verb:set package 'amr_v4_station' build argument 'cmake_clean_first' from command line to 'False'
[3.121s] Level 5:colcon.colcon_core.verb:set package 'amr_v4_station' build argument 'cmake_force_configure' from command line to 'False'
[3.121s] Level 5:colcon.colcon_core.verb:set package 'amr_v4_station' build argument 'ament_cmake_args' from command line to 'None'
[3.121s] Level 5:colcon.colcon_core.verb:set package 'amr_v4_station' build argument 'catkin_cmake_args' from command line to 'None'
[3.121s] Level 5:colcon.colcon_core.verb:set package 'amr_v4_station' build argument 'catkin_skip_building_tests' from command line to 'False'
[3.121s] DEBUG:colcon.colcon_core.verb:Building package 'amr_v4_station' with the following arguments: {'ament_cmake_args': None, 'build_base': '/home/kidd/agv_station/build/amr_v4_station', 'catkin_cmake_args': None, 'catkin_skip_building_tests': False, 'cmake_args': None, 'cmake_clean_cache': False, 'cmake_clean_first': False, 'cmake_force_configure': False, 'cmake_target': None, 'cmake_target_skip_unavailable': False, 'install_base': '/home/kidd/agv_station/install/amr_v4_station', 'merge_install': False, 'path': '/home/kidd/agv_station/src/amr_v4_station', 'symlink_install': True, 'test_result_base': None}
[3.123s] INFO:colcon.colcon_core.executor:Executing jobs using 'parallel' executor
[3.129s] DEBUG:colcon.colcon_parallel_executor.executor.parallel:run_until_complete
[3.130s] INFO:colcon.colcon_ros.task.ament_python.build:Building ROS package in '/home/kidd/agv_station/src/amr_v4_station' with build type 'ament_python'
[3.131s] Level 1:colcon.colcon_core.shell:create_environment_hook('amr_v4_station', 'ament_prefix_path')
[3.146s] INFO:colcon.colcon_core.plugin_system:Skipping extension 'colcon_core.shell.bat': Not used on non-Windows systems
[3.147s] INFO:colcon.colcon_core.shell:Creating environment hook '/home/kidd/agv_station/install/amr_v4_station/share/amr_v4_station/hook/ament_prefix_path.ps1'
[3.150s] INFO:colcon.colcon_core.shell:Creating environment descriptor '/home/kidd/agv_station/install/amr_v4_station/share/amr_v4_station/hook/ament_prefix_path.dsv'
[3.155s] INFO:colcon.colcon_core.shell:Creating environment hook '/home/kidd/agv_station/install/amr_v4_station/share/amr_v4_station/hook/ament_prefix_path.sh'
[3.162s] INFO:colcon.colcon_core.shell:Skip shell extension 'powershell' for command environment: Not usable outside of PowerShell
[3.162s] DEBUG:colcon.colcon_core.shell:Skip shell extension 'dsv' for command environment
[4.785s] INFO:colcon.colcon_core.task.python.build:Building Python package in '/home/kidd/agv_station/src/amr_v4_station'
[4.792s] INFO:colcon.colcon_core.shell:Skip shell extension 'powershell' for command environment: Not usable outside of PowerShell
[4.793s] DEBUG:colcon.colcon_core.shell:Skip shell extension 'dsv' for command environment
[7.038s] DEBUG:colcon.colcon_core.task.python.build:While undoing a previous installation files outside the Python library path are being ignored: /home/kidd/agv_station/install/amr_v4_station/share/ament_index/resource_index/packages/amr_v4_station
[7.040s] DEBUG:colcon.colcon_core.task.python.build:While undoing a previous installation files outside the Python library path are being ignored: /home/kidd/agv_station/install/amr_v4_station/share/amr_v4_station/package.xml
[7.043s] DEBUG:colcon.colcon_core.task.python.build:While undoing a previous installation files outside the Python library path are being ignored: /home/kidd/agv_station/install/amr_v4_station/lib/amr_v4_station/station
[7.064s] DEBUG:colcon.colcon_core.event_handler.log_command:Invoking command in '/home/kidd/agv_station/build/amr_v4_station': PYTHONPATH=/home/kidd/agv_station/build/amr_v4_station/prefix_override:/home/kidd/agv_station/install/amr_v4_station/lib/python3.8/site-packages:${PYTHONPATH} /usr/bin/python3 -W ignore:setup.py install is deprecated setup.py develop --editable --build-directory /home/kidd/agv_station/build/amr_v4_station/build --no-deps symlink_data --force
[10.035s] Level 1:colcon.colcon_core.shell:create_environment_hook('amr_v4_station', 'pythonpath_develop')
[10.042s] INFO:colcon.colcon_core.shell:Creating environment hook '/home/kidd/agv_station/build/amr_v4_station/share/amr_v4_station/hook/pythonpath_develop.ps1'
[10.046s] DEBUG:colcon.colcon_core.event_handler.log_command:Invoked command in '/home/kidd/agv_station/build/amr_v4_station' returned '0': PYTHONPATH=/home/kidd/agv_station/build/amr_v4_station/prefix_override:/home/kidd/agv_station/install/amr_v4_station/lib/python3.8/site-packages:${PYTHONPATH} /usr/bin/python3 -W ignore:setup.py install is deprecated setup.py develop --editable --build-directory /home/kidd/agv_station/build/amr_v4_station/build --no-deps symlink_data --force
[10.052s] INFO:colcon.colcon_core.shell:Creating environment descriptor '/home/kidd/agv_station/build/amr_v4_station/share/amr_v4_station/hook/pythonpath_develop.dsv'
[10.057s] INFO:colcon.colcon_core.shell:Creating environment hook '/home/kidd/agv_station/build/amr_v4_station/share/amr_v4_station/hook/pythonpath_develop.sh'
[10.084s] Level 1:colcon.colcon_core.environment:checking '/home/kidd/agv_station/install/amr_v4_station' for CMake module files
[10.087s] Level 1:colcon.colcon_core.environment:checking '/home/kidd/agv_station/install/amr_v4_station' for CMake config files
[10.093s] Level 1:colcon.colcon_core.environment:checking '/home/kidd/agv_station/install/amr_v4_station/lib'
[10.095s] Level 1:colcon.colcon_core.environment:checking '/home/kidd/agv_station/install/amr_v4_station/bin'
[10.095s] Level 1:colcon.colcon_core.environment:checking '/home/kidd/agv_station/install/amr_v4_station/lib/pkgconfig/amr_v4_station.pc'
[10.097s] Level 1:colcon.colcon_core.environment:checking '/home/kidd/agv_station/install/amr_v4_station/lib/python3.8/site-packages'
[10.097s] Level 1:colcon.colcon_core.shell:create_environment_hook('amr_v4_station', 'pythonpath')
[10.099s] INFO:colcon.colcon_core.shell:Creating environment hook '/home/kidd/agv_station/install/amr_v4_station/share/amr_v4_station/hook/pythonpath.ps1'
[10.102s] INFO:colcon.colcon_core.shell:Creating environment descriptor '/home/kidd/agv_station/install/amr_v4_station/share/amr_v4_station/hook/pythonpath.dsv'
[10.104s] INFO:colcon.colcon_core.shell:Creating environment hook '/home/kidd/agv_station/install/amr_v4_station/share/amr_v4_station/hook/pythonpath.sh'
[10.107s] Level 1:colcon.colcon_core.environment:checking '/home/kidd/agv_station/install/amr_v4_station/bin'
[10.107s] Level 1:colcon.colcon_core.environment:create_environment_scripts_only(amr_v4_station)
[10.110s] INFO:colcon.colcon_core.shell:Creating package script '/home/kidd/agv_station/install/amr_v4_station/share/amr_v4_station/package.ps1'
[10.116s] INFO:colcon.colcon_core.shell:Creating package descriptor '/home/kidd/agv_station/install/amr_v4_station/share/amr_v4_station/package.dsv'
[10.119s] INFO:colcon.colcon_core.shell:Creating package script '/home/kidd/agv_station/install/amr_v4_station/share/amr_v4_station/package.sh'
[10.123s] INFO:colcon.colcon_core.shell:Creating package script '/home/kidd/agv_station/install/amr_v4_station/share/amr_v4_station/package.bash'
[10.129s] INFO:colcon.colcon_core.shell:Creating package script '/home/kidd/agv_station/install/amr_v4_station/share/amr_v4_station/package.zsh'
[10.133s] Level 1:colcon.colcon_core.environment:create_file_with_runtime_dependencies(/home/kidd/agv_station/install/amr_v4_station/share/colcon-core/packages/amr_v4_station)
[10.136s] DEBUG:colcon.colcon_parallel_executor.executor.parallel:closing loop
[10.140s] DEBUG:colcon.colcon_parallel_executor.executor.parallel:loop closed
[10.141s] DEBUG:colcon.colcon_parallel_executor.executor.parallel:run_until_complete finished with '0'
[10.141s] DEBUG:colcon.colcon_core.event_reactor:joining thread
[10.189s] INFO:colcon.colcon_core.plugin_system:Skipping extension 'colcon_notification.desktop_notification.terminal_notifier': Not used on non-Darwin systems
[10.189s] INFO:colcon.colcon_core.plugin_system:Skipping extension 'colcon_notification.desktop_notification.win32': Not used on non-Windows systems
[10.190s] INFO:colcon.colcon_notification.desktop_notification:Sending desktop notification using 'notify2'
[10.295s] DEBUG:colcon.colcon_core.event_reactor:joined thread
[10.298s] INFO:colcon.colcon_core.shell:Creating prefix script '/home/kidd/agv_station/install/local_setup.ps1'
[10.303s] INFO:colcon.colcon_core.shell:Creating prefix util module '/home/kidd/agv_station/install/_local_setup_util_ps1.py'
[10.309s] INFO:colcon.colcon_core.shell:Creating prefix chain script '/home/kidd/agv_station/install/setup.ps1'
[10.316s] INFO:colcon.colcon_core.shell:Creating prefix script '/home/kidd/agv_station/install/local_setup.sh'
[10.319s] INFO:colcon.colcon_core.shell:Creating prefix util module '/home/kidd/agv_station/install/_local_setup_util_sh.py'
[10.322s] INFO:colcon.colcon_core.shell:Creating prefix chain script '/home/kidd/agv_station/install/setup.sh'
[10.328s] INFO:colcon.colcon_core.shell:Creating prefix script '/home/kidd/agv_station/install/local_setup.bash'
[10.331s] INFO:colcon.colcon_core.shell:Creating prefix chain script '/home/kidd/agv_station/install/setup.bash'
[10.340s] INFO:colcon.colcon_core.shell:Creating prefix script '/home/kidd/agv_station/install/local_setup.zsh'
[10.344s] INFO:colcon.colcon_core.shell:Creating prefix chain script '/home/kidd/agv_station/install/setup.zsh'
