-- Found ament_cmake: 1.1.6 (/opt/ros/galactic/share/ament_cmake/cmake)
-- Using PYTHON_EXECUTABLE: /usr/bin/python3
-- Override CMake install command with custom implementation using symlinks instead of copying resources
-- Found ament_lint_auto: 0.10.7 (/opt/ros/galactic/share/ament_lint_auto/cmake)
-- Added test 'copyright' to check source files copyright and LICENSE
-- Added test 'flake8' to check Python code syntax and style conventions
-- Added test 'lint_cmake' to check CMake code style
-- Added test 'pep257' to check Python code against some of the style conventions in PEP 257
-- Added test 'xmllint' to check XML markup files
-- Configuring done
-- Generating done
-- Build files have been written to: /home/kidd/agv_station/build/station_launch
-- Install configuration: ""
-- Execute custom install script
-- Symlinking: /home/kidd/agv_station/install/station_launch/share/ament_index/resource_index/package_run_dependencies/station_launch
-- Symlinking: /home/kidd/agv_station/install/station_launch/share/ament_index/resource_index/parent_prefix_path/station_launch
-- Symlinking: /home/kidd/agv_station/install/station_launch/share/station_launch/environment/ament_prefix_path.sh
-- Symlinking: /home/kidd/agv_station/install/station_launch/share/station_launch/environment/ament_prefix_path.dsv
-- Symlinking: /home/kidd/agv_station/install/station_launch/share/station_launch/environment/path.sh
-- Symlinking: /home/kidd/agv_station/install/station_launch/share/station_launch/environment/path.dsv
-- Symlinking: /home/kidd/agv_station/install/station_launch/share/station_launch/local_setup.bash
-- Symlinking: /home/kidd/agv_station/install/station_launch/share/station_launch/local_setup.sh
-- Symlinking: /home/kidd/agv_station/install/station_launch/share/station_launch/local_setup.zsh
-- Symlinking: /home/kidd/agv_station/install/station_launch/share/station_launch/local_setup.dsv
-- Symlinking: /home/kidd/agv_station/install/station_launch/share/station_launch/package.dsv
-- Symlinking: /home/kidd/agv_station/install/station_launch/share/ament_index/resource_index/packages/station_launch
-- Symlinking: /home/kidd/agv_station/install/station_launch/share/station_launch/cmake/station_launchConfig.cmake
-- Symlinking: /home/kidd/agv_station/install/station_launch/share/station_launch/cmake/station_launchConfig-version.cmake
-- Symlinking: /home/kidd/agv_station/install/station_launch/share/station_launch/package.xml
