[1.031s] DEBUG:colcon:Command line arguments: ['/usr/bin/colcon', 'build']
[1.032s] DEBUG:colcon:Parsed command line arguments: Namespace(allow_overriding=[], ament_cmake_args=None, base_paths=['.'], build_base='build', catkin_cmake_args=None, catkin_skip_building_tests=False, cmake_args=None, cmake_clean_cache=False, cmake_clean_first=False, cmake_force_configure=False, cmake_target=None, cmake_target_skip_unavailable=False, continue_on_error=False, event_handlers=None, executor='parallel', ignore_user_meta=False, install_base='install', log_base=None, log_level=None, main=<bound method BuildVerb.main of <colcon_core.verb.build.BuildVerb object at 0xffff921394f0>>, merge_install=False, metas=['./colcon.meta'], packages_above=None, packages_above_and_dependencies=None, packages_above_depth=None, packages_end=None, packages_ignore=None, packages_ignore_regex=None, packages_select=None, packages_select_build_failed=False, packages_select_by_dep=None, packages_select_regex=None, packages_select_test_failures=False, packages_skip=None, packages_skip_build_finished=False, packages_skip_by_dep=None, packages_skip_regex=None, packages_skip_test_passed=False, packages_skip_up_to=None, packages_start=None, packages_up_to=None, packages_up_to_regex=None, parallel_workers=6, paths=None, symlink_install=False, test_result_base=None, verb_extension=<colcon_core.verb.build.BuildVerb object at 0xffff921394f0>, verb_name='build', verb_parser=<colcon_defaults.argument_parser.defaults.DefaultArgumentsDecorator object at 0xffff92036040>)
[2.163s] Level 1:colcon.colcon_core.package_discovery:discover_packages(colcon_meta) check parameters
[2.163s] Level 1:colcon.colcon_core.package_discovery:discover_packages(recursive) check parameters
[2.164s] Level 1:colcon.colcon_core.package_discovery:discover_packages(ignore) check parameters
[2.164s] Level 1:colcon.colcon_core.package_discovery:discover_packages(path) check parameters
[2.164s] Level 1:colcon.colcon_core.package_discovery:discover_packages(colcon_meta) discover
[2.164s] Level 1:colcon.colcon_core.package_discovery:discover_packages(recursive) discover
[2.165s] INFO:colcon.colcon_core.package_discovery:Crawling recursively for packages in '/home/kidd/agv_station'
[2.165s] Level 1:colcon.colcon_core.package_identification:_identify(.) by extensions ['ignore', 'ignore_ament_install']
[2.166s] Level 1:colcon.colcon_core.package_identification:_identify(.) by extension 'ignore'
[2.166s] Level 1:colcon.colcon_core.package_identification:_identify(.) by extension 'ignore_ament_install'
[2.167s] Level 1:colcon.colcon_core.package_identification:_identify(.) by extensions ['colcon_pkg']
[2.167s] Level 1:colcon.colcon_core.package_identification:_identify(.) by extension 'colcon_pkg'
[2.167s] Level 1:colcon.colcon_core.package_identification:_identify(.) by extensions ['colcon_meta']
[2.167s] Level 1:colcon.colcon_core.package_identification:_identify(.) by extension 'colcon_meta'
[2.168s] Level 1:colcon.colcon_core.package_identification:_identify(.) by extensions ['ros']
[2.168s] Level 1:colcon.colcon_core.package_identification:_identify(.) by extension 'ros'
[2.269s] Level 1:colcon.colcon_core.package_identification:_identify(.) by extensions ['cmake', 'python']
[2.269s] Level 1:colcon.colcon_core.package_identification:_identify(.) by extension 'cmake'
[2.270s] Level 1:colcon.colcon_core.package_identification:_identify(.) by extension 'python'
[2.270s] Level 1:colcon.colcon_core.package_identification:_identify(.) by extensions ['python_setup_py']
[2.271s] Level 1:colcon.colcon_core.package_identification:_identify(.) by extension 'python_setup_py'
[2.272s] Level 1:colcon.colcon_core.package_identification:_identify(build) by extensions ['ignore', 'ignore_ament_install']
[2.272s] Level 1:colcon.colcon_core.package_identification:_identify(build) by extension 'ignore'
[2.273s] Level 1:colcon.colcon_core.package_identification:_identify(build) ignored
[2.274s] Level 1:colcon.colcon_core.package_identification:_identify(install) by extensions ['ignore', 'ignore_ament_install']
[2.274s] Level 1:colcon.colcon_core.package_identification:_identify(install) by extension 'ignore'
[2.274s] Level 1:colcon.colcon_core.package_identification:_identify(install) ignored
[2.275s] Level 1:colcon.colcon_core.package_identification:_identify(log) by extensions ['ignore', 'ignore_ament_install']
[2.276s] Level 1:colcon.colcon_core.package_identification:_identify(log) by extension 'ignore'
[2.276s] Level 1:colcon.colcon_core.package_identification:_identify(log) ignored
[2.276s] Level 1:colcon.colcon_core.package_identification:_identify(src) by extensions ['ignore', 'ignore_ament_install']
[2.277s] Level 1:colcon.colcon_core.package_identification:_identify(src) by extension 'ignore'
[2.277s] Level 1:colcon.colcon_core.package_identification:_identify(src) by extension 'ignore_ament_install'
[2.278s] Level 1:colcon.colcon_core.package_identification:_identify(src) by extensions ['colcon_pkg']
[2.278s] Level 1:colcon.colcon_core.package_identification:_identify(src) by extension 'colcon_pkg'
[2.278s] Level 1:colcon.colcon_core.package_identification:_identify(src) by extensions ['colcon_meta']
[2.278s] Level 1:colcon.colcon_core.package_identification:_identify(src) by extension 'colcon_meta'
[2.279s] Level 1:colcon.colcon_core.package_identification:_identify(src) by extensions ['ros']
[2.279s] Level 1:colcon.colcon_core.package_identification:_identify(src) by extension 'ros'
[2.279s] Level 1:colcon.colcon_core.package_identification:_identify(src) by extensions ['cmake', 'python']
[2.280s] Level 1:colcon.colcon_core.package_identification:_identify(src) by extension 'cmake'
[2.280s] Level 1:colcon.colcon_core.package_identification:_identify(src) by extension 'python'
[2.280s] Level 1:colcon.colcon_core.package_identification:_identify(src) by extensions ['python_setup_py']
[2.280s] Level 1:colcon.colcon_core.package_identification:_identify(src) by extension 'python_setup_py'
[2.281s] Level 1:colcon.colcon_core.package_identification:_identify(src/amr_v4_msgs_srvs) by extensions ['ignore', 'ignore_ament_install']
[2.282s] Level 1:colcon.colcon_core.package_identification:_identify(src/amr_v4_msgs_srvs) by extension 'ignore'
[2.282s] Level 1:colcon.colcon_core.package_identification:_identify(src/amr_v4_msgs_srvs) by extension 'ignore_ament_install'
[2.282s] Level 1:colcon.colcon_core.package_identification:_identify(src/amr_v4_msgs_srvs) by extensions ['colcon_pkg']
[2.282s] Level 1:colcon.colcon_core.package_identification:_identify(src/amr_v4_msgs_srvs) by extension 'colcon_pkg'
[2.283s] Level 1:colcon.colcon_core.package_identification:_identify(src/amr_v4_msgs_srvs) by extensions ['colcon_meta']
[2.283s] Level 1:colcon.colcon_core.package_identification:_identify(src/amr_v4_msgs_srvs) by extension 'colcon_meta'
[2.283s] Level 1:colcon.colcon_core.package_identification:_identify(src/amr_v4_msgs_srvs) by extensions ['ros']
[2.283s] Level 1:colcon.colcon_core.package_identification:_identify(src/amr_v4_msgs_srvs) by extension 'ros'
[2.296s] DEBUG:colcon.colcon_core.package_identification:Package 'src/amr_v4_msgs_srvs' with type 'ros.ament_cmake' and name 'amr_v4_msgs_srvs'
[2.297s] Level 1:colcon.colcon_core.package_identification:_identify(src/amr_v4_station) by extensions ['ignore', 'ignore_ament_install']
[2.298s] Level 1:colcon.colcon_core.package_identification:_identify(src/amr_v4_station) by extension 'ignore'
[2.298s] Level 1:colcon.colcon_core.package_identification:_identify(src/amr_v4_station) by extension 'ignore_ament_install'
[2.299s] Level 1:colcon.colcon_core.package_identification:_identify(src/amr_v4_station) by extensions ['colcon_pkg']
[2.299s] Level 1:colcon.colcon_core.package_identification:_identify(src/amr_v4_station) by extension 'colcon_pkg'
[2.299s] Level 1:colcon.colcon_core.package_identification:_identify(src/amr_v4_station) by extensions ['colcon_meta']
[2.300s] Level 1:colcon.colcon_core.package_identification:_identify(src/amr_v4_station) by extension 'colcon_meta'
[2.300s] Level 1:colcon.colcon_core.package_identification:_identify(src/amr_v4_station) by extensions ['ros']
[2.300s] Level 1:colcon.colcon_core.package_identification:_identify(src/amr_v4_station) by extension 'ros'
[2.303s] DEBUG:colcon.colcon_core.package_identification:Package 'src/amr_v4_station' with type 'ros.ament_python' and name 'amr_v4_station'
[2.304s] Level 1:colcon.colcon_core.package_identification:_identify(src/station_launch) by extensions ['ignore', 'ignore_ament_install']
[2.305s] Level 1:colcon.colcon_core.package_identification:_identify(src/station_launch) by extension 'ignore'
[2.305s] Level 1:colcon.colcon_core.package_identification:_identify(src/station_launch) by extension 'ignore_ament_install'
[2.305s] Level 1:colcon.colcon_core.package_identification:_identify(src/station_launch) by extensions ['colcon_pkg']
[2.305s] Level 1:colcon.colcon_core.package_identification:_identify(src/station_launch) by extension 'colcon_pkg'
[2.306s] Level 1:colcon.colcon_core.package_identification:_identify(src/station_launch) by extensions ['colcon_meta']
[2.306s] Level 1:colcon.colcon_core.package_identification:_identify(src/station_launch) by extension 'colcon_meta'
[2.306s] Level 1:colcon.colcon_core.package_identification:_identify(src/station_launch) by extensions ['ros']
[2.306s] Level 1:colcon.colcon_core.package_identification:_identify(src/station_launch) by extension 'ros'
[2.309s] DEBUG:colcon.colcon_core.package_identification:Package 'src/station_launch' with type 'ros.ament_cmake' and name 'station_launch'
[2.309s] Level 1:colcon.colcon_core.package_discovery:discover_packages(recursive) using defaults
[2.310s] Level 1:colcon.colcon_core.package_discovery:discover_packages(ignore) discover
[2.310s] Level 1:colcon.colcon_core.package_discovery:discover_packages(ignore) using defaults
[2.310s] Level 1:colcon.colcon_core.package_discovery:discover_packages(path) discover
[2.310s] Level 1:colcon.colcon_core.package_discovery:discover_packages(path) using defaults
[2.413s] Level 1:colcon.colcon_core.package_discovery:discover_packages(prefix_path) check parameters
[2.414s] Level 1:colcon.colcon_core.package_discovery:discover_packages(prefix_path) discover
[2.424s] DEBUG:colcon.colcon_installed_package_information.package_discovery:Found 3 installed packages in /home/kidd/agv_station/install
[2.433s] DEBUG:colcon.colcon_installed_package_information.package_discovery:Found 268 installed packages in /opt/ros/galactic
[2.442s] Level 1:colcon.colcon_core.package_discovery:discover_packages(prefix_path) using defaults
[2.800s] Level 5:colcon.colcon_core.verb:set package 'amr_v4_msgs_srvs' build argument 'cmake_args' from command line to 'None'
[2.800s] Level 5:colcon.colcon_core.verb:set package 'amr_v4_msgs_srvs' build argument 'cmake_target' from command line to 'None'
[2.800s] Level 5:colcon.colcon_core.verb:set package 'amr_v4_msgs_srvs' build argument 'cmake_target_skip_unavailable' from command line to 'False'
[2.801s] Level 5:colcon.colcon_core.verb:set package 'amr_v4_msgs_srvs' build argument 'cmake_clean_cache' from command line to 'False'
[2.801s] Level 5:colcon.colcon_core.verb:set package 'amr_v4_msgs_srvs' build argument 'cmake_clean_first' from command line to 'False'
[2.801s] Level 5:colcon.colcon_core.verb:set package 'amr_v4_msgs_srvs' build argument 'cmake_force_configure' from command line to 'False'
[2.801s] Level 5:colcon.colcon_core.verb:set package 'amr_v4_msgs_srvs' build argument 'ament_cmake_args' from command line to 'None'
[2.801s] Level 5:colcon.colcon_core.verb:set package 'amr_v4_msgs_srvs' build argument 'catkin_cmake_args' from command line to 'None'
[2.801s] Level 5:colcon.colcon_core.verb:set package 'amr_v4_msgs_srvs' build argument 'catkin_skip_building_tests' from command line to 'False'
[2.802s] DEBUG:colcon.colcon_core.verb:Building package 'amr_v4_msgs_srvs' with the following arguments: {'ament_cmake_args': None, 'build_base': '/home/kidd/agv_station/build/amr_v4_msgs_srvs', 'catkin_cmake_args': None, 'catkin_skip_building_tests': False, 'cmake_args': None, 'cmake_clean_cache': False, 'cmake_clean_first': False, 'cmake_force_configure': False, 'cmake_target': None, 'cmake_target_skip_unavailable': False, 'install_base': '/home/kidd/agv_station/install/amr_v4_msgs_srvs', 'merge_install': False, 'path': '/home/kidd/agv_station/src/amr_v4_msgs_srvs', 'symlink_install': False, 'test_result_base': None}
[2.804s] Level 5:colcon.colcon_core.verb:set package 'amr_v4_station' build argument 'cmake_args' from command line to 'None'
[2.804s] Level 5:colcon.colcon_core.verb:set package 'amr_v4_station' build argument 'cmake_target' from command line to 'None'
[2.805s] Level 5:colcon.colcon_core.verb:set package 'amr_v4_station' build argument 'cmake_target_skip_unavailable' from command line to 'False'
[2.805s] Level 5:colcon.colcon_core.verb:set package 'amr_v4_station' build argument 'cmake_clean_cache' from command line to 'False'
[2.805s] Level 5:colcon.colcon_core.verb:set package 'amr_v4_station' build argument 'cmake_clean_first' from command line to 'False'
[2.806s] Level 5:colcon.colcon_core.verb:set package 'amr_v4_station' build argument 'cmake_force_configure' from command line to 'False'
[2.806s] Level 5:colcon.colcon_core.verb:set package 'amr_v4_station' build argument 'ament_cmake_args' from command line to 'None'
[2.807s] Level 5:colcon.colcon_core.verb:set package 'amr_v4_station' build argument 'catkin_cmake_args' from command line to 'None'
[2.807s] Level 5:colcon.colcon_core.verb:set package 'amr_v4_station' build argument 'catkin_skip_building_tests' from command line to 'False'
[2.807s] DEBUG:colcon.colcon_core.verb:Building package 'amr_v4_station' with the following arguments: {'ament_cmake_args': None, 'build_base': '/home/kidd/agv_station/build/amr_v4_station', 'catkin_cmake_args': None, 'catkin_skip_building_tests': False, 'cmake_args': None, 'cmake_clean_cache': False, 'cmake_clean_first': False, 'cmake_force_configure': False, 'cmake_target': None, 'cmake_target_skip_unavailable': False, 'install_base': '/home/kidd/agv_station/install/amr_v4_station', 'merge_install': False, 'path': '/home/kidd/agv_station/src/amr_v4_station', 'symlink_install': False, 'test_result_base': None}
[2.810s] Level 5:colcon.colcon_core.verb:set package 'station_launch' build argument 'cmake_args' from command line to 'None'
[2.810s] Level 5:colcon.colcon_core.verb:set package 'station_launch' build argument 'cmake_target' from command line to 'None'
[2.810s] Level 5:colcon.colcon_core.verb:set package 'station_launch' build argument 'cmake_target_skip_unavailable' from command line to 'False'
[2.810s] Level 5:colcon.colcon_core.verb:set package 'station_launch' build argument 'cmake_clean_cache' from command line to 'False'
[2.811s] Level 5:colcon.colcon_core.verb:set package 'station_launch' build argument 'cmake_clean_first' from command line to 'False'
[2.811s] Level 5:colcon.colcon_core.verb:set package 'station_launch' build argument 'cmake_force_configure' from command line to 'False'
[2.811s] Level 5:colcon.colcon_core.verb:set package 'station_launch' build argument 'ament_cmake_args' from command line to 'None'
[2.811s] Level 5:colcon.colcon_core.verb:set package 'station_launch' build argument 'catkin_cmake_args' from command line to 'None'
[2.811s] Level 5:colcon.colcon_core.verb:set package 'station_launch' build argument 'catkin_skip_building_tests' from command line to 'False'
[2.812s] DEBUG:colcon.colcon_core.verb:Building package 'station_launch' with the following arguments: {'ament_cmake_args': None, 'build_base': '/home/kidd/agv_station/build/station_launch', 'catkin_cmake_args': None, 'catkin_skip_building_tests': False, 'cmake_args': None, 'cmake_clean_cache': False, 'cmake_clean_first': False, 'cmake_force_configure': False, 'cmake_target': None, 'cmake_target_skip_unavailable': False, 'install_base': '/home/kidd/agv_station/install/station_launch', 'merge_install': False, 'path': '/home/kidd/agv_station/src/station_launch', 'symlink_install': False, 'test_result_base': None}
[2.813s] INFO:colcon.colcon_core.executor:Executing jobs using 'parallel' executor
[2.821s] DEBUG:colcon.colcon_parallel_executor.executor.parallel:run_until_complete
[2.823s] INFO:colcon.colcon_ros.task.ament_cmake.build:Building ROS package in '/home/kidd/agv_station/src/amr_v4_msgs_srvs' with build type 'ament_cmake'
[2.824s] INFO:colcon.colcon_cmake.task.cmake.build:Building CMake package in '/home/kidd/agv_station/src/amr_v4_msgs_srvs'
[2.837s] INFO:colcon.colcon_core.plugin_system:Skipping extension 'colcon_core.shell.bat': Not used on non-Windows systems
[2.838s] INFO:colcon.colcon_core.shell:Skip shell extension 'powershell' for command environment: Not usable outside of PowerShell
[2.838s] DEBUG:colcon.colcon_core.shell:Skip shell extension 'dsv' for command environment
[2.876s] INFO:colcon.colcon_ros.task.ament_python.build:Building ROS package in '/home/kidd/agv_station/src/amr_v4_station' with build type 'ament_python'
[2.886s] Level 1:colcon.colcon_core.shell:create_environment_hook('amr_v4_station', 'ament_prefix_path')
[2.890s] INFO:colcon.colcon_core.shell:Creating environment hook '/home/kidd/agv_station/install/amr_v4_station/share/amr_v4_station/hook/ament_prefix_path.ps1'
[2.901s] INFO:colcon.colcon_core.shell:Creating environment descriptor '/home/kidd/agv_station/install/amr_v4_station/share/amr_v4_station/hook/ament_prefix_path.dsv'
[2.904s] INFO:colcon.colcon_core.shell:Creating environment hook '/home/kidd/agv_station/install/amr_v4_station/share/amr_v4_station/hook/ament_prefix_path.sh'
[2.909s] INFO:colcon.colcon_core.shell:Skip shell extension 'powershell' for command environment: Not usable outside of PowerShell
[2.910s] DEBUG:colcon.colcon_core.shell:Skip shell extension 'dsv' for command environment
[2.948s] INFO:colcon.colcon_ros.task.ament_cmake.build:Building ROS package in '/home/kidd/agv_station/src/station_launch' with build type 'ament_cmake'
[2.953s] INFO:colcon.colcon_cmake.task.cmake.build:Building CMake package in '/home/kidd/agv_station/src/station_launch'
[2.959s] INFO:colcon.colcon_core.shell:Skip shell extension 'powershell' for command environment: Not usable outside of PowerShell
[2.960s] DEBUG:colcon.colcon_core.shell:Skip shell extension 'dsv' for command environment
[3.042s] DEBUG:colcon.colcon_core.event_handler.log_command:Invoking command in '/home/kidd/agv_station/build/amr_v4_msgs_srvs': CMAKE_PREFIX_PATH=${CMAKE_PREFIX_PATH}:/home/kidd/agv_station/install/amr_v4_station:/opt/ros/galactic /usr/bin/cmake --build /home/kidd/agv_station/build/amr_v4_msgs_srvs -- -j6 -l6
[4.754s] INFO:colcon.colcon_core.task.python.build:Building Python package in '/home/kidd/agv_station/src/amr_v4_station'
[4.759s] INFO:colcon.colcon_core.shell:Skip shell extension 'powershell' for command environment: Not usable outside of PowerShell
[4.760s] DEBUG:colcon.colcon_core.shell:Skip shell extension 'dsv' for command environment
[4.828s] DEBUG:colcon.colcon_core.event_handler.log_command:Invoking command in '/home/kidd/agv_station/build/station_launch': CMAKE_PREFIX_PATH=${CMAKE_PREFIX_PATH}:/home/kidd/agv_station/install/amr_v4_station:/opt/ros/galactic /usr/bin/cmake --build /home/kidd/agv_station/build/station_launch -- -j6 -l6
[5.076s] DEBUG:colcon.colcon_core.event_handler.log_command:Invoked command in '/home/kidd/agv_station/build/station_launch' returned '0': CMAKE_PREFIX_PATH=${CMAKE_PREFIX_PATH}:/home/kidd/agv_station/install/amr_v4_station:/opt/ros/galactic /usr/bin/cmake --build /home/kidd/agv_station/build/station_launch -- -j6 -l6
[5.276s] DEBUG:colcon.colcon_core.event_handler.log_command:Invoking command in '/home/kidd/agv_station/build/station_launch': CMAKE_PREFIX_PATH=${CMAKE_PREFIX_PATH}:/home/kidd/agv_station/install/amr_v4_station:/opt/ros/galactic /usr/bin/cmake --install /home/kidd/agv_station/build/station_launch
[5.339s] Level 1:colcon.colcon_core.environment:create_environment_scripts_only(station_launch)
[5.354s] DEBUG:colcon.colcon_core.event_handler.log_command:Invoked command in '/home/kidd/agv_station/build/station_launch' returned '0': CMAKE_PREFIX_PATH=${CMAKE_PREFIX_PATH}:/home/kidd/agv_station/install/amr_v4_station:/opt/ros/galactic /usr/bin/cmake --install /home/kidd/agv_station/build/station_launch
[5.372s] Level 1:colcon.colcon_core.environment:checking '/home/kidd/agv_station/install/station_launch' for CMake module files
[5.375s] Level 1:colcon.colcon_core.environment:checking '/home/kidd/agv_station/install/station_launch' for CMake config files
[5.376s] Level 1:colcon.colcon_core.shell:create_environment_hook('station_launch', 'cmake_prefix_path')
[5.378s] INFO:colcon.colcon_core.shell:Creating environment hook '/home/kidd/agv_station/install/station_launch/share/station_launch/hook/cmake_prefix_path.ps1'
[5.381s] INFO:colcon.colcon_core.shell:Creating environment descriptor '/home/kidd/agv_station/install/station_launch/share/station_launch/hook/cmake_prefix_path.dsv'
[5.384s] INFO:colcon.colcon_core.shell:Creating environment hook '/home/kidd/agv_station/install/station_launch/share/station_launch/hook/cmake_prefix_path.sh'
[5.390s] Level 1:colcon.colcon_core.environment:checking '/home/kidd/agv_station/install/station_launch/bin'
[5.390s] Level 1:colcon.colcon_core.environment:checking '/home/kidd/agv_station/install/station_launch/lib/pkgconfig/station_launch.pc'
[5.392s] Level 1:colcon.colcon_core.environment:checking '/home/kidd/agv_station/install/station_launch/lib/python3.8/site-packages'
[5.393s] Level 1:colcon.colcon_core.environment:checking '/home/kidd/agv_station/install/station_launch/bin'
[5.394s] INFO:colcon.colcon_core.shell:Creating package script '/home/kidd/agv_station/install/station_launch/share/station_launch/package.ps1'
[5.399s] INFO:colcon.colcon_core.shell:Creating package descriptor '/home/kidd/agv_station/install/station_launch/share/station_launch/package.dsv'
[5.402s] INFO:colcon.colcon_core.shell:Creating package script '/home/kidd/agv_station/install/station_launch/share/station_launch/package.sh'
[5.406s] INFO:colcon.colcon_core.shell:Creating package script '/home/kidd/agv_station/install/station_launch/share/station_launch/package.bash'
[5.411s] INFO:colcon.colcon_core.shell:Creating package script '/home/kidd/agv_station/install/station_launch/share/station_launch/package.zsh'
[5.415s] Level 1:colcon.colcon_core.environment:create_file_with_runtime_dependencies(/home/kidd/agv_station/install/station_launch/share/colcon-core/packages/station_launch)
[5.569s] Level 1:colcon.colcon_core.environment:create_environment_scripts_only(station_launch)
[5.573s] Level 1:colcon.colcon_core.environment:checking '/home/kidd/agv_station/install/station_launch' for CMake module files
[5.577s] Level 1:colcon.colcon_core.environment:checking '/home/kidd/agv_station/install/station_launch' for CMake config files
[5.579s] Level 1:colcon.colcon_core.shell:create_environment_hook('station_launch', 'cmake_prefix_path')
[5.581s] INFO:colcon.colcon_core.shell:Creating environment hook '/home/kidd/agv_station/install/station_launch/share/station_launch/hook/cmake_prefix_path.ps1'
[5.587s] INFO:colcon.colcon_core.shell:Creating environment descriptor '/home/kidd/agv_station/install/station_launch/share/station_launch/hook/cmake_prefix_path.dsv'
[5.590s] INFO:colcon.colcon_core.shell:Creating environment hook '/home/kidd/agv_station/install/station_launch/share/station_launch/hook/cmake_prefix_path.sh'
[5.595s] Level 1:colcon.colcon_core.environment:checking '/home/kidd/agv_station/install/station_launch/bin'
[5.595s] Level 1:colcon.colcon_core.environment:checking '/home/kidd/agv_station/install/station_launch/lib/pkgconfig/station_launch.pc'
[5.597s] Level 1:colcon.colcon_core.environment:checking '/home/kidd/agv_station/install/station_launch/lib/python3.8/site-packages'
[5.598s] Level 1:colcon.colcon_core.environment:checking '/home/kidd/agv_station/install/station_launch/bin'
[5.600s] INFO:colcon.colcon_core.shell:Creating package script '/home/kidd/agv_station/install/station_launch/share/station_launch/package.ps1'
[5.605s] INFO:colcon.colcon_core.shell:Creating package descriptor '/home/kidd/agv_station/install/station_launch/share/station_launch/package.dsv'
[5.610s] INFO:colcon.colcon_core.shell:Creating package script '/home/kidd/agv_station/install/station_launch/share/station_launch/package.sh'
[5.613s] INFO:colcon.colcon_core.shell:Creating package script '/home/kidd/agv_station/install/station_launch/share/station_launch/package.bash'
[5.616s] INFO:colcon.colcon_core.shell:Creating package script '/home/kidd/agv_station/install/station_launch/share/station_launch/package.zsh'
[5.618s] Level 1:colcon.colcon_core.environment:create_file_with_runtime_dependencies(/home/kidd/agv_station/install/station_launch/share/colcon-core/packages/station_launch)
[7.516s] DEBUG:colcon.colcon_core.event_handler.log_command:Invoking command in '/home/kidd/agv_station/src/amr_v4_station': PYTHONPATH=/home/kidd/agv_station/build/amr_v4_station/prefix_override:/home/kidd/agv_station/install/amr_v4_station/lib/python3.8/site-packages:${PYTHONPATH} /usr/bin/python3 -W ignore:setup.py install is deprecated setup.py egg_info --egg-base ../../build/amr_v4_station build --build-base /home/kidd/agv_station/build/amr_v4_station/build install --record /home/kidd/agv_station/build/amr_v4_station/install.log --single-version-externally-managed install_data
[8.335s] DEBUG:colcon.colcon_core.event_handler.log_command:Invoked command in '/home/kidd/agv_station/build/amr_v4_msgs_srvs' returned '0': CMAKE_PREFIX_PATH=${CMAKE_PREFIX_PATH}:/home/kidd/agv_station/install/amr_v4_station:/opt/ros/galactic /usr/bin/cmake --build /home/kidd/agv_station/build/amr_v4_msgs_srvs -- -j6 -l6
[8.671s] DEBUG:colcon.colcon_core.event_handler.log_command:Invoking command in '/home/kidd/agv_station/build/amr_v4_msgs_srvs': CMAKE_PREFIX_PATH=${CMAKE_PREFIX_PATH}:/home/kidd/agv_station/install/amr_v4_station:/opt/ros/galactic /usr/bin/cmake --install /home/kidd/agv_station/build/amr_v4_msgs_srvs
[9.107s] Level 1:colcon.colcon_core.environment:create_environment_scripts_only(amr_v4_msgs_srvs)
[9.111s] Level 1:colcon.colcon_core.environment:checking '/home/kidd/agv_station/install/amr_v4_msgs_srvs' for CMake module files
[9.120s] DEBUG:colcon.colcon_core.event_handler.log_command:Invoked command in '/home/kidd/agv_station/build/amr_v4_msgs_srvs' returned '0': CMAKE_PREFIX_PATH=${CMAKE_PREFIX_PATH}:/home/kidd/agv_station/install/amr_v4_station:/opt/ros/galactic /usr/bin/cmake --install /home/kidd/agv_station/build/amr_v4_msgs_srvs
[9.121s] Level 1:colcon.colcon_core.environment:checking '/home/kidd/agv_station/install/amr_v4_msgs_srvs' for CMake config files
[9.123s] Level 1:colcon.colcon_core.shell:create_environment_hook('amr_v4_msgs_srvs', 'cmake_prefix_path')
[9.125s] INFO:colcon.colcon_core.shell:Creating environment hook '/home/kidd/agv_station/install/amr_v4_msgs_srvs/share/amr_v4_msgs_srvs/hook/cmake_prefix_path.ps1'
[9.129s] INFO:colcon.colcon_core.shell:Creating environment descriptor '/home/kidd/agv_station/install/amr_v4_msgs_srvs/share/amr_v4_msgs_srvs/hook/cmake_prefix_path.dsv'
[9.132s] INFO:colcon.colcon_core.shell:Creating environment hook '/home/kidd/agv_station/install/amr_v4_msgs_srvs/share/amr_v4_msgs_srvs/hook/cmake_prefix_path.sh'
[9.138s] Level 1:colcon.colcon_core.environment:checking '/home/kidd/agv_station/install/amr_v4_msgs_srvs/lib'
[9.140s] Level 1:colcon.colcon_core.shell:create_environment_hook('amr_v4_msgs_srvs', 'ld_library_path_lib')
[9.142s] INFO:colcon.colcon_core.shell:Creating environment hook '/home/kidd/agv_station/install/amr_v4_msgs_srvs/share/amr_v4_msgs_srvs/hook/ld_library_path_lib.ps1'
[9.146s] INFO:colcon.colcon_core.shell:Creating environment descriptor '/home/kidd/agv_station/install/amr_v4_msgs_srvs/share/amr_v4_msgs_srvs/hook/ld_library_path_lib.dsv'
[9.148s] INFO:colcon.colcon_core.shell:Creating environment hook '/home/kidd/agv_station/install/amr_v4_msgs_srvs/share/amr_v4_msgs_srvs/hook/ld_library_path_lib.sh'
[9.151s] Level 1:colcon.colcon_core.environment:checking '/home/kidd/agv_station/install/amr_v4_msgs_srvs/bin'
[9.152s] Level 1:colcon.colcon_core.environment:checking '/home/kidd/agv_station/install/amr_v4_msgs_srvs/lib/pkgconfig/amr_v4_msgs_srvs.pc'
[9.154s] Level 1:colcon.colcon_core.environment:checking '/home/kidd/agv_station/install/amr_v4_msgs_srvs/lib/python3.8/site-packages'
[9.154s] Level 1:colcon.colcon_core.shell:create_environment_hook('amr_v4_msgs_srvs', 'pythonpath')
[9.156s] INFO:colcon.colcon_core.shell:Creating environment hook '/home/kidd/agv_station/install/amr_v4_msgs_srvs/share/amr_v4_msgs_srvs/hook/pythonpath.ps1'
[9.159s] INFO:colcon.colcon_core.shell:Creating environment descriptor '/home/kidd/agv_station/install/amr_v4_msgs_srvs/share/amr_v4_msgs_srvs/hook/pythonpath.dsv'
[9.161s] INFO:colcon.colcon_core.shell:Creating environment hook '/home/kidd/agv_station/install/amr_v4_msgs_srvs/share/amr_v4_msgs_srvs/hook/pythonpath.sh'
[9.164s] Level 1:colcon.colcon_core.environment:checking '/home/kidd/agv_station/install/amr_v4_msgs_srvs/bin'
[9.167s] INFO:colcon.colcon_core.shell:Creating package script '/home/kidd/agv_station/install/amr_v4_msgs_srvs/share/amr_v4_msgs_srvs/package.ps1'
[9.172s] INFO:colcon.colcon_core.shell:Creating package descriptor '/home/kidd/agv_station/install/amr_v4_msgs_srvs/share/amr_v4_msgs_srvs/package.dsv'
[9.178s] INFO:colcon.colcon_core.shell:Creating package script '/home/kidd/agv_station/install/amr_v4_msgs_srvs/share/amr_v4_msgs_srvs/package.sh'
[9.182s] INFO:colcon.colcon_core.shell:Creating package script '/home/kidd/agv_station/install/amr_v4_msgs_srvs/share/amr_v4_msgs_srvs/package.bash'
[9.185s] INFO:colcon.colcon_core.shell:Creating package script '/home/kidd/agv_station/install/amr_v4_msgs_srvs/share/amr_v4_msgs_srvs/package.zsh'
[9.189s] Level 1:colcon.colcon_core.environment:create_file_with_runtime_dependencies(/home/kidd/agv_station/install/amr_v4_msgs_srvs/share/colcon-core/packages/amr_v4_msgs_srvs)
[9.451s] Level 1:colcon.colcon_core.environment:checking '/home/kidd/agv_station/install/amr_v4_station' for CMake module files
[9.457s] DEBUG:colcon.colcon_core.event_handler.log_command:Invoked command in '/home/kidd/agv_station/src/amr_v4_station' returned '0': PYTHONPATH=/home/kidd/agv_station/build/amr_v4_station/prefix_override:/home/kidd/agv_station/install/amr_v4_station/lib/python3.8/site-packages:${PYTHONPATH} /usr/bin/python3 -W ignore:setup.py install is deprecated setup.py egg_info --egg-base ../../build/amr_v4_station build --build-base /home/kidd/agv_station/build/amr_v4_station/build install --record /home/kidd/agv_station/build/amr_v4_station/install.log --single-version-externally-managed install_data
[9.460s] Level 1:colcon.colcon_core.environment:checking '/home/kidd/agv_station/install/amr_v4_station' for CMake config files
[9.464s] Level 1:colcon.colcon_core.environment:checking '/home/kidd/agv_station/install/amr_v4_station/lib'
[9.465s] Level 1:colcon.colcon_core.environment:checking '/home/kidd/agv_station/install/amr_v4_station/bin'
[9.465s] Level 1:colcon.colcon_core.environment:checking '/home/kidd/agv_station/install/amr_v4_station/lib/pkgconfig/amr_v4_station.pc'
[9.468s] Level 1:colcon.colcon_core.environment:checking '/home/kidd/agv_station/install/amr_v4_station/lib/python3.8/site-packages'
[9.468s] Level 1:colcon.colcon_core.shell:create_environment_hook('amr_v4_station', 'pythonpath')
[9.470s] INFO:colcon.colcon_core.shell:Creating environment hook '/home/kidd/agv_station/install/amr_v4_station/share/amr_v4_station/hook/pythonpath.ps1'
[9.474s] INFO:colcon.colcon_core.shell:Creating environment descriptor '/home/kidd/agv_station/install/amr_v4_station/share/amr_v4_station/hook/pythonpath.dsv'
[9.476s] INFO:colcon.colcon_core.shell:Creating environment hook '/home/kidd/agv_station/install/amr_v4_station/share/amr_v4_station/hook/pythonpath.sh'
[9.479s] Level 1:colcon.colcon_core.environment:checking '/home/kidd/agv_station/install/amr_v4_station/bin'
[9.480s] Level 1:colcon.colcon_core.environment:create_environment_scripts_only(amr_v4_station)
[9.482s] INFO:colcon.colcon_core.shell:Creating package script '/home/kidd/agv_station/install/amr_v4_station/share/amr_v4_station/package.ps1'
[9.486s] INFO:colcon.colcon_core.shell:Creating package descriptor '/home/kidd/agv_station/install/amr_v4_station/share/amr_v4_station/package.dsv'
[9.489s] INFO:colcon.colcon_core.shell:Creating package script '/home/kidd/agv_station/install/amr_v4_station/share/amr_v4_station/package.sh'
[9.492s] INFO:colcon.colcon_core.shell:Creating package script '/home/kidd/agv_station/install/amr_v4_station/share/amr_v4_station/package.bash'
[9.494s] INFO:colcon.colcon_core.shell:Creating package script '/home/kidd/agv_station/install/amr_v4_station/share/amr_v4_station/package.zsh'
[9.497s] Level 1:colcon.colcon_core.environment:create_file_with_runtime_dependencies(/home/kidd/agv_station/install/amr_v4_station/share/colcon-core/packages/amr_v4_station)
[9.788s] Level 1:colcon.colcon_core.environment:create_environment_scripts_only(amr_v4_msgs_srvs)
[9.789s] Level 1:colcon.colcon_core.environment:checking '/home/kidd/agv_station/install/amr_v4_msgs_srvs' for CMake module files
[9.794s] Level 1:colcon.colcon_core.environment:checking '/home/kidd/agv_station/install/amr_v4_msgs_srvs' for CMake config files
[9.795s] Level 1:colcon.colcon_core.shell:create_environment_hook('amr_v4_msgs_srvs', 'cmake_prefix_path')
[9.797s] INFO:colcon.colcon_core.shell:Creating environment hook '/home/kidd/agv_station/install/amr_v4_msgs_srvs/share/amr_v4_msgs_srvs/hook/cmake_prefix_path.ps1'
[9.799s] INFO:colcon.colcon_core.shell:Creating environment descriptor '/home/kidd/agv_station/install/amr_v4_msgs_srvs/share/amr_v4_msgs_srvs/hook/cmake_prefix_path.dsv'
[9.801s] INFO:colcon.colcon_core.shell:Creating environment hook '/home/kidd/agv_station/install/amr_v4_msgs_srvs/share/amr_v4_msgs_srvs/hook/cmake_prefix_path.sh'
[9.805s] Level 1:colcon.colcon_core.environment:checking '/home/kidd/agv_station/install/amr_v4_msgs_srvs/lib'
[9.806s] Level 1:colcon.colcon_core.shell:create_environment_hook('amr_v4_msgs_srvs', 'ld_library_path_lib')
[9.807s] INFO:colcon.colcon_core.shell:Creating environment hook '/home/kidd/agv_station/install/amr_v4_msgs_srvs/share/amr_v4_msgs_srvs/hook/ld_library_path_lib.ps1'
[9.810s] INFO:colcon.colcon_core.shell:Creating environment descriptor '/home/kidd/agv_station/install/amr_v4_msgs_srvs/share/amr_v4_msgs_srvs/hook/ld_library_path_lib.dsv'
[9.812s] INFO:colcon.colcon_core.shell:Creating environment hook '/home/kidd/agv_station/install/amr_v4_msgs_srvs/share/amr_v4_msgs_srvs/hook/ld_library_path_lib.sh'
[9.814s] Level 1:colcon.colcon_core.environment:checking '/home/kidd/agv_station/install/amr_v4_msgs_srvs/bin'
[9.815s] Level 1:colcon.colcon_core.environment:checking '/home/kidd/agv_station/install/amr_v4_msgs_srvs/lib/pkgconfig/amr_v4_msgs_srvs.pc'
[9.816s] Level 1:colcon.colcon_core.environment:checking '/home/kidd/agv_station/install/amr_v4_msgs_srvs/lib/python3.8/site-packages'
[9.816s] Level 1:colcon.colcon_core.shell:create_environment_hook('amr_v4_msgs_srvs', 'pythonpath')
[9.817s] INFO:colcon.colcon_core.shell:Creating environment hook '/home/kidd/agv_station/install/amr_v4_msgs_srvs/share/amr_v4_msgs_srvs/hook/pythonpath.ps1'
[9.820s] INFO:colcon.colcon_core.shell:Creating environment descriptor '/home/kidd/agv_station/install/amr_v4_msgs_srvs/share/amr_v4_msgs_srvs/hook/pythonpath.dsv'
[9.822s] INFO:colcon.colcon_core.shell:Creating environment hook '/home/kidd/agv_station/install/amr_v4_msgs_srvs/share/amr_v4_msgs_srvs/hook/pythonpath.sh'
[9.825s] Level 1:colcon.colcon_core.environment:checking '/home/kidd/agv_station/install/amr_v4_msgs_srvs/bin'
[9.828s] INFO:colcon.colcon_core.shell:Creating package script '/home/kidd/agv_station/install/amr_v4_msgs_srvs/share/amr_v4_msgs_srvs/package.ps1'
[9.831s] INFO:colcon.colcon_core.shell:Creating package descriptor '/home/kidd/agv_station/install/amr_v4_msgs_srvs/share/amr_v4_msgs_srvs/package.dsv'
[9.836s] INFO:colcon.colcon_core.shell:Creating package script '/home/kidd/agv_station/install/amr_v4_msgs_srvs/share/amr_v4_msgs_srvs/package.sh'
[9.841s] INFO:colcon.colcon_core.shell:Creating package script '/home/kidd/agv_station/install/amr_v4_msgs_srvs/share/amr_v4_msgs_srvs/package.bash'
[9.846s] INFO:colcon.colcon_core.shell:Creating package script '/home/kidd/agv_station/install/amr_v4_msgs_srvs/share/amr_v4_msgs_srvs/package.zsh'
[9.849s] Level 1:colcon.colcon_core.environment:create_file_with_runtime_dependencies(/home/kidd/agv_station/install/amr_v4_msgs_srvs/share/colcon-core/packages/amr_v4_msgs_srvs)
[9.851s] DEBUG:colcon.colcon_parallel_executor.executor.parallel:closing loop
[9.854s] DEBUG:colcon.colcon_parallel_executor.executor.parallel:loop closed
[9.856s] DEBUG:colcon.colcon_parallel_executor.executor.parallel:run_until_complete finished with '0'
[9.856s] DEBUG:colcon.colcon_core.event_reactor:joining thread
[9.909s] INFO:colcon.colcon_core.plugin_system:Skipping extension 'colcon_notification.desktop_notification.terminal_notifier': Not used on non-Darwin systems
[9.910s] INFO:colcon.colcon_core.plugin_system:Skipping extension 'colcon_notification.desktop_notification.win32': Not used on non-Windows systems
[9.912s] INFO:colcon.colcon_notification.desktop_notification:Sending desktop notification using 'notify2'
[10.042s] DEBUG:colcon.colcon_core.event_reactor:joined thread
[10.045s] INFO:colcon.colcon_core.shell:Creating prefix script '/home/kidd/agv_station/install/local_setup.ps1'
[10.051s] INFO:colcon.colcon_core.shell:Creating prefix util module '/home/kidd/agv_station/install/_local_setup_util_ps1.py'
[10.077s] INFO:colcon.colcon_core.shell:Creating prefix chain script '/home/kidd/agv_station/install/setup.ps1'
[10.085s] INFO:colcon.colcon_core.shell:Creating prefix script '/home/kidd/agv_station/install/local_setup.sh'
[10.090s] INFO:colcon.colcon_core.shell:Creating prefix util module '/home/kidd/agv_station/install/_local_setup_util_sh.py'
[10.093s] INFO:colcon.colcon_core.shell:Creating prefix chain script '/home/kidd/agv_station/install/setup.sh'
[10.099s] INFO:colcon.colcon_core.shell:Creating prefix script '/home/kidd/agv_station/install/local_setup.bash'
[10.102s] INFO:colcon.colcon_core.shell:Creating prefix chain script '/home/kidd/agv_station/install/setup.bash'
[10.108s] INFO:colcon.colcon_core.shell:Creating prefix script '/home/kidd/agv_station/install/local_setup.zsh'
[10.110s] INFO:colcon.colcon_core.shell:Creating prefix chain script '/home/kidd/agv_station/install/setup.zsh'
