-- Found ament_cmake: 1.1.6 (/opt/ros/galactic/share/ament_cmake/cmake)
-- Found PythonInterp: /usr/bin/python3 (found suitable version "3.8.10", minimum required is "3") 
-- Using PYTHON_EXECUTABLE: /usr/bin/python3
-- Override CMake install command with custom implementation using symlinks instead of copying resources
-- Found rosidl_default_generators: 1.1.1 (/opt/ros/galactic/share/rosidl_default_generators/cmake)
-- Using all available rosidl_typesupport_c: rosidl_typesupport_fastrtps_c;rosidl_typesupport_introspection_c
-- Found rosidl_adapter: 2.2.3 (/opt/ros/galactic/share/rosidl_adapter/cmake)
-- Using all available rosidl_typesupport_cpp: rosidl_typesupport_fastrtps_cpp;rosidl_typesupport_introspection_cpp
-- Found PythonInterp: /usr/bin/python3 (found version "3.8.10") 
-- Found ament_cmake_ros: 0.9.2 (/opt/ros/galactic/share/ament_cmake_ros/cmake)
-- Using all available rosidl_typesupport_c: rosidl_typesupport_fastrtps_c;rosidl_typesupport_introspection_c
-- Using all available rosidl_typesupport_cpp: rosidl_typesupport_fastrtps_cpp;rosidl_typesupport_introspection_cpp
-- Found PythonInterp: /usr/bin/python3 (found suitable version "3.8.10", minimum required is "3.5") 
-- Found python_cmake_module: 0.8.1 (/opt/ros/galactic/share/python_cmake_module/cmake)
-- Using PYTHON_EXECUTABLE: /usr/bin/python3
-- Using PYTHON_INCLUDE_DIRS: /usr/include/python3.8
-- Using PYTHON_LIBRARIES: /usr/lib/aarch64-linux-gnu/libpython3.8.so
-- Configuring done
-- Generating done
-- Build files have been written to: /home/kidd/agv_station/build/amr_v4_msgs_srvs
[  9%] Built target amr_v4_msgs_srvs__rosidl_generator_c
[ 12%] Built target amr_v4_msgs_srvs__cpp
[ 22%] Built target amr_v4_msgs_srvs__rosidl_typesupport_cpp
[ 32%] Built target amr_v4_msgs_srvs__rosidl_typesupport_introspection_c
[ 41%] Built target amr_v4_msgs_srvs__rosidl_typesupport_c
[ 51%] Built target amr_v4_msgs_srvs__rosidl_typesupport_introspection_cpp
[ 54%] [32m[1mLinking CXX shared library libamr_v4_msgs_srvs__rosidl_typesupport_fastrtps_cpp.so[0m
[ 61%] Built target amr_v4_msgs_srvs__rosidl_typesupport_fastrtps_cpp
[ 64%] [32m[1mLinking CXX shared library libamr_v4_msgs_srvs__rosidl_typesupport_fastrtps_c.so[0m
[ 70%] Built target amr_v4_msgs_srvs__rosidl_typesupport_fastrtps_c
[ 70%] Built target amr_v4_msgs_srvs
[ 74%] Built target amr_v4_msgs_srvs__py
[ 77%] [32m[1mLinking C shared library rosidl_generator_py/amr_v4_msgs_srvs/libamr_v4_msgs_srvs__python.so[0m
[ 80%] Built target amr_v4_msgs_srvs__python
[ 83%] [32m[1mLinking CXX shared library rosidl_generator_py/amr_v4_msgs_srvs/amr_v4_msgs_srvs_s__rosidl_typesupport_fastrtps_c.cpython-38-aarch64-linux-gnu.so[0m
[ 87%] [32m[1mLinking C shared library rosidl_generator_py/amr_v4_msgs_srvs/amr_v4_msgs_srvs_s__rosidl_typesupport_c.cpython-38-aarch64-linux-gnu.so[0m
[ 90%] [32m[1mLinking C shared library rosidl_generator_py/amr_v4_msgs_srvs/amr_v4_msgs_srvs_s__rosidl_typesupport_introspection_c.cpython-38-aarch64-linux-gnu.so[0m
[ 93%] Built target amr_v4_msgs_srvs__rosidl_typesupport_c__pyext
[ 96%] Built target amr_v4_msgs_srvs__rosidl_typesupport_introspection_c__pyext
[100%] Built target amr_v4_msgs_srvs__rosidl_typesupport_fastrtps_c__pyext
-- Install configuration: ""
-- Execute custom install script
-- Symlinking: /home/kidd/agv_station/install/amr_v4_msgs_srvs/share/ament_index/resource_index/rosidl_interfaces/amr_v4_msgs_srvs
-- Symlinking: /home/kidd/agv_station/install/amr_v4_msgs_srvs/include/amr_v4_msgs_srvs/msg/detail/sensor__functions.h
-- Symlinking: /home/kidd/agv_station/install/amr_v4_msgs_srvs/include/amr_v4_msgs_srvs/msg/detail/sensor__struct.h
-- Symlinking: /home/kidd/agv_station/install/amr_v4_msgs_srvs/include/amr_v4_msgs_srvs/msg/detail/sensor__type_support.h
-- Symlinking: /home/kidd/agv_station/install/amr_v4_msgs_srvs/include/amr_v4_msgs_srvs/msg/rosidl_generator_c__visibility_control.h
-- Symlinking: /home/kidd/agv_station/install/amr_v4_msgs_srvs/include/amr_v4_msgs_srvs/msg/sensor.h
-- Symlinking: /home/kidd/agv_station/install/amr_v4_msgs_srvs/share/amr_v4_msgs_srvs/environment/library_path.sh
-- Symlinking: /home/kidd/agv_station/install/amr_v4_msgs_srvs/share/amr_v4_msgs_srvs/environment/library_path.dsv
-- Symlinking: /home/kidd/agv_station/install/amr_v4_msgs_srvs/include/amr_v4_msgs_srvs/msg/detail/sensor__rosidl_typesupport_fastrtps_c.h
-- Symlinking: /home/kidd/agv_station/install/amr_v4_msgs_srvs/include/amr_v4_msgs_srvs/msg/rosidl_typesupport_fastrtps_c__visibility_control.h
-- Symlinking: /home/kidd/agv_station/install/amr_v4_msgs_srvs/lib/libamr_v4_msgs_srvs__rosidl_typesupport_fastrtps_c.so
-- Symlinking: /home/kidd/agv_station/install/amr_v4_msgs_srvs/include/amr_v4_msgs_srvs/msg/detail/sensor__rosidl_typesupport_fastrtps_cpp.hpp
-- Symlinking: /home/kidd/agv_station/install/amr_v4_msgs_srvs/include/amr_v4_msgs_srvs/msg/rosidl_typesupport_fastrtps_cpp__visibility_control.h
-- Symlinking: /home/kidd/agv_station/install/amr_v4_msgs_srvs/lib/libamr_v4_msgs_srvs__rosidl_typesupport_fastrtps_cpp.so
-- Symlinking: /home/kidd/agv_station/install/amr_v4_msgs_srvs/include/amr_v4_msgs_srvs/msg/detail/sensor__rosidl_typesupport_introspection_c.h
-- Symlinking: /home/kidd/agv_station/install/amr_v4_msgs_srvs/include/amr_v4_msgs_srvs/msg/rosidl_typesupport_introspection_c__visibility_control.h
-- Symlinking: /home/kidd/agv_station/install/amr_v4_msgs_srvs/include/amr_v4_msgs_srvs/msg/detail/sensor__builder.hpp
-- Symlinking: /home/kidd/agv_station/install/amr_v4_msgs_srvs/include/amr_v4_msgs_srvs/msg/detail/sensor__struct.hpp
-- Symlinking: /home/kidd/agv_station/install/amr_v4_msgs_srvs/include/amr_v4_msgs_srvs/msg/detail/sensor__traits.hpp
-- Symlinking: /home/kidd/agv_station/install/amr_v4_msgs_srvs/include/amr_v4_msgs_srvs/msg/sensor.hpp
-- Symlinking: /home/kidd/agv_station/install/amr_v4_msgs_srvs/include/amr_v4_msgs_srvs/msg/detail/sensor__rosidl_typesupport_introspection_cpp.hpp
-- Symlinking: /home/kidd/agv_station/install/amr_v4_msgs_srvs/share/amr_v4_msgs_srvs/environment/pythonpath.sh
-- Symlinking: /home/kidd/agv_station/install/amr_v4_msgs_srvs/share/amr_v4_msgs_srvs/environment/pythonpath.dsv
-- Symlinking: /home/kidd/agv_station/install/amr_v4_msgs_srvs/lib/python3.8/site-packages/amr_v4_msgs_srvs/__init__.py
-- Symlinking: /home/kidd/agv_station/install/amr_v4_msgs_srvs/lib/python3.8/site-packages/amr_v4_msgs_srvs/msg/__init__.py
-- Symlinking: /home/kidd/agv_station/install/amr_v4_msgs_srvs/lib/python3.8/site-packages/amr_v4_msgs_srvs/msg/_sensor.py
-- Symlinking: /home/kidd/agv_station/install/amr_v4_msgs_srvs/lib/python3.8/site-packages/amr_v4_msgs_srvs/amr_v4_msgs_srvs_s__rosidl_typesupport_fastrtps_c.cpython-38-aarch64-linux-gnu.so
-- Symlinking: /home/kidd/agv_station/install/amr_v4_msgs_srvs/lib/python3.8/site-packages/amr_v4_msgs_srvs/amr_v4_msgs_srvs_s__rosidl_typesupport_introspection_c.cpython-38-aarch64-linux-gnu.so
-- Symlinking: /home/kidd/agv_station/install/amr_v4_msgs_srvs/lib/python3.8/site-packages/amr_v4_msgs_srvs/amr_v4_msgs_srvs_s__rosidl_typesupport_c.cpython-38-aarch64-linux-gnu.so
-- Symlinking: /home/kidd/agv_station/install/amr_v4_msgs_srvs/lib/libamr_v4_msgs_srvs__python.so
-- Symlinking: /home/kidd/agv_station/install/amr_v4_msgs_srvs/share/amr_v4_msgs_srvs/msg/Sensor.idl
-- Symlinking: /home/kidd/agv_station/install/amr_v4_msgs_srvs/share/amr_v4_msgs_srvs/msg/Sensor.msg
-- Symlinking: /home/kidd/agv_station/install/amr_v4_msgs_srvs/share/ament_index/resource_index/package_run_dependencies/amr_v4_msgs_srvs
-- Symlinking: /home/kidd/agv_station/install/amr_v4_msgs_srvs/share/ament_index/resource_index/parent_prefix_path/amr_v4_msgs_srvs
-- Symlinking: /home/kidd/agv_station/install/amr_v4_msgs_srvs/share/amr_v4_msgs_srvs/environment/ament_prefix_path.sh
-- Symlinking: /home/kidd/agv_station/install/amr_v4_msgs_srvs/share/amr_v4_msgs_srvs/environment/ament_prefix_path.dsv
-- Symlinking: /home/kidd/agv_station/install/amr_v4_msgs_srvs/share/amr_v4_msgs_srvs/environment/path.sh
-- Symlinking: /home/kidd/agv_station/install/amr_v4_msgs_srvs/share/amr_v4_msgs_srvs/environment/path.dsv
-- Symlinking: /home/kidd/agv_station/install/amr_v4_msgs_srvs/share/amr_v4_msgs_srvs/local_setup.bash
-- Symlinking: /home/kidd/agv_station/install/amr_v4_msgs_srvs/share/amr_v4_msgs_srvs/local_setup.sh
-- Symlinking: /home/kidd/agv_station/install/amr_v4_msgs_srvs/share/amr_v4_msgs_srvs/local_setup.zsh
-- Symlinking: /home/kidd/agv_station/install/amr_v4_msgs_srvs/share/amr_v4_msgs_srvs/local_setup.dsv
-- Symlinking: /home/kidd/agv_station/install/amr_v4_msgs_srvs/share/amr_v4_msgs_srvs/package.dsv
-- Symlinking: /home/kidd/agv_station/install/amr_v4_msgs_srvs/share/ament_index/resource_index/packages/amr_v4_msgs_srvs
-- Symlinking: /home/kidd/agv_station/install/amr_v4_msgs_srvs/share/amr_v4_msgs_srvs/cmake/rosidl_cmake-extras.cmake
-- Symlinking: /home/kidd/agv_station/install/amr_v4_msgs_srvs/share/amr_v4_msgs_srvs/cmake/ament_cmake_export_dependencies-extras.cmake
-- Symlinking: /home/kidd/agv_station/install/amr_v4_msgs_srvs/share/amr_v4_msgs_srvs/cmake/ament_cmake_export_libraries-extras.cmake
-- Symlinking: /home/kidd/agv_station/install/amr_v4_msgs_srvs/share/amr_v4_msgs_srvs/cmake/ament_cmake_export_targets-extras.cmake
-- Symlinking: /home/kidd/agv_station/install/amr_v4_msgs_srvs/share/amr_v4_msgs_srvs/cmake/ament_cmake_export_include_directories-extras.cmake
-- Symlinking: /home/kidd/agv_station/install/amr_v4_msgs_srvs/share/amr_v4_msgs_srvs/cmake/rosidl_cmake_export_typesupport_libraries-extras.cmake
-- Symlinking: /home/kidd/agv_station/install/amr_v4_msgs_srvs/share/amr_v4_msgs_srvs/cmake/rosidl_cmake_export_typesupport_targets-extras.cmake
-- Symlinking: /home/kidd/agv_station/install/amr_v4_msgs_srvs/share/amr_v4_msgs_srvs/cmake/amr_v4_msgs_srvsConfig.cmake
-- Symlinking: /home/kidd/agv_station/install/amr_v4_msgs_srvs/share/amr_v4_msgs_srvs/cmake/amr_v4_msgs_srvsConfig-version.cmake
-- Symlinking: /home/kidd/agv_station/install/amr_v4_msgs_srvs/share/amr_v4_msgs_srvs/package.xml
-- Up-to-date: /home/kidd/agv_station/install/amr_v4_msgs_srvs/lib/libamr_v4_msgs_srvs__rosidl_generator_c.so
-- Up-to-date: /home/kidd/agv_station/install/amr_v4_msgs_srvs/lib/libamr_v4_msgs_srvs__rosidl_typesupport_introspection_c.so
-- Up-to-date: /home/kidd/agv_station/install/amr_v4_msgs_srvs/lib/libamr_v4_msgs_srvs__rosidl_typesupport_c.so
-- Up-to-date: /home/kidd/agv_station/install/amr_v4_msgs_srvs/lib/libamr_v4_msgs_srvs__rosidl_typesupport_introspection_cpp.so
-- Up-to-date: /home/kidd/agv_station/install/amr_v4_msgs_srvs/lib/libamr_v4_msgs_srvs__rosidl_typesupport_cpp.so
Compiling '/home/kidd/agv_station/install/amr_v4_msgs_srvs/lib/python3.8/site-packages/amr_v4_msgs_srvs/__init__.py'...
-- Up-to-date: /home/kidd/agv_station/install/amr_v4_msgs_srvs/share/amr_v4_msgs_srvs/cmake/amr_v4_msgs_srvs__rosidl_generator_cExport.cmake
-- Installing: /home/kidd/agv_station/install/amr_v4_msgs_srvs/share/amr_v4_msgs_srvs/cmake/amr_v4_msgs_srvs__rosidl_generator_cExport-noconfig.cmake
-- Up-to-date: /home/kidd/agv_station/install/amr_v4_msgs_srvs/share/amr_v4_msgs_srvs/cmake/amr_v4_msgs_srvs__rosidl_typesupport_introspection_cExport.cmake
-- Installing: /home/kidd/agv_station/install/amr_v4_msgs_srvs/share/amr_v4_msgs_srvs/cmake/amr_v4_msgs_srvs__rosidl_typesupport_introspection_cExport-noconfig.cmake
-- Up-to-date: /home/kidd/agv_station/install/amr_v4_msgs_srvs/share/amr_v4_msgs_srvs/cmake/amr_v4_msgs_srvs__rosidl_typesupport_cExport.cmake
-- Installing: /home/kidd/agv_station/install/amr_v4_msgs_srvs/share/amr_v4_msgs_srvs/cmake/amr_v4_msgs_srvs__rosidl_typesupport_cExport-noconfig.cmake
-- Up-to-date: /home/kidd/agv_station/install/amr_v4_msgs_srvs/share/amr_v4_msgs_srvs/cmake/amr_v4_msgs_srvs__rosidl_generator_cppExport.cmake
-- Up-to-date: /home/kidd/agv_station/install/amr_v4_msgs_srvs/share/amr_v4_msgs_srvs/cmake/amr_v4_msgs_srvs__rosidl_typesupport_introspection_cppExport.cmake
-- Installing: /home/kidd/agv_station/install/amr_v4_msgs_srvs/share/amr_v4_msgs_srvs/cmake/amr_v4_msgs_srvs__rosidl_typesupport_introspection_cppExport-noconfig.cmake
-- Up-to-date: /home/kidd/agv_station/install/amr_v4_msgs_srvs/share/amr_v4_msgs_srvs/cmake/amr_v4_msgs_srvs__rosidl_typesupport_cppExport.cmake
-- Installing: /home/kidd/agv_station/install/amr_v4_msgs_srvs/share/amr_v4_msgs_srvs/cmake/amr_v4_msgs_srvs__rosidl_typesupport_cppExport-noconfig.cmake
