[0.223s] Invoking command in '/home/kidd/agv_station/build/amr_v4_msgs_srvs': CMAKE_PREFIX_PATH=${CMAKE_PREFIX_PATH}:/home/kidd/agv_station/install/amr_v4_station:/opt/ros/galactic /usr/bin/cmake /home/kidd/agv_station/src/amr_v4_msgs_srvs -DAMENT_CMAKE_SYMLINK_INSTALL=1 -DCMAKE_INSTALL_PREFIX=/home/kidd/agv_station/install/amr_v4_msgs_srvs
[1.945s] -- Found ament_cmake: 1.1.6 (/opt/ros/galactic/share/ament_cmake/cmake)
[1.951s] -- Found PythonInterp: /usr/bin/python3 (found suitable version "3.8.10", minimum required is "3") 
[1.954s] -- Using PYTHON_EXECUTABLE: /usr/bin/python3
[1.960s] -- Override CMake install command with custom implementation using symlinks instead of copying resources
[1.968s] -- Found rosidl_default_generators: 1.1.1 (/opt/ros/galactic/share/rosidl_default_generators/cmake)
[1.980s] -- Using all available rosidl_typesupport_c: rosidl_typesupport_fastrtps_c;rosidl_typesupport_introspection_c
[1.986s] -- Found rosidl_adapter: 2.2.3 (/opt/ros/galactic/share/rosidl_adapter/cmake)
[1.987s] -- Using all available rosidl_typesupport_cpp: rosidl_typesupport_fastrtps_cpp;rosidl_typesupport_introspection_cpp
[1.999s] -- Found PythonInterp: /usr/bin/python3 (found version "3.8.10") 
[2.726s] -- Found ament_cmake_ros: 0.9.2 (/opt/ros/galactic/share/ament_cmake_ros/cmake)
[3.408s] -- Using all available rosidl_typesupport_c: rosidl_typesupport_fastrtps_c;rosidl_typesupport_introspection_c
[3.506s] -- Using all available rosidl_typesupport_cpp: rosidl_typesupport_fastrtps_cpp;rosidl_typesupport_introspection_cpp
[3.694s] -- Found PythonInterp: /usr/bin/python3 (found suitable version "3.8.10", minimum required is "3.5") 
[3.698s] -- Found python_cmake_module: 0.8.1 (/opt/ros/galactic/share/python_cmake_module/cmake)
[3.865s] -- Using PYTHON_EXECUTABLE: /usr/bin/python3
[3.866s] -- Using PYTHON_INCLUDE_DIRS: /usr/include/python3.8
[3.867s] -- Using PYTHON_LIBRARIES: /usr/lib/aarch64-linux-gnu/libpython3.8.so
[4.096s] -- Configuring done
[4.393s] -- Generating done
[4.417s] -- Build files have been written to: /home/kidd/agv_station/build/amr_v4_msgs_srvs
[4.523s] Invoked command in '/home/kidd/agv_station/build/amr_v4_msgs_srvs' returned '0': CMAKE_PREFIX_PATH=${CMAKE_PREFIX_PATH}:/home/kidd/agv_station/install/amr_v4_station:/opt/ros/galactic /usr/bin/cmake /home/kidd/agv_station/src/amr_v4_msgs_srvs -DAMENT_CMAKE_SYMLINK_INSTALL=1 -DCMAKE_INSTALL_PREFIX=/home/kidd/agv_station/install/amr_v4_msgs_srvs
[4.530s] Invoking command in '/home/kidd/agv_station/build/amr_v4_msgs_srvs': CMAKE_PREFIX_PATH=${CMAKE_PREFIX_PATH}:/home/kidd/agv_station/install/amr_v4_station:/opt/ros/galactic /usr/bin/cmake --build /home/kidd/agv_station/build/amr_v4_msgs_srvs -- -j6 -l6
[4.973s] [  9%] Built target amr_v4_msgs_srvs__rosidl_generator_c
[5.010s] [ 12%] Built target amr_v4_msgs_srvs__cpp
[5.220s] [ 22%] Built target amr_v4_msgs_srvs__rosidl_typesupport_cpp
[5.246s] [ 32%] Built target amr_v4_msgs_srvs__rosidl_typesupport_introspection_c
[5.277s] [ 41%] Built target amr_v4_msgs_srvs__rosidl_typesupport_c
[5.305s] [ 51%] Built target amr_v4_msgs_srvs__rosidl_typesupport_introspection_cpp
[5.331s] [ 54%] [32m[1mLinking CXX shared library libamr_v4_msgs_srvs__rosidl_typesupport_fastrtps_cpp.so[0m
[5.860s] [ 61%] Built target amr_v4_msgs_srvs__rosidl_typesupport_fastrtps_cpp
[6.008s] [ 64%] [32m[1mLinking CXX shared library libamr_v4_msgs_srvs__rosidl_typesupport_fastrtps_c.so[0m
[6.581s] [ 70%] Built target amr_v4_msgs_srvs__rosidl_typesupport_fastrtps_c
[6.729s] [ 70%] Built target amr_v4_msgs_srvs
[6.853s] [ 74%] Built target amr_v4_msgs_srvs__py
[7.007s] [ 77%] [32m[1mLinking C shared library rosidl_generator_py/amr_v4_msgs_srvs/libamr_v4_msgs_srvs__python.so[0m
[7.265s] [ 80%] Built target amr_v4_msgs_srvs__python
[7.433s] [ 83%] [32m[1mLinking CXX shared library rosidl_generator_py/amr_v4_msgs_srvs/amr_v4_msgs_srvs_s__rosidl_typesupport_fastrtps_c.cpython-38-aarch64-linux-gnu.so[0m
[7.444s] [ 87%] [32m[1mLinking C shared library rosidl_generator_py/amr_v4_msgs_srvs/amr_v4_msgs_srvs_s__rosidl_typesupport_c.cpython-38-aarch64-linux-gnu.so[0m
[7.454s] [ 90%] [32m[1mLinking C shared library rosidl_generator_py/amr_v4_msgs_srvs/amr_v4_msgs_srvs_s__rosidl_typesupport_introspection_c.cpython-38-aarch64-linux-gnu.so[0m
[7.672s] [ 93%] Built target amr_v4_msgs_srvs__rosidl_typesupport_c__pyext
[7.713s] [ 96%] Built target amr_v4_msgs_srvs__rosidl_typesupport_introspection_c__pyext
[7.877s] [100%] Built target amr_v4_msgs_srvs__rosidl_typesupport_fastrtps_c__pyext
[8.056s] Invoked command in '/home/kidd/agv_station/build/amr_v4_msgs_srvs' returned '0': CMAKE_PREFIX_PATH=${CMAKE_PREFIX_PATH}:/home/kidd/agv_station/install/amr_v4_station:/opt/ros/galactic /usr/bin/cmake --build /home/kidd/agv_station/build/amr_v4_msgs_srvs -- -j6 -l6
[8.388s] Invoking command in '/home/kidd/agv_station/build/amr_v4_msgs_srvs': CMAKE_PREFIX_PATH=${CMAKE_PREFIX_PATH}:/home/kidd/agv_station/install/amr_v4_station:/opt/ros/galactic /usr/bin/cmake --install /home/kidd/agv_station/build/amr_v4_msgs_srvs
[8.433s] -- Install configuration: ""
[8.436s] -- Execute custom install script
[8.439s] -- Symlinking: /home/kidd/agv_station/install/amr_v4_msgs_srvs/share/ament_index/resource_index/rosidl_interfaces/amr_v4_msgs_srvs
[8.491s] -- Symlinking: /home/kidd/agv_station/install/amr_v4_msgs_srvs/include/amr_v4_msgs_srvs/msg/detail/sensor__functions.h
[8.541s] -- Symlinking: /home/kidd/agv_station/install/amr_v4_msgs_srvs/include/amr_v4_msgs_srvs/msg/detail/sensor__struct.h
[8.594s] -- Symlinking: /home/kidd/agv_station/install/amr_v4_msgs_srvs/include/amr_v4_msgs_srvs/msg/detail/sensor__type_support.h
[8.644s] -- Symlinking: /home/kidd/agv_station/install/amr_v4_msgs_srvs/include/amr_v4_msgs_srvs/msg/rosidl_generator_c__visibility_control.h
[8.699s] -- Symlinking: /home/kidd/agv_station/install/amr_v4_msgs_srvs/include/amr_v4_msgs_srvs/msg/sensor.h
[8.753s] -- Symlinking: /home/kidd/agv_station/install/amr_v4_msgs_srvs/share/amr_v4_msgs_srvs/environment/library_path.sh
[8.807s] -- Symlinking: /home/kidd/agv_station/install/amr_v4_msgs_srvs/share/amr_v4_msgs_srvs/environment/library_path.dsv
[8.865s] -- Symlinking: /home/kidd/agv_station/install/amr_v4_msgs_srvs/include/amr_v4_msgs_srvs/msg/detail/sensor__rosidl_typesupport_fastrtps_c.h
[8.913s] -- Symlinking: /home/kidd/agv_station/install/amr_v4_msgs_srvs/include/amr_v4_msgs_srvs/msg/rosidl_typesupport_fastrtps_c__visibility_control.h
[8.969s] -- Symlinking: /home/kidd/agv_station/install/amr_v4_msgs_srvs/lib/libamr_v4_msgs_srvs__rosidl_typesupport_fastrtps_c.so
[9.035s] -- Symlinking: /home/kidd/agv_station/install/amr_v4_msgs_srvs/include/amr_v4_msgs_srvs/msg/detail/sensor__rosidl_typesupport_fastrtps_cpp.hpp
[9.089s] -- Symlinking: /home/kidd/agv_station/install/amr_v4_msgs_srvs/include/amr_v4_msgs_srvs/msg/rosidl_typesupport_fastrtps_cpp__visibility_control.h
[9.147s] -- Symlinking: /home/kidd/agv_station/install/amr_v4_msgs_srvs/lib/libamr_v4_msgs_srvs__rosidl_typesupport_fastrtps_cpp.so
[9.200s] -- Symlinking: /home/kidd/agv_station/install/amr_v4_msgs_srvs/include/amr_v4_msgs_srvs/msg/detail/sensor__rosidl_typesupport_introspection_c.h
[9.254s] -- Symlinking: /home/kidd/agv_station/install/amr_v4_msgs_srvs/include/amr_v4_msgs_srvs/msg/rosidl_typesupport_introspection_c__visibility_control.h
[9.315s] -- Symlinking: /home/kidd/agv_station/install/amr_v4_msgs_srvs/include/amr_v4_msgs_srvs/msg/detail/sensor__builder.hpp
[9.369s] -- Symlinking: /home/kidd/agv_station/install/amr_v4_msgs_srvs/include/amr_v4_msgs_srvs/msg/detail/sensor__struct.hpp
[9.419s] -- Symlinking: /home/kidd/agv_station/install/amr_v4_msgs_srvs/include/amr_v4_msgs_srvs/msg/detail/sensor__traits.hpp
[9.474s] -- Symlinking: /home/kidd/agv_station/install/amr_v4_msgs_srvs/include/amr_v4_msgs_srvs/msg/sensor.hpp
[9.529s] -- Symlinking: /home/kidd/agv_station/install/amr_v4_msgs_srvs/include/amr_v4_msgs_srvs/msg/detail/sensor__rosidl_typesupport_introspection_cpp.hpp
[9.586s] -- Symlinking: /home/kidd/agv_station/install/amr_v4_msgs_srvs/share/amr_v4_msgs_srvs/environment/pythonpath.sh
[9.641s] -- Symlinking: /home/kidd/agv_station/install/amr_v4_msgs_srvs/share/amr_v4_msgs_srvs/environment/pythonpath.dsv
[9.697s] -- Symlinking: /home/kidd/agv_station/install/amr_v4_msgs_srvs/lib/python3.8/site-packages/amr_v4_msgs_srvs/__init__.py
[9.752s] -- Symlinking: /home/kidd/agv_station/install/amr_v4_msgs_srvs/lib/python3.8/site-packages/amr_v4_msgs_srvs/msg/__init__.py
[9.818s] -- Symlinking: /home/kidd/agv_station/install/amr_v4_msgs_srvs/lib/python3.8/site-packages/amr_v4_msgs_srvs/msg/_sensor.py
[9.899s] -- Symlinking: /home/kidd/agv_station/install/amr_v4_msgs_srvs/lib/python3.8/site-packages/amr_v4_msgs_srvs/amr_v4_msgs_srvs_s__rosidl_typesupport_fastrtps_c.cpython-38-aarch64-linux-gnu.so
[9.956s] -- Symlinking: /home/kidd/agv_station/install/amr_v4_msgs_srvs/lib/python3.8/site-packages/amr_v4_msgs_srvs/amr_v4_msgs_srvs_s__rosidl_typesupport_introspection_c.cpython-38-aarch64-linux-gnu.so
[10.007s] -- Symlinking: /home/kidd/agv_station/install/amr_v4_msgs_srvs/lib/python3.8/site-packages/amr_v4_msgs_srvs/amr_v4_msgs_srvs_s__rosidl_typesupport_c.cpython-38-aarch64-linux-gnu.so
[10.058s] -- Symlinking: /home/kidd/agv_station/install/amr_v4_msgs_srvs/lib/libamr_v4_msgs_srvs__python.so
[10.111s] -- Symlinking: /home/kidd/agv_station/install/amr_v4_msgs_srvs/share/amr_v4_msgs_srvs/msg/Sensor.idl
[10.167s] -- Symlinking: /home/kidd/agv_station/install/amr_v4_msgs_srvs/share/amr_v4_msgs_srvs/msg/Sensor.msg
[10.224s] -- Symlinking: /home/kidd/agv_station/install/amr_v4_msgs_srvs/share/ament_index/resource_index/package_run_dependencies/amr_v4_msgs_srvs
[10.283s] -- Symlinking: /home/kidd/agv_station/install/amr_v4_msgs_srvs/share/ament_index/resource_index/parent_prefix_path/amr_v4_msgs_srvs
[10.339s] -- Symlinking: /home/kidd/agv_station/install/amr_v4_msgs_srvs/share/amr_v4_msgs_srvs/environment/ament_prefix_path.sh
[10.390s] -- Symlinking: /home/kidd/agv_station/install/amr_v4_msgs_srvs/share/amr_v4_msgs_srvs/environment/ament_prefix_path.dsv
[10.447s] -- Symlinking: /home/kidd/agv_station/install/amr_v4_msgs_srvs/share/amr_v4_msgs_srvs/environment/path.sh
[10.499s] -- Symlinking: /home/kidd/agv_station/install/amr_v4_msgs_srvs/share/amr_v4_msgs_srvs/environment/path.dsv
[10.557s] -- Symlinking: /home/kidd/agv_station/install/amr_v4_msgs_srvs/share/amr_v4_msgs_srvs/local_setup.bash
[10.611s] -- Symlinking: /home/kidd/agv_station/install/amr_v4_msgs_srvs/share/amr_v4_msgs_srvs/local_setup.sh
[10.665s] -- Symlinking: /home/kidd/agv_station/install/amr_v4_msgs_srvs/share/amr_v4_msgs_srvs/local_setup.zsh
[10.718s] -- Symlinking: /home/kidd/agv_station/install/amr_v4_msgs_srvs/share/amr_v4_msgs_srvs/local_setup.dsv
[10.776s] -- Symlinking: /home/kidd/agv_station/install/amr_v4_msgs_srvs/share/amr_v4_msgs_srvs/package.dsv
[10.827s] -- Symlinking: /home/kidd/agv_station/install/amr_v4_msgs_srvs/share/ament_index/resource_index/packages/amr_v4_msgs_srvs
[10.878s] -- Symlinking: /home/kidd/agv_station/install/amr_v4_msgs_srvs/share/amr_v4_msgs_srvs/cmake/rosidl_cmake-extras.cmake
[10.930s] -- Symlinking: /home/kidd/agv_station/install/amr_v4_msgs_srvs/share/amr_v4_msgs_srvs/cmake/ament_cmake_export_dependencies-extras.cmake
[10.983s] -- Symlinking: /home/kidd/agv_station/install/amr_v4_msgs_srvs/share/amr_v4_msgs_srvs/cmake/ament_cmake_export_libraries-extras.cmake
[11.034s] -- Symlinking: /home/kidd/agv_station/install/amr_v4_msgs_srvs/share/amr_v4_msgs_srvs/cmake/ament_cmake_export_targets-extras.cmake
[11.086s] -- Symlinking: /home/kidd/agv_station/install/amr_v4_msgs_srvs/share/amr_v4_msgs_srvs/cmake/ament_cmake_export_include_directories-extras.cmake
[11.141s] -- Symlinking: /home/kidd/agv_station/install/amr_v4_msgs_srvs/share/amr_v4_msgs_srvs/cmake/rosidl_cmake_export_typesupport_libraries-extras.cmake
[11.195s] -- Symlinking: /home/kidd/agv_station/install/amr_v4_msgs_srvs/share/amr_v4_msgs_srvs/cmake/rosidl_cmake_export_typesupport_targets-extras.cmake
[11.246s] -- Symlinking: /home/kidd/agv_station/install/amr_v4_msgs_srvs/share/amr_v4_msgs_srvs/cmake/amr_v4_msgs_srvsConfig.cmake
[11.297s] -- Symlinking: /home/kidd/agv_station/install/amr_v4_msgs_srvs/share/amr_v4_msgs_srvs/cmake/amr_v4_msgs_srvsConfig-version.cmake
[11.347s] -- Symlinking: /home/kidd/agv_station/install/amr_v4_msgs_srvs/share/amr_v4_msgs_srvs/package.xml
[11.398s] -- Up-to-date: /home/kidd/agv_station/install/amr_v4_msgs_srvs/lib/libamr_v4_msgs_srvs__rosidl_generator_c.so
[11.402s] -- Up-to-date: /home/kidd/agv_station/install/amr_v4_msgs_srvs/lib/libamr_v4_msgs_srvs__rosidl_typesupport_introspection_c.so
[11.406s] -- Up-to-date: /home/kidd/agv_station/install/amr_v4_msgs_srvs/lib/libamr_v4_msgs_srvs__rosidl_typesupport_c.so
[11.409s] -- Up-to-date: /home/kidd/agv_station/install/amr_v4_msgs_srvs/lib/libamr_v4_msgs_srvs__rosidl_typesupport_introspection_cpp.so
[11.412s] -- Up-to-date: /home/kidd/agv_station/install/amr_v4_msgs_srvs/lib/libamr_v4_msgs_srvs__rosidl_typesupport_cpp.so
[11.583s] Compiling '/home/kidd/agv_station/install/amr_v4_msgs_srvs/lib/python3.8/site-packages/amr_v4_msgs_srvs/__init__.py'...
[11.604s] -- Up-to-date: /home/kidd/agv_station/install/amr_v4_msgs_srvs/share/amr_v4_msgs_srvs/cmake/amr_v4_msgs_srvs__rosidl_generator_cExport.cmake
[11.605s] -- Installing: /home/kidd/agv_station/install/amr_v4_msgs_srvs/share/amr_v4_msgs_srvs/cmake/amr_v4_msgs_srvs__rosidl_generator_cExport-noconfig.cmake
[11.608s] -- Up-to-date: /home/kidd/agv_station/install/amr_v4_msgs_srvs/share/amr_v4_msgs_srvs/cmake/amr_v4_msgs_srvs__rosidl_typesupport_introspection_cExport.cmake
[11.610s] -- Installing: /home/kidd/agv_station/install/amr_v4_msgs_srvs/share/amr_v4_msgs_srvs/cmake/amr_v4_msgs_srvs__rosidl_typesupport_introspection_cExport-noconfig.cmake
[11.611s] -- Up-to-date: /home/kidd/agv_station/install/amr_v4_msgs_srvs/share/amr_v4_msgs_srvs/cmake/amr_v4_msgs_srvs__rosidl_typesupport_cExport.cmake
[11.612s] -- Installing: /home/kidd/agv_station/install/amr_v4_msgs_srvs/share/amr_v4_msgs_srvs/cmake/amr_v4_msgs_srvs__rosidl_typesupport_cExport-noconfig.cmake
[11.614s] -- Up-to-date: /home/kidd/agv_station/install/amr_v4_msgs_srvs/share/amr_v4_msgs_srvs/cmake/amr_v4_msgs_srvs__rosidl_generator_cppExport.cmake
[11.615s] -- Up-to-date: /home/kidd/agv_station/install/amr_v4_msgs_srvs/share/amr_v4_msgs_srvs/cmake/amr_v4_msgs_srvs__rosidl_typesupport_introspection_cppExport.cmake
[11.616s] -- Installing: /home/kidd/agv_station/install/amr_v4_msgs_srvs/share/amr_v4_msgs_srvs/cmake/amr_v4_msgs_srvs__rosidl_typesupport_introspection_cppExport-noconfig.cmake
[11.618s] -- Up-to-date: /home/kidd/agv_station/install/amr_v4_msgs_srvs/share/amr_v4_msgs_srvs/cmake/amr_v4_msgs_srvs__rosidl_typesupport_cppExport.cmake
[11.619s] -- Installing: /home/kidd/agv_station/install/amr_v4_msgs_srvs/share/amr_v4_msgs_srvs/cmake/amr_v4_msgs_srvs__rosidl_typesupport_cppExport-noconfig.cmake
[11.639s] Invoked command in '/home/kidd/agv_station/build/amr_v4_msgs_srvs' returned '0': CMAKE_PREFIX_PATH=${CMAKE_PREFIX_PATH}:/home/kidd/agv_station/install/amr_v4_station:/opt/ros/galactic /usr/bin/cmake --install /home/kidd/agv_station/build/amr_v4_msgs_srvs
