running develop
/home/kidd/.local/lib/python3.8/site-packages/setuptools/command/develop.py:40: EasyInstallDeprecationWarning: easy_install command is deprecated.
!!

        ********************************************************************************
        Please avoid running ``setup.py`` and ``easy_install``.
        Instead, use pypa/build, pypa/installer or other
        standards-based tools.

        See https://github.com/pypa/setuptools/issues/917 for details.
        ********************************************************************************

!!
  easy_install.initialize_options(self)
Removing /home/kidd/agv_station/install/amr_v4_station/lib/python3.8/site-packages/amr-v4-station.egg-link (link to .)
running egg_info
writing ../../build/amr_v4_station/amr_v4_station.egg-info/PKG-INFO
writing dependency_links to ../../build/amr_v4_station/amr_v4_station.egg-info/dependency_links.txt
writing entry points to ../../build/amr_v4_station/amr_v4_station.egg-info/entry_points.txt
writing requirements to ../../build/amr_v4_station/amr_v4_station.egg-info/requires.txt
writing top-level names to ../../build/amr_v4_station/amr_v4_station.egg-info/top_level.txt
reading manifest file '../../build/amr_v4_station/amr_v4_station.egg-info/SOURCES.txt'
writing manifest file '../../build/amr_v4_station/amr_v4_station.egg-info/SOURCES.txt'
running build
running build_py
creating /home/kidd/agv_station/build/amr_v4_station/build
creating /home/kidd/agv_station/build/amr_v4_station/build/lib
creating /home/kidd/agv_station/build/amr_v4_station/build/lib/amr_v4_station
copying amr_v4_station/station.py -> /home/kidd/agv_station/build/amr_v4_station/build/lib/amr_v4_station
copying amr_v4_station/__init__.py -> /home/kidd/agv_station/build/amr_v4_station/build/lib/amr_v4_station
running install
running install_lib
creating /home/kidd/agv_station/install/amr_v4_station/lib/python3.8/site-packages/amr_v4_station
copying /home/kidd/agv_station/build/amr_v4_station/build/lib/amr_v4_station/station.py -> /home/kidd/agv_station/install/amr_v4_station/lib/python3.8/site-packages/amr_v4_station
copying /home/kidd/agv_station/build/amr_v4_station/build/lib/amr_v4_station/__init__.py -> /home/kidd/agv_station/install/amr_v4_station/lib/python3.8/site-packages/amr_v4_station
byte-compiling /home/kidd/agv_station/install/amr_v4_station/lib/python3.8/site-packages/amr_v4_station/station.py to station.cpython-38.pyc
byte-compiling /home/kidd/agv_station/install/amr_v4_station/lib/python3.8/site-packages/amr_v4_station/__init__.py to __init__.cpython-38.pyc
running install_data
copying resource/amr_v4_station -> /home/kidd/agv_station/install/amr_v4_station/share/ament_index/resource_index/packages
copying package.xml -> /home/kidd/agv_station/install/amr_v4_station/share/amr_v4_station
running install_egg_info
Copying ../../build/amr_v4_station/amr_v4_station.egg-info to /home/kidd/agv_station/install/amr_v4_station/lib/python3.8/site-packages/amr_v4_station-0.0.0-py3.8.egg-info
running install_scripts
Installing station script to /home/kidd/agv_station/install/amr_v4_station/lib/amr_v4_station
writing list of installed files to '/home/kidd/agv_station/build/amr_v4_station/install.log'
