[4.712s] Invoking command in '/home/kidd/agv_station/build/amr_v4_station': PYTHONPATH=/home/kidd/agv_station/build/amr_v4_station/prefix_override:/home/kidd/agv_station/install/amr_v4_station/lib/python3.8/site-packages:${PYTHONPATH} /usr/bin/python3 -W ignore:setup.py install is deprecated setup.py develop --uninstall --editable --build-directory /home/kidd/agv_station/build/amr_v4_station/build
[6.552s] running develop
[6.554s] /home/kidd/.local/lib/python3.8/site-packages/setuptools/command/develop.py:40: EasyInstallDeprecationWarning: easy_install command is deprecated.
[6.554s] !!
[6.555s] 
[6.557s]         ********************************************************************************
[6.558s]         Please avoid running ``setup.py`` and ``easy_install``.
[6.559s]         Instead, use pypa/build, pypa/installer or other
[6.560s]         standards-based tools.
[6.560s] 
[6.561s]         See https://github.com/pypa/setuptools/issues/917 for details.
[6.562s]         ********************************************************************************
[6.562s] 
[6.563s] !!
[6.564s]   easy_install.initialize_options(self)
[7.720s] Removing /home/kidd/agv_station/install/amr_v4_station/lib/python3.8/site-packages/amr-v4-station.egg-link (link to .)
[7.851s] Invoked command in '/home/kidd/agv_station/build/amr_v4_station' returned '0': PYTHONPATH=/home/kidd/agv_station/build/amr_v4_station/prefix_override:/home/kidd/agv_station/install/amr_v4_station/lib/python3.8/site-packages:${PYTHONPATH} /usr/bin/python3 -W ignore:setup.py install is deprecated setup.py develop --uninstall --editable --build-directory /home/kidd/agv_station/build/amr_v4_station/build
[7.878s] Invoking command in '/home/kidd/agv_station/src/amr_v4_station': PYTHONPATH=/home/kidd/agv_station/build/amr_v4_station/prefix_override:/home/kidd/agv_station/install/amr_v4_station/lib/python3.8/site-packages:${PYTHONPATH} /usr/bin/python3 -W ignore:setup.py install is deprecated setup.py egg_info --egg-base ../../build/amr_v4_station build --build-base /home/kidd/agv_station/build/amr_v4_station/build install --record /home/kidd/agv_station/build/amr_v4_station/install.log --single-version-externally-managed install_data --force
[9.411s] running egg_info
[9.506s] writing ../../build/amr_v4_station/amr_v4_station.egg-info/PKG-INFO
[9.509s] writing dependency_links to ../../build/amr_v4_station/amr_v4_station.egg-info/dependency_links.txt
[9.512s] writing entry points to ../../build/amr_v4_station/amr_v4_station.egg-info/entry_points.txt
[9.514s] writing requirements to ../../build/amr_v4_station/amr_v4_station.egg-info/requires.txt
[9.515s] writing top-level names to ../../build/amr_v4_station/amr_v4_station.egg-info/top_level.txt
[10.277s] reading manifest file '../../build/amr_v4_station/amr_v4_station.egg-info/SOURCES.txt'
[10.282s] writing manifest file '../../build/amr_v4_station/amr_v4_station.egg-info/SOURCES.txt'
[10.284s] running build
[10.285s] running build_py
[10.286s] creating /home/kidd/agv_station/build/amr_v4_station/build
[10.287s] creating /home/kidd/agv_station/build/amr_v4_station/build/lib
[10.288s] creating /home/kidd/agv_station/build/amr_v4_station/build/lib/amr_v4_station
[10.289s] copying amr_v4_station/station.py -> /home/kidd/agv_station/build/amr_v4_station/build/lib/amr_v4_station
[10.289s] copying amr_v4_station/__init__.py -> /home/kidd/agv_station/build/amr_v4_station/build/lib/amr_v4_station
[10.290s] running install
[10.320s] running install_lib
[10.427s] creating /home/kidd/agv_station/install/amr_v4_station/lib/python3.8/site-packages/amr_v4_station
[10.428s] copying /home/kidd/agv_station/build/amr_v4_station/build/lib/amr_v4_station/station.py -> /home/kidd/agv_station/install/amr_v4_station/lib/python3.8/site-packages/amr_v4_station
[10.429s] copying /home/kidd/agv_station/build/amr_v4_station/build/lib/amr_v4_station/__init__.py -> /home/kidd/agv_station/install/amr_v4_station/lib/python3.8/site-packages/amr_v4_station
[10.432s] byte-compiling /home/kidd/agv_station/install/amr_v4_station/lib/python3.8/site-packages/amr_v4_station/station.py to station.cpython-38.pyc
[10.437s] byte-compiling /home/kidd/agv_station/install/amr_v4_station/lib/python3.8/site-packages/amr_v4_station/__init__.py to __init__.cpython-38.pyc
[10.438s] running install_data
[10.439s] copying resource/amr_v4_station -> /home/kidd/agv_station/install/amr_v4_station/share/ament_index/resource_index/packages
[10.441s] copying package.xml -> /home/kidd/agv_station/install/amr_v4_station/share/amr_v4_station
[10.442s] running install_egg_info
[10.552s] Copying ../../build/amr_v4_station/amr_v4_station.egg-info to /home/kidd/agv_station/install/amr_v4_station/lib/python3.8/site-packages/amr_v4_station-0.0.0-py3.8.egg-info
[10.561s] running install_scripts
[10.802s] Installing station script to /home/kidd/agv_station/install/amr_v4_station/lib/amr_v4_station
[10.805s] writing list of installed files to '/home/kidd/agv_station/build/amr_v4_station/install.log'
[10.940s] Invoked command in '/home/kidd/agv_station/src/amr_v4_station' returned '0': PYTHONPATH=/home/kidd/agv_station/build/amr_v4_station/prefix_override:/home/kidd/agv_station/install/amr_v4_station/lib/python3.8/site-packages:${PYTHONPATH} /usr/bin/python3 -W ignore:setup.py install is deprecated setup.py egg_info --egg-base ../../build/amr_v4_station build --build-base /home/kidd/agv_station/build/amr_v4_station/build install --record /home/kidd/agv_station/build/amr_v4_station/install.log --single-version-externally-managed install_data --force
