[1.955s] Invoking command in '/home/kidd/agv_station/build/station_launch': CMAKE_PREFIX_PATH=${CMAKE_PREFIX_PATH}:/home/kidd/agv_station/install/amr_v4_station:/opt/ros/galactic /usr/bin/cmake --build /home/kidd/agv_station/build/station_launch -- -j6 -l6
[2.192s] Invoked command in '/home/kidd/agv_station/build/station_launch' returned '0': CMAKE_PREFIX_PATH=${CMAKE_PREFIX_PATH}:/home/kidd/agv_station/install/amr_v4_station:/opt/ros/galactic /usr/bin/cmake --build /home/kidd/agv_station/build/station_launch -- -j6 -l6
[2.394s] Invoking command in '/home/kidd/agv_station/build/station_launch': CMAKE_PREFIX_PATH=${CMAKE_PREFIX_PATH}:/home/kidd/agv_station/install/amr_v4_station:/opt/ros/galactic /usr/bin/cmake --install /home/kidd/agv_station/build/station_launch
[2.449s] -- Install configuration: ""
[2.451s] -- Up-to-date: /home/kidd/agv_station/install/station_launch/share/ament_index/resource_index/package_run_dependencies/station_launch
[2.453s] -- Up-to-date: /home/kidd/agv_station/install/station_launch/share/ament_index/resource_index/parent_prefix_path/station_launch
[2.453s] -- Up-to-date: /home/kidd/agv_station/install/station_launch/share/station_launch/environment/ament_prefix_path.sh
[2.455s] -- Up-to-date: /home/kidd/agv_station/install/station_launch/share/station_launch/environment/ament_prefix_path.dsv
[2.456s] -- Up-to-date: /home/kidd/agv_station/install/station_launch/share/station_launch/environment/path.sh
[2.457s] -- Up-to-date: /home/kidd/agv_station/install/station_launch/share/station_launch/environment/path.dsv
[2.459s] -- Up-to-date: /home/kidd/agv_station/install/station_launch/share/station_launch/local_setup.bash
[2.462s] -- Up-to-date: /home/kidd/agv_station/install/station_launch/share/station_launch/local_setup.sh
[2.467s] -- Up-to-date: /home/kidd/agv_station/install/station_launch/share/station_launch/local_setup.zsh
[2.471s] -- Up-to-date: /home/kidd/agv_station/install/station_launch/share/station_launch/local_setup.dsv
[2.473s] -- Installing: /home/kidd/agv_station/install/station_launch/share/station_launch/package.dsv
[2.475s] -- Up-to-date: /home/kidd/agv_station/install/station_launch/share/ament_index/resource_index/packages/station_launch
[2.475s] -- Up-to-date: /home/kidd/agv_station/install/station_launch/share/station_launch/cmake/station_launchConfig.cmake
[2.477s] -- Up-to-date: /home/kidd/agv_station/install/station_launch/share/station_launch/cmake/station_launchConfig-version.cmake
[2.480s] -- Up-to-date: /home/kidd/agv_station/install/station_launch/share/station_launch/package.xml
[2.483s] Invoked command in '/home/kidd/agv_station/build/station_launch' returned '0': CMAKE_PREFIX_PATH=${CMAKE_PREFIX_PATH}:/home/kidd/agv_station/install/amr_v4_station:/opt/ros/galactic /usr/bin/cmake --install /home/kidd/agv_station/build/station_launch
