[0.225s] Invoking command in '/home/kidd/agv_station/build/amr_v4_msgs_srvs': CMAKE_PREFIX_PATH=${CMAKE_PREFIX_PATH}:/home/kidd/agv_station/install/amr_v4_station:/opt/ros/galactic /usr/bin/cmake /home/kidd/agv_station/src/amr_v4_msgs_srvs -DCMAKE_INSTALL_PREFIX=/home/kidd/agv_station/install/amr_v4_msgs_srvs
[2.015s] -- The C compiler identification is GNU 9.4.0
[2.017s] -- The CXX compiler identification is GNU 9.4.0
[2.017s] -- Check for working C compiler: /usr/bin/cc
[2.018s] -- Check for working C compiler: /usr/bin/cc -- works
[2.018s] -- Detecting C compiler ABI info
[2.592s] -- Detecting C compiler ABI info - done
[2.681s] -- Detecting C compile features
[2.684s] -- Detecting C compile features - done
[2.729s] -- Check for working CXX compiler: /usr/bin/c++
[3.304s] -- Check for working CXX compiler: /usr/bin/c++ -- works
[3.311s] -- Detecting CXX compiler ABI info
[3.897s] -- Detecting CXX compiler ABI info - done
[3.994s] -- Detecting CXX compile features
[3.998s] -- Detecting CXX compile features - done
[4.020s] -- Found ament_cmake: 1.1.6 (/opt/ros/galactic/share/ament_cmake/cmake)
[4.203s] -- Found PythonInterp: /usr/bin/python3 (found suitable version "3.8.10", minimum required is "3") 
[4.204s] -- Using PYTHON_EXECUTABLE: /usr/bin/python3
[4.747s] -- Found ament_lint_auto: 0.10.7 (/opt/ros/galactic/share/ament_lint_auto/cmake)
[5.202s] CMake Error at CMakeLists.txt:25 (rosidl_generate_interfaces):
[5.203s]   Unknown CMake command "rosidl_generate_interfaces".
[5.203s] 
[5.204s] 
[5.211s] -- Configuring incomplete, errors occurred!
[5.211s] See also "/home/kidd/agv_station/build/amr_v4_msgs_srvs/CMakeFiles/CMakeOutput.log".
[5.265s] Invoked command in '/home/kidd/agv_station/build/amr_v4_msgs_srvs' returned '1': CMAKE_PREFIX_PATH=${CMAKE_PREFIX_PATH}:/home/kidd/agv_station/install/amr_v4_station:/opt/ros/galactic /usr/bin/cmake /home/kidd/agv_station/src/amr_v4_msgs_srvs -DCMAKE_INSTALL_PREFIX=/home/kidd/agv_station/install/amr_v4_msgs_srvs
