[0.306s] Invoking command in '/home/kidd/agv_station/build/amr_v4_msgs_srvs': CMAKE_PREFIX_PATH=${CMAKE_PREFIX_PATH}:/home/kidd/agv_station/install/amr_v4_station:/opt/ros/galactic /usr/bin/cmake --build /home/kidd/agv_station/build/amr_v4_msgs_srvs -- -j6 -l6
[2.209s] -- Found ament_cmake: 1.1.6 (/opt/ros/galactic/share/ament_cmake/cmake)
[2.211s] -- Found PythonInterp: /usr/bin/python3 (found suitable version "3.8.10", minimum required is "3") 
[2.212s] -- Using PYTHON_EXECUTABLE: /usr/bin/python3
[2.212s] -- Found rosidl_default_generators: 1.1.1 (/opt/ros/galactic/share/rosidl_default_generators/cmake)
[2.213s] -- Using all available rosidl_typesupport_c: rosidl_typesupport_fastrtps_c;rosidl_typesupport_introspection_c
[2.213s] -- Found rosidl_adapter: 2.2.3 (/opt/ros/galactic/share/rosidl_adapter/cmake)
[2.214s] -- Using all available rosidl_typesupport_cpp: rosidl_typesupport_fastrtps_cpp;rosidl_typesupport_introspection_cpp
[2.328s] -- Found PythonInterp: /usr/bin/python3 (found version "3.8.10") 
[3.142s] -- Found ament_cmake_ros: 0.9.2 (/opt/ros/galactic/share/ament_cmake_ros/cmake)
[3.961s] -- Using all available rosidl_typesupport_c: rosidl_typesupport_fastrtps_c;rosidl_typesupport_introspection_c
[4.018s] -- Using all available rosidl_typesupport_cpp: rosidl_typesupport_fastrtps_cpp;rosidl_typesupport_introspection_cpp
[4.177s] -- Found PythonInterp: /usr/bin/python3 (found suitable version "3.8.10", minimum required is "3.5") 
[4.180s] -- Found python_cmake_module: 0.8.1 (/opt/ros/galactic/share/python_cmake_module/cmake)
[4.340s] -- Using PYTHON_EXECUTABLE: /usr/bin/python3
[4.341s] -- Using PYTHON_INCLUDE_DIRS: /usr/include/python3.8
[4.342s] -- Using PYTHON_LIBRARIES: /usr/lib/aarch64-linux-gnu/libpython3.8.so
[4.485s] -- Configuring done
[4.759s] -- Generating done
[4.786s] -- Build files have been written to: /home/kidd/agv_station/build/amr_v4_msgs_srvs
[5.018s] [  3%] Built target amr_v4_msgs_srvs__cpp
[5.027s] [ 12%] Built target amr_v4_msgs_srvs__rosidl_generator_c
[5.229s] [ 22%] Built target amr_v4_msgs_srvs__rosidl_typesupport_cpp
[5.254s] [ 32%] Built target amr_v4_msgs_srvs__rosidl_typesupport_introspection_cpp
[5.285s] [ 41%] Built target amr_v4_msgs_srvs__rosidl_typesupport_introspection_c
[5.316s] [ 51%] Built target amr_v4_msgs_srvs__rosidl_typesupport_c
[5.344s] [ 61%] Built target amr_v4_msgs_srvs__rosidl_typesupport_fastrtps_cpp
[5.549s] [ 70%] Built target amr_v4_msgs_srvs__rosidl_typesupport_fastrtps_c
[5.709s] [ 70%] Built target amr_v4_msgs_srvs
[5.832s] [ 74%] Built target amr_v4_msgs_srvs__py
[5.976s] [ 80%] Built target amr_v4_msgs_srvs__python
[6.144s] [ 87%] Built target amr_v4_msgs_srvs__rosidl_typesupport_fastrtps_c__pyext
[6.147s] [ 93%] Built target amr_v4_msgs_srvs__rosidl_typesupport_c__pyext
[6.153s] [100%] Built target amr_v4_msgs_srvs__rosidl_typesupport_introspection_c__pyext
[6.225s] Invoked command in '/home/kidd/agv_station/build/amr_v4_msgs_srvs' returned '0': CMAKE_PREFIX_PATH=${CMAKE_PREFIX_PATH}:/home/kidd/agv_station/install/amr_v4_station:/opt/ros/galactic /usr/bin/cmake --build /home/kidd/agv_station/build/amr_v4_msgs_srvs -- -j6 -l6
[6.571s] Invoking command in '/home/kidd/agv_station/build/amr_v4_msgs_srvs': CMAKE_PREFIX_PATH=${CMAKE_PREFIX_PATH}:/home/kidd/agv_station/install/amr_v4_station:/opt/ros/galactic /usr/bin/cmake --install /home/kidd/agv_station/build/amr_v4_msgs_srvs
[6.621s] -- Install configuration: ""
[6.622s] -- Up-to-date: /home/kidd/agv_station/install/amr_v4_msgs_srvs/share/ament_index/resource_index/rosidl_interfaces/amr_v4_msgs_srvs
[6.623s] -- Up-to-date: /home/kidd/agv_station/install/amr_v4_msgs_srvs/include/amr_v4_msgs_srvs
[6.623s] -- Up-to-date: /home/kidd/agv_station/install/amr_v4_msgs_srvs/include/amr_v4_msgs_srvs/msg
[6.624s] -- Up-to-date: /home/kidd/agv_station/install/amr_v4_msgs_srvs/include/amr_v4_msgs_srvs/msg/detail
[6.625s] -- Up-to-date: /home/kidd/agv_station/install/amr_v4_msgs_srvs/include/amr_v4_msgs_srvs/msg/detail/sensor__functions.c
[6.626s] -- Up-to-date: /home/kidd/agv_station/install/amr_v4_msgs_srvs/include/amr_v4_msgs_srvs/msg/detail/sensor__functions.h
[6.626s] -- Up-to-date: /home/kidd/agv_station/install/amr_v4_msgs_srvs/include/amr_v4_msgs_srvs/msg/detail/sensor__struct.h
[6.627s] -- Up-to-date: /home/kidd/agv_station/install/amr_v4_msgs_srvs/include/amr_v4_msgs_srvs/msg/detail/sensor__type_support.h
[6.627s] -- Up-to-date: /home/kidd/agv_station/install/amr_v4_msgs_srvs/include/amr_v4_msgs_srvs/msg/sensor.h
[6.628s] -- Up-to-date: /home/kidd/agv_station/install/amr_v4_msgs_srvs/include/amr_v4_msgs_srvs/msg/rosidl_generator_c__visibility_control.h
[6.629s] -- Up-to-date: /home/kidd/agv_station/install/amr_v4_msgs_srvs/share/amr_v4_msgs_srvs/environment/library_path.sh
[6.629s] -- Installing: /home/kidd/agv_station/install/amr_v4_msgs_srvs/share/amr_v4_msgs_srvs/environment/library_path.dsv
[6.630s] -- Up-to-date: /home/kidd/agv_station/install/amr_v4_msgs_srvs/lib/libamr_v4_msgs_srvs__rosidl_generator_c.so
[6.631s] -- Up-to-date: /home/kidd/agv_station/install/amr_v4_msgs_srvs/include/amr_v4_msgs_srvs
[6.632s] -- Up-to-date: /home/kidd/agv_station/install/amr_v4_msgs_srvs/include/amr_v4_msgs_srvs/msg
[6.636s] -- Up-to-date: /home/kidd/agv_station/install/amr_v4_msgs_srvs/include/amr_v4_msgs_srvs/msg/detail
[6.637s] -- Up-to-date: /home/kidd/agv_station/install/amr_v4_msgs_srvs/include/amr_v4_msgs_srvs/msg/detail/sensor__rosidl_typesupport_fastrtps_c.h
[6.638s] -- Up-to-date: /home/kidd/agv_station/install/amr_v4_msgs_srvs/include/amr_v4_msgs_srvs/msg/rosidl_typesupport_fastrtps_c__visibility_control.h
[6.638s] -- Up-to-date: /home/kidd/agv_station/install/amr_v4_msgs_srvs/lib/libamr_v4_msgs_srvs__rosidl_typesupport_fastrtps_c.so
[6.639s] -- Up-to-date: /home/kidd/agv_station/install/amr_v4_msgs_srvs/include/amr_v4_msgs_srvs
[6.641s] -- Up-to-date: /home/kidd/agv_station/install/amr_v4_msgs_srvs/include/amr_v4_msgs_srvs/msg
[6.641s] -- Up-to-date: /home/kidd/agv_station/install/amr_v4_msgs_srvs/include/amr_v4_msgs_srvs/msg/detail
[6.642s] -- Up-to-date: /home/kidd/agv_station/install/amr_v4_msgs_srvs/include/amr_v4_msgs_srvs/msg/detail/sensor__rosidl_typesupport_fastrtps_cpp.hpp
[6.642s] -- Up-to-date: /home/kidd/agv_station/install/amr_v4_msgs_srvs/include/amr_v4_msgs_srvs/msg/detail/dds_fastrtps
[6.643s] -- Up-to-date: /home/kidd/agv_station/install/amr_v4_msgs_srvs/include/amr_v4_msgs_srvs/msg/rosidl_typesupport_fastrtps_cpp__visibility_control.h
[6.644s] -- Up-to-date: /home/kidd/agv_station/install/amr_v4_msgs_srvs/lib/libamr_v4_msgs_srvs__rosidl_typesupport_fastrtps_cpp.so
[6.645s] -- Up-to-date: /home/kidd/agv_station/install/amr_v4_msgs_srvs/include/amr_v4_msgs_srvs
[6.647s] -- Up-to-date: /home/kidd/agv_station/install/amr_v4_msgs_srvs/include/amr_v4_msgs_srvs/msg
[6.648s] -- Up-to-date: /home/kidd/agv_station/install/amr_v4_msgs_srvs/include/amr_v4_msgs_srvs/msg/detail
[6.649s] -- Up-to-date: /home/kidd/agv_station/install/amr_v4_msgs_srvs/include/amr_v4_msgs_srvs/msg/detail/sensor__type_support.c
[6.649s] -- Up-to-date: /home/kidd/agv_station/install/amr_v4_msgs_srvs/include/amr_v4_msgs_srvs/msg/detail/sensor__rosidl_typesupport_introspection_c.h
[6.650s] -- Up-to-date: /home/kidd/agv_station/install/amr_v4_msgs_srvs/include/amr_v4_msgs_srvs/msg/rosidl_typesupport_introspection_c__visibility_control.h
[6.650s] -- Up-to-date: /home/kidd/agv_station/install/amr_v4_msgs_srvs/lib/libamr_v4_msgs_srvs__rosidl_typesupport_introspection_c.so
[6.652s] -- Up-to-date: /home/kidd/agv_station/install/amr_v4_msgs_srvs/lib/libamr_v4_msgs_srvs__rosidl_typesupport_c.so
[6.655s] -- Up-to-date: /home/kidd/agv_station/install/amr_v4_msgs_srvs/include/amr_v4_msgs_srvs
[6.656s] -- Up-to-date: /home/kidd/agv_station/install/amr_v4_msgs_srvs/include/amr_v4_msgs_srvs/msg
[6.657s] -- Up-to-date: /home/kidd/agv_station/install/amr_v4_msgs_srvs/include/amr_v4_msgs_srvs/msg/detail
[6.657s] -- Up-to-date: /home/kidd/agv_station/install/amr_v4_msgs_srvs/include/amr_v4_msgs_srvs/msg/detail/sensor__struct.hpp
[6.658s] -- Up-to-date: /home/kidd/agv_station/install/amr_v4_msgs_srvs/include/amr_v4_msgs_srvs/msg/detail/sensor__traits.hpp
[6.659s] -- Up-to-date: /home/kidd/agv_station/install/amr_v4_msgs_srvs/include/amr_v4_msgs_srvs/msg/detail/sensor__builder.hpp
[6.659s] -- Up-to-date: /home/kidd/agv_station/install/amr_v4_msgs_srvs/include/amr_v4_msgs_srvs/msg/sensor.hpp
[6.660s] -- Up-to-date: /home/kidd/agv_station/install/amr_v4_msgs_srvs/include/amr_v4_msgs_srvs
[6.660s] -- Up-to-date: /home/kidd/agv_station/install/amr_v4_msgs_srvs/include/amr_v4_msgs_srvs/msg
[6.661s] -- Up-to-date: /home/kidd/agv_station/install/amr_v4_msgs_srvs/include/amr_v4_msgs_srvs/msg/detail
[6.662s] -- Up-to-date: /home/kidd/agv_station/install/amr_v4_msgs_srvs/include/amr_v4_msgs_srvs/msg/detail/sensor__type_support.cpp
[6.663s] -- Up-to-date: /home/kidd/agv_station/install/amr_v4_msgs_srvs/include/amr_v4_msgs_srvs/msg/detail/sensor__rosidl_typesupport_introspection_cpp.hpp
[6.663s] -- Up-to-date: /home/kidd/agv_station/install/amr_v4_msgs_srvs/lib/libamr_v4_msgs_srvs__rosidl_typesupport_introspection_cpp.so
[6.664s] -- Up-to-date: /home/kidd/agv_station/install/amr_v4_msgs_srvs/lib/libamr_v4_msgs_srvs__rosidl_typesupport_cpp.so
[6.667s] -- Up-to-date: /home/kidd/agv_station/install/amr_v4_msgs_srvs/share/amr_v4_msgs_srvs/environment/pythonpath.sh
[6.668s] -- Installing: /home/kidd/agv_station/install/amr_v4_msgs_srvs/share/amr_v4_msgs_srvs/environment/pythonpath.dsv
[6.669s] -- Installing: /home/kidd/agv_station/install/amr_v4_msgs_srvs/lib/python3.8/site-packages/amr_v4_msgs_srvs/__init__.py
[6.917s] Compiling '/home/kidd/agv_station/install/amr_v4_msgs_srvs/lib/python3.8/site-packages/amr_v4_msgs_srvs/__init__.py'...
[6.963s] -- Up-to-date: /home/kidd/agv_station/install/amr_v4_msgs_srvs/lib/python3.8/site-packages/amr_v4_msgs_srvs/msg
[6.963s] -- Up-to-date: /home/kidd/agv_station/install/amr_v4_msgs_srvs/lib/python3.8/site-packages/amr_v4_msgs_srvs/msg/_sensor.py
[6.964s] -- Up-to-date: /home/kidd/agv_station/install/amr_v4_msgs_srvs/lib/python3.8/site-packages/amr_v4_msgs_srvs/msg/_sensor_s.c
[6.965s] -- Up-to-date: /home/kidd/agv_station/install/amr_v4_msgs_srvs/lib/python3.8/site-packages/amr_v4_msgs_srvs/msg/__init__.py
[6.965s] -- Up-to-date: /home/kidd/agv_station/install/amr_v4_msgs_srvs/lib/python3.8/site-packages/amr_v4_msgs_srvs/amr_v4_msgs_srvs_s__rosidl_typesupport_fastrtps_c.cpython-38-aarch64-linux-gnu.so
[6.973s] -- Up-to-date: /home/kidd/agv_station/install/amr_v4_msgs_srvs/lib/python3.8/site-packages/amr_v4_msgs_srvs/amr_v4_msgs_srvs_s__rosidl_typesupport_introspection_c.cpython-38-aarch64-linux-gnu.so
[6.982s] -- Up-to-date: /home/kidd/agv_station/install/amr_v4_msgs_srvs/lib/python3.8/site-packages/amr_v4_msgs_srvs/amr_v4_msgs_srvs_s__rosidl_typesupport_c.cpython-38-aarch64-linux-gnu.so
[6.989s] -- Up-to-date: /home/kidd/agv_station/install/amr_v4_msgs_srvs/lib/libamr_v4_msgs_srvs__python.so
[6.992s] -- Up-to-date: /home/kidd/agv_station/install/amr_v4_msgs_srvs/share/amr_v4_msgs_srvs/msg/Sensor.idl
[6.995s] -- Installing: /home/kidd/agv_station/install/amr_v4_msgs_srvs/share/amr_v4_msgs_srvs/msg/Sensor.msg
[7.000s] -- Up-to-date: /home/kidd/agv_station/install/amr_v4_msgs_srvs/share/ament_index/resource_index/package_run_dependencies/amr_v4_msgs_srvs
[7.002s] -- Installing: /home/kidd/agv_station/install/amr_v4_msgs_srvs/share/ament_index/resource_index/parent_prefix_path/amr_v4_msgs_srvs
[7.010s] -- Up-to-date: /home/kidd/agv_station/install/amr_v4_msgs_srvs/share/amr_v4_msgs_srvs/environment/ament_prefix_path.sh
[7.011s] -- Installing: /home/kidd/agv_station/install/amr_v4_msgs_srvs/share/amr_v4_msgs_srvs/environment/ament_prefix_path.dsv
[7.014s] -- Up-to-date: /home/kidd/agv_station/install/amr_v4_msgs_srvs/share/amr_v4_msgs_srvs/environment/path.sh
[7.015s] -- Installing: /home/kidd/agv_station/install/amr_v4_msgs_srvs/share/amr_v4_msgs_srvs/environment/path.dsv
[7.018s] -- Up-to-date: /home/kidd/agv_station/install/amr_v4_msgs_srvs/share/amr_v4_msgs_srvs/local_setup.bash
[7.022s] -- Up-to-date: /home/kidd/agv_station/install/amr_v4_msgs_srvs/share/amr_v4_msgs_srvs/local_setup.sh
[7.023s] -- Up-to-date: /home/kidd/agv_station/install/amr_v4_msgs_srvs/share/amr_v4_msgs_srvs/local_setup.zsh
[7.024s] -- Installing: /home/kidd/agv_station/install/amr_v4_msgs_srvs/share/amr_v4_msgs_srvs/local_setup.dsv
[7.030s] -- Installing: /home/kidd/agv_station/install/amr_v4_msgs_srvs/share/amr_v4_msgs_srvs/package.dsv
[7.037s] -- Up-to-date: /home/kidd/agv_station/install/amr_v4_msgs_srvs/share/ament_index/resource_index/packages/amr_v4_msgs_srvs
[7.043s] -- Up-to-date: /home/kidd/agv_station/install/amr_v4_msgs_srvs/share/amr_v4_msgs_srvs/cmake/amr_v4_msgs_srvs__rosidl_generator_cExport.cmake
[7.044s] -- Installing: /home/kidd/agv_station/install/amr_v4_msgs_srvs/share/amr_v4_msgs_srvs/cmake/amr_v4_msgs_srvs__rosidl_generator_cExport-noconfig.cmake
[7.047s] -- Up-to-date: /home/kidd/agv_station/install/amr_v4_msgs_srvs/share/amr_v4_msgs_srvs/cmake/amr_v4_msgs_srvs__rosidl_typesupport_introspection_cExport.cmake
[7.048s] -- Installing: /home/kidd/agv_station/install/amr_v4_msgs_srvs/share/amr_v4_msgs_srvs/cmake/amr_v4_msgs_srvs__rosidl_typesupport_introspection_cExport-noconfig.cmake
[7.052s] -- Up-to-date: /home/kidd/agv_station/install/amr_v4_msgs_srvs/share/amr_v4_msgs_srvs/cmake/amr_v4_msgs_srvs__rosidl_typesupport_cExport.cmake
[7.052s] -- Installing: /home/kidd/agv_station/install/amr_v4_msgs_srvs/share/amr_v4_msgs_srvs/cmake/amr_v4_msgs_srvs__rosidl_typesupport_cExport-noconfig.cmake
[7.061s] -- Up-to-date: /home/kidd/agv_station/install/amr_v4_msgs_srvs/share/amr_v4_msgs_srvs/cmake/amr_v4_msgs_srvs__rosidl_generator_cppExport.cmake
[7.062s] -- Up-to-date: /home/kidd/agv_station/install/amr_v4_msgs_srvs/share/amr_v4_msgs_srvs/cmake/amr_v4_msgs_srvs__rosidl_typesupport_introspection_cppExport.cmake
[7.065s] -- Installing: /home/kidd/agv_station/install/amr_v4_msgs_srvs/share/amr_v4_msgs_srvs/cmake/amr_v4_msgs_srvs__rosidl_typesupport_introspection_cppExport-noconfig.cmake
[7.073s] -- Up-to-date: /home/kidd/agv_station/install/amr_v4_msgs_srvs/share/amr_v4_msgs_srvs/cmake/amr_v4_msgs_srvs__rosidl_typesupport_cppExport.cmake
[7.074s] -- Installing: /home/kidd/agv_station/install/amr_v4_msgs_srvs/share/amr_v4_msgs_srvs/cmake/amr_v4_msgs_srvs__rosidl_typesupport_cppExport-noconfig.cmake
[7.075s] -- Up-to-date: /home/kidd/agv_station/install/amr_v4_msgs_srvs/share/amr_v4_msgs_srvs/cmake/rosidl_cmake-extras.cmake
[7.076s] -- Up-to-date: /home/kidd/agv_station/install/amr_v4_msgs_srvs/share/amr_v4_msgs_srvs/cmake/ament_cmake_export_dependencies-extras.cmake
[7.076s] -- Up-to-date: /home/kidd/agv_station/install/amr_v4_msgs_srvs/share/amr_v4_msgs_srvs/cmake/ament_cmake_export_libraries-extras.cmake
[7.077s] -- Up-to-date: /home/kidd/agv_station/install/amr_v4_msgs_srvs/share/amr_v4_msgs_srvs/cmake/ament_cmake_export_targets-extras.cmake
[7.077s] -- Up-to-date: /home/kidd/agv_station/install/amr_v4_msgs_srvs/share/amr_v4_msgs_srvs/cmake/ament_cmake_export_include_directories-extras.cmake
[7.078s] -- Up-to-date: /home/kidd/agv_station/install/amr_v4_msgs_srvs/share/amr_v4_msgs_srvs/cmake/rosidl_cmake_export_typesupport_libraries-extras.cmake
[7.078s] -- Up-to-date: /home/kidd/agv_station/install/amr_v4_msgs_srvs/share/amr_v4_msgs_srvs/cmake/rosidl_cmake_export_typesupport_targets-extras.cmake
[7.079s] -- Up-to-date: /home/kidd/agv_station/install/amr_v4_msgs_srvs/share/amr_v4_msgs_srvs/cmake/amr_v4_msgs_srvsConfig.cmake
[7.079s] -- Up-to-date: /home/kidd/agv_station/install/amr_v4_msgs_srvs/share/amr_v4_msgs_srvs/cmake/amr_v4_msgs_srvsConfig-version.cmake
[7.080s] -- Up-to-date: /home/kidd/agv_station/install/amr_v4_msgs_srvs/share/amr_v4_msgs_srvs/package.xml
[7.098s] Invoked command in '/home/kidd/agv_station/build/amr_v4_msgs_srvs' returned '0': CMAKE_PREFIX_PATH=${CMAKE_PREFIX_PATH}:/home/kidd/agv_station/install/amr_v4_station:/opt/ros/galactic /usr/bin/cmake --install /home/kidd/agv_station/build/amr_v4_msgs_srvs
