[1.820s] Invoking command in '/home/kidd/agv_station/build/station_launch': CMAKE_PREFIX_PATH=${CMAKE_PREFIX_PATH}:/home/kidd/agv_station/install/amr_v4_station:/opt/ros/galactic /usr/bin/cmake --build /home/kidd/agv_station/build/station_launch -- -j6 -l6
[2.031s] Invoked command in '/home/kidd/agv_station/build/station_launch' returned '0': CMAKE_PREFIX_PATH=${CMAKE_PREFIX_PATH}:/home/kidd/agv_station/install/amr_v4_station:/opt/ros/galactic /usr/bin/cmake --build /home/kidd/agv_station/build/station_launch -- -j6 -l6
[2.237s] Invoking command in '/home/kidd/agv_station/build/station_launch': CMAKE_PREFIX_PATH=${CMAKE_PREFIX_PATH}:/home/kidd/agv_station/install/amr_v4_station:/opt/ros/galactic /usr/bin/cmake --install /home/kidd/agv_station/build/station_launch
[2.285s] -- Install configuration: ""
[2.287s] -- Up-to-date: /home/kidd/agv_station/install/station_launch/share/ament_index/resource_index/package_run_dependencies/station_launch
[2.290s] -- Up-to-date: /home/kidd/agv_station/install/station_launch/share/ament_index/resource_index/parent_prefix_path/station_launch
[2.292s] -- Up-to-date: /home/kidd/agv_station/install/station_launch/share/station_launch/environment/ament_prefix_path.sh
[2.298s] -- Up-to-date: /home/kidd/agv_station/install/station_launch/share/station_launch/environment/ament_prefix_path.dsv
[2.303s] -- Up-to-date: /home/kidd/agv_station/install/station_launch/share/station_launch/environment/path.sh
[2.306s] -- Up-to-date: /home/kidd/agv_station/install/station_launch/share/station_launch/environment/path.dsv
[2.308s] -- Up-to-date: /home/kidd/agv_station/install/station_launch/share/station_launch/local_setup.bash
[2.308s] -- Up-to-date: /home/kidd/agv_station/install/station_launch/share/station_launch/local_setup.sh
[2.311s] -- Up-to-date: /home/kidd/agv_station/install/station_launch/share/station_launch/local_setup.zsh
[2.315s] -- Up-to-date: /home/kidd/agv_station/install/station_launch/share/station_launch/local_setup.dsv
[2.321s] -- Installing: /home/kidd/agv_station/install/station_launch/share/station_launch/package.dsv
[2.322s] -- Up-to-date: /home/kidd/agv_station/install/station_launch/share/ament_index/resource_index/packages/station_launch
[2.324s] -- Up-to-date: /home/kidd/agv_station/install/station_launch/share/station_launch/cmake/station_launchConfig.cmake
[2.324s] -- Up-to-date: /home/kidd/agv_station/install/station_launch/share/station_launch/cmake/station_launchConfig-version.cmake
[2.325s] -- Up-to-date: /home/kidd/agv_station/install/station_launch/share/station_launch/package.xml
[2.326s] Invoked command in '/home/kidd/agv_station/build/station_launch' returned '0': CMAKE_PREFIX_PATH=${CMAKE_PREFIX_PATH}:/home/kidd/agv_station/install/amr_v4_station:/opt/ros/galactic /usr/bin/cmake --install /home/kidd/agv_station/build/station_launch
