[1.134s] DEBUG:colcon:Command line arguments: ['/usr/bin/colcon', 'build']
[1.135s] DEBUG:colcon:Parsed command line arguments: Namespace(allow_overriding=[], ament_cmake_args=None, base_paths=['.'], build_base='build', catkin_cmake_args=None, catkin_skip_building_tests=False, cmake_args=None, cmake_clean_cache=False, cmake_clean_first=False, cmake_force_configure=False, cmake_target=None, cmake_target_skip_unavailable=False, continue_on_error=False, event_handlers=None, executor='parallel', ignore_user_meta=False, install_base='install', log_base=None, log_level=None, main=<bound method BuildVerb.main of <colcon_core.verb.build.BuildVerb object at 0xffff92277a30>>, merge_install=False, metas=['./colcon.meta'], packages_above=None, packages_above_and_dependencies=None, packages_above_depth=None, packages_end=None, packages_ignore=None, packages_ignore_regex=None, packages_select=None, packages_select_build_failed=False, packages_select_by_dep=None, packages_select_regex=None, packages_select_test_failures=False, packages_skip=None, packages_skip_build_finished=False, packages_skip_by_dep=None, packages_skip_regex=None, packages_skip_test_passed=False, packages_skip_up_to=None, packages_start=None, packages_up_to=None, packages_up_to_regex=None, parallel_workers=6, paths=None, symlink_install=False, test_result_base=None, verb_extension=<colcon_core.verb.build.BuildVerb object at 0xffff92277a30>, verb_name='build', verb_parser=<colcon_defaults.argument_parser.defaults.DefaultArgumentsDecorator object at 0xffff922855e0>)
[1.414s] Level 1:colcon.colcon_core.package_discovery:discover_packages(colcon_meta) check parameters
[1.415s] Level 1:colcon.colcon_core.package_discovery:discover_packages(recursive) check parameters
[1.415s] Level 1:colcon.colcon_core.package_discovery:discover_packages(ignore) check parameters
[1.415s] Level 1:colcon.colcon_core.package_discovery:discover_packages(path) check parameters
[1.415s] Level 1:colcon.colcon_core.package_discovery:discover_packages(colcon_meta) discover
[1.416s] Level 1:colcon.colcon_core.package_discovery:discover_packages(recursive) discover
[1.416s] INFO:colcon.colcon_core.package_discovery:Crawling recursively for packages in '/home/kidd/agv_station'
[1.417s] Level 1:colcon.colcon_core.package_identification:_identify(.) by extensions ['ignore', 'ignore_ament_install']
[1.417s] Level 1:colcon.colcon_core.package_identification:_identify(.) by extension 'ignore'
[1.418s] Level 1:colcon.colcon_core.package_identification:_identify(.) by extension 'ignore_ament_install'
[1.418s] Level 1:colcon.colcon_core.package_identification:_identify(.) by extensions ['colcon_pkg']
[1.418s] Level 1:colcon.colcon_core.package_identification:_identify(.) by extension 'colcon_pkg'
[1.418s] Level 1:colcon.colcon_core.package_identification:_identify(.) by extensions ['colcon_meta']
[1.419s] Level 1:colcon.colcon_core.package_identification:_identify(.) by extension 'colcon_meta'
[1.419s] Level 1:colcon.colcon_core.package_identification:_identify(.) by extensions ['ros']
[1.419s] Level 1:colcon.colcon_core.package_identification:_identify(.) by extension 'ros'
[1.501s] Level 1:colcon.colcon_core.package_identification:_identify(.) by extensions ['cmake', 'python']
[1.502s] Level 1:colcon.colcon_core.package_identification:_identify(.) by extension 'cmake'
[1.502s] Level 1:colcon.colcon_core.package_identification:_identify(.) by extension 'python'
[1.502s] Level 1:colcon.colcon_core.package_identification:_identify(.) by extensions ['python_setup_py']
[1.503s] Level 1:colcon.colcon_core.package_identification:_identify(.) by extension 'python_setup_py'
[1.503s] Level 1:colcon.colcon_core.package_identification:_identify(build) by extensions ['ignore', 'ignore_ament_install']
[1.504s] Level 1:colcon.colcon_core.package_identification:_identify(build) by extension 'ignore'
[1.504s] Level 1:colcon.colcon_core.package_identification:_identify(build) ignored
[1.505s] Level 1:colcon.colcon_core.package_identification:_identify(install) by extensions ['ignore', 'ignore_ament_install']
[1.506s] Level 1:colcon.colcon_core.package_identification:_identify(install) by extension 'ignore'
[1.506s] Level 1:colcon.colcon_core.package_identification:_identify(install) ignored
[1.506s] Level 1:colcon.colcon_core.package_identification:_identify(log) by extensions ['ignore', 'ignore_ament_install']
[1.507s] Level 1:colcon.colcon_core.package_identification:_identify(log) by extension 'ignore'
[1.507s] Level 1:colcon.colcon_core.package_identification:_identify(log) ignored
[1.507s] Level 1:colcon.colcon_core.package_identification:_identify(src) by extensions ['ignore', 'ignore_ament_install']
[1.508s] Level 1:colcon.colcon_core.package_identification:_identify(src) by extension 'ignore'
[1.508s] Level 1:colcon.colcon_core.package_identification:_identify(src) by extension 'ignore_ament_install'
[1.509s] Level 1:colcon.colcon_core.package_identification:_identify(src) by extensions ['colcon_pkg']
[1.509s] Level 1:colcon.colcon_core.package_identification:_identify(src) by extension 'colcon_pkg'
[1.509s] Level 1:colcon.colcon_core.package_identification:_identify(src) by extensions ['colcon_meta']
[1.509s] Level 1:colcon.colcon_core.package_identification:_identify(src) by extension 'colcon_meta'
[1.510s] Level 1:colcon.colcon_core.package_identification:_identify(src) by extensions ['ros']
[1.510s] Level 1:colcon.colcon_core.package_identification:_identify(src) by extension 'ros'
[1.510s] Level 1:colcon.colcon_core.package_identification:_identify(src) by extensions ['cmake', 'python']
[1.510s] Level 1:colcon.colcon_core.package_identification:_identify(src) by extension 'cmake'
[1.511s] Level 1:colcon.colcon_core.package_identification:_identify(src) by extension 'python'
[1.511s] Level 1:colcon.colcon_core.package_identification:_identify(src) by extensions ['python_setup_py']
[1.511s] Level 1:colcon.colcon_core.package_identification:_identify(src) by extension 'python_setup_py'
[1.512s] Level 1:colcon.colcon_core.package_identification:_identify(src/amr_v4_station) by extensions ['ignore', 'ignore_ament_install']
[1.512s] Level 1:colcon.colcon_core.package_identification:_identify(src/amr_v4_station) by extension 'ignore'
[1.512s] Level 1:colcon.colcon_core.package_identification:_identify(src/amr_v4_station) by extension 'ignore_ament_install'
[1.513s] Level 1:colcon.colcon_core.package_identification:_identify(src/amr_v4_station) by extensions ['colcon_pkg']
[1.513s] Level 1:colcon.colcon_core.package_identification:_identify(src/amr_v4_station) by extension 'colcon_pkg'
[1.513s] Level 1:colcon.colcon_core.package_identification:_identify(src/amr_v4_station) by extensions ['colcon_meta']
[1.513s] Level 1:colcon.colcon_core.package_identification:_identify(src/amr_v4_station) by extension 'colcon_meta'
[1.514s] Level 1:colcon.colcon_core.package_identification:_identify(src/amr_v4_station) by extensions ['ros']
[1.514s] Level 1:colcon.colcon_core.package_identification:_identify(src/amr_v4_station) by extension 'ros'
[1.528s] DEBUG:colcon.colcon_core.package_identification:Package 'src/amr_v4_station' with type 'ros.ament_python' and name 'amr_v4_station'
[1.528s] Level 1:colcon.colcon_core.package_discovery:discover_packages(recursive) using defaults
[1.529s] Level 1:colcon.colcon_core.package_discovery:discover_packages(ignore) discover
[1.529s] Level 1:colcon.colcon_core.package_discovery:discover_packages(ignore) using defaults
[1.529s] Level 1:colcon.colcon_core.package_discovery:discover_packages(path) discover
[1.529s] Level 1:colcon.colcon_core.package_discovery:discover_packages(path) using defaults
[1.627s] Level 1:colcon.colcon_core.package_discovery:discover_packages(prefix_path) check parameters
[1.627s] Level 1:colcon.colcon_core.package_discovery:discover_packages(prefix_path) discover
[1.637s] DEBUG:colcon.colcon_installed_package_information.package_discovery:Found 1 installed packages in /home/kidd/agv_station/install
[1.647s] DEBUG:colcon.colcon_installed_package_information.package_discovery:Found 268 installed packages in /opt/ros/galactic
[1.656s] Level 1:colcon.colcon_core.package_discovery:discover_packages(prefix_path) using defaults
[2.020s] Level 5:colcon.colcon_core.verb:set package 'amr_v4_station' build argument 'cmake_args' from command line to 'None'
[2.020s] Level 5:colcon.colcon_core.verb:set package 'amr_v4_station' build argument 'cmake_target' from command line to 'None'
[2.020s] Level 5:colcon.colcon_core.verb:set package 'amr_v4_station' build argument 'cmake_target_skip_unavailable' from command line to 'False'
[2.020s] Level 5:colcon.colcon_core.verb:set package 'amr_v4_station' build argument 'cmake_clean_cache' from command line to 'False'
[2.021s] Level 5:colcon.colcon_core.verb:set package 'amr_v4_station' build argument 'cmake_clean_first' from command line to 'False'
[2.021s] Level 5:colcon.colcon_core.verb:set package 'amr_v4_station' build argument 'cmake_force_configure' from command line to 'False'
[2.021s] Level 5:colcon.colcon_core.verb:set package 'amr_v4_station' build argument 'ament_cmake_args' from command line to 'None'
[2.021s] Level 5:colcon.colcon_core.verb:set package 'amr_v4_station' build argument 'catkin_cmake_args' from command line to 'None'
[2.021s] Level 5:colcon.colcon_core.verb:set package 'amr_v4_station' build argument 'catkin_skip_building_tests' from command line to 'False'
[2.022s] DEBUG:colcon.colcon_core.verb:Building package 'amr_v4_station' with the following arguments: {'ament_cmake_args': None, 'build_base': '/home/kidd/agv_station/build/amr_v4_station', 'catkin_cmake_args': None, 'catkin_skip_building_tests': False, 'cmake_args': None, 'cmake_clean_cache': False, 'cmake_clean_first': False, 'cmake_force_configure': False, 'cmake_target': None, 'cmake_target_skip_unavailable': False, 'install_base': '/home/kidd/agv_station/install/amr_v4_station', 'merge_install': False, 'path': '/home/kidd/agv_station/src/amr_v4_station', 'symlink_install': False, 'test_result_base': None}
[2.023s] INFO:colcon.colcon_core.executor:Executing jobs using 'parallel' executor
[2.030s] DEBUG:colcon.colcon_parallel_executor.executor.parallel:run_until_complete
[2.031s] INFO:colcon.colcon_ros.task.ament_python.build:Building ROS package in '/home/kidd/agv_station/src/amr_v4_station' with build type 'ament_python'
[2.032s] Level 1:colcon.colcon_core.shell:create_environment_hook('amr_v4_station', 'ament_prefix_path')
[2.046s] INFO:colcon.colcon_core.plugin_system:Skipping extension 'colcon_core.shell.bat': Not used on non-Windows systems
[2.047s] INFO:colcon.colcon_core.shell:Creating environment hook '/home/kidd/agv_station/install/amr_v4_station/share/amr_v4_station/hook/ament_prefix_path.ps1'
[2.050s] INFO:colcon.colcon_core.shell:Creating environment descriptor '/home/kidd/agv_station/install/amr_v4_station/share/amr_v4_station/hook/ament_prefix_path.dsv'
[2.052s] INFO:colcon.colcon_core.shell:Creating environment hook '/home/kidd/agv_station/install/amr_v4_station/share/amr_v4_station/hook/ament_prefix_path.sh'
[2.057s] INFO:colcon.colcon_core.shell:Skip shell extension 'powershell' for command environment: Not usable outside of PowerShell
[2.058s] DEBUG:colcon.colcon_core.shell:Skip shell extension 'dsv' for command environment
[3.325s] INFO:colcon.colcon_core.task.python.build:Building Python package in '/home/kidd/agv_station/src/amr_v4_station'
[3.332s] INFO:colcon.colcon_core.shell:Skip shell extension 'powershell' for command environment: Not usable outside of PowerShell
[3.332s] DEBUG:colcon.colcon_core.shell:Skip shell extension 'dsv' for command environment
[6.748s] DEBUG:colcon.colcon_core.event_handler.log_command:Invoking command in '/home/kidd/agv_station/build/amr_v4_station': PYTHONPATH=/home/kidd/agv_station/build/amr_v4_station/prefix_override:/home/kidd/agv_station/install/amr_v4_station/lib/python3.8/site-packages:${PYTHONPATH} /usr/bin/python3 -W ignore:setup.py install is deprecated setup.py develop --uninstall --editable --build-directory /home/kidd/agv_station/build/amr_v4_station/build
[9.884s] DEBUG:colcon.colcon_core.event_handler.log_command:Invoked command in '/home/kidd/agv_station/build/amr_v4_station' returned '0': PYTHONPATH=/home/kidd/agv_station/build/amr_v4_station/prefix_override:/home/kidd/agv_station/install/amr_v4_station/lib/python3.8/site-packages:${PYTHONPATH} /usr/bin/python3 -W ignore:setup.py install is deprecated setup.py develop --uninstall --editable --build-directory /home/kidd/agv_station/build/amr_v4_station/build
[9.917s] DEBUG:colcon.colcon_core.event_handler.log_command:Invoking command in '/home/kidd/agv_station/src/amr_v4_station': PYTHONPATH=/home/kidd/agv_station/build/amr_v4_station/prefix_override:/home/kidd/agv_station/install/amr_v4_station/lib/python3.8/site-packages:${PYTHONPATH} /usr/bin/python3 -W ignore:setup.py install is deprecated setup.py egg_info --egg-base ../../build/amr_v4_station build --build-base /home/kidd/agv_station/build/amr_v4_station/build install --record /home/kidd/agv_station/build/amr_v4_station/install.log --single-version-externally-managed install_data --force
[12.973s] DEBUG:colcon.colcon_core.event_handler.log_command:Invoked command in '/home/kidd/agv_station/src/amr_v4_station' returned '0': PYTHONPATH=/home/kidd/agv_station/build/amr_v4_station/prefix_override:/home/kidd/agv_station/install/amr_v4_station/lib/python3.8/site-packages:${PYTHONPATH} /usr/bin/python3 -W ignore:setup.py install is deprecated setup.py egg_info --egg-base ../../build/amr_v4_station build --build-base /home/kidd/agv_station/build/amr_v4_station/build install --record /home/kidd/agv_station/build/amr_v4_station/install.log --single-version-externally-managed install_data --force
[12.994s] Level 1:colcon.colcon_core.environment:checking '/home/kidd/agv_station/install/amr_v4_station' for CMake module files
[12.997s] Level 1:colcon.colcon_core.environment:checking '/home/kidd/agv_station/install/amr_v4_station' for CMake config files
[13.005s] Level 1:colcon.colcon_core.environment:checking '/home/kidd/agv_station/install/amr_v4_station/lib'
[13.006s] Level 1:colcon.colcon_core.environment:checking '/home/kidd/agv_station/install/amr_v4_station/bin'
[13.006s] Level 1:colcon.colcon_core.environment:checking '/home/kidd/agv_station/install/amr_v4_station/lib/pkgconfig/amr_v4_station.pc'
[13.008s] Level 1:colcon.colcon_core.environment:checking '/home/kidd/agv_station/install/amr_v4_station/lib/python3.8/site-packages'
[13.008s] Level 1:colcon.colcon_core.shell:create_environment_hook('amr_v4_station', 'pythonpath')
[13.010s] INFO:colcon.colcon_core.shell:Creating environment hook '/home/kidd/agv_station/install/amr_v4_station/share/amr_v4_station/hook/pythonpath.ps1'
[13.014s] INFO:colcon.colcon_core.shell:Creating environment descriptor '/home/kidd/agv_station/install/amr_v4_station/share/amr_v4_station/hook/pythonpath.dsv'
[13.015s] INFO:colcon.colcon_core.shell:Creating environment hook '/home/kidd/agv_station/install/amr_v4_station/share/amr_v4_station/hook/pythonpath.sh'
[13.018s] Level 1:colcon.colcon_core.environment:checking '/home/kidd/agv_station/install/amr_v4_station/bin'
[13.018s] Level 1:colcon.colcon_core.environment:create_environment_scripts_only(amr_v4_station)
[13.020s] INFO:colcon.colcon_core.shell:Creating package script '/home/kidd/agv_station/install/amr_v4_station/share/amr_v4_station/package.ps1'
[13.025s] INFO:colcon.colcon_core.shell:Creating package descriptor '/home/kidd/agv_station/install/amr_v4_station/share/amr_v4_station/package.dsv'
[13.028s] INFO:colcon.colcon_core.shell:Creating package script '/home/kidd/agv_station/install/amr_v4_station/share/amr_v4_station/package.sh'
[13.033s] INFO:colcon.colcon_core.shell:Creating package script '/home/kidd/agv_station/install/amr_v4_station/share/amr_v4_station/package.bash'
[13.036s] INFO:colcon.colcon_core.shell:Creating package script '/home/kidd/agv_station/install/amr_v4_station/share/amr_v4_station/package.zsh'
[13.039s] Level 1:colcon.colcon_core.environment:create_file_with_runtime_dependencies(/home/kidd/agv_station/install/amr_v4_station/share/colcon-core/packages/amr_v4_station)
[13.043s] DEBUG:colcon.colcon_parallel_executor.executor.parallel:closing loop
[13.046s] DEBUG:colcon.colcon_parallel_executor.executor.parallel:loop closed
[13.046s] DEBUG:colcon.colcon_parallel_executor.executor.parallel:run_until_complete finished with '0'
[13.047s] DEBUG:colcon.colcon_core.event_reactor:joining thread
[13.086s] INFO:colcon.colcon_core.plugin_system:Skipping extension 'colcon_notification.desktop_notification.terminal_notifier': Not used on non-Darwin systems
[13.087s] INFO:colcon.colcon_core.plugin_system:Skipping extension 'colcon_notification.desktop_notification.win32': Not used on non-Windows systems
[13.088s] INFO:colcon.colcon_notification.desktop_notification:Sending desktop notification using 'notify2'
[13.185s] DEBUG:colcon.colcon_core.event_reactor:joined thread
[13.189s] INFO:colcon.colcon_core.shell:Creating prefix script '/home/kidd/agv_station/install/local_setup.ps1'
[13.195s] INFO:colcon.colcon_core.shell:Creating prefix util module '/home/kidd/agv_station/install/_local_setup_util_ps1.py'
[13.201s] INFO:colcon.colcon_core.shell:Creating prefix chain script '/home/kidd/agv_station/install/setup.ps1'
[13.207s] INFO:colcon.colcon_core.shell:Creating prefix script '/home/kidd/agv_station/install/local_setup.sh'
[13.211s] INFO:colcon.colcon_core.shell:Creating prefix util module '/home/kidd/agv_station/install/_local_setup_util_sh.py'
[13.214s] INFO:colcon.colcon_core.shell:Creating prefix chain script '/home/kidd/agv_station/install/setup.sh'
[13.219s] INFO:colcon.colcon_core.shell:Creating prefix script '/home/kidd/agv_station/install/local_setup.bash'
[13.222s] INFO:colcon.colcon_core.shell:Creating prefix chain script '/home/kidd/agv_station/install/setup.bash'
[13.227s] INFO:colcon.colcon_core.shell:Creating prefix script '/home/kidd/agv_station/install/local_setup.zsh'
[13.231s] INFO:colcon.colcon_core.shell:Creating prefix chain script '/home/kidd/agv_station/install/setup.zsh'
