[1.038s] DEBUG:colcon:Command line arguments: ['/usr/bin/colcon', 'build']
[1.039s] DEBUG:colcon:Parsed command line arguments: Namespace(allow_overriding=[], ament_cmake_args=None, base_paths=['.'], build_base='build', catkin_cmake_args=None, catkin_skip_building_tests=False, cmake_args=None, cmake_clean_cache=False, cmake_clean_first=False, cmake_force_configure=False, cmake_target=None, cmake_target_skip_unavailable=False, continue_on_error=False, event_handlers=None, executor='parallel', ignore_user_meta=False, install_base='install', log_base=None, log_level=None, main=<bound method BuildVerb.main of <colcon_core.verb.build.BuildVerb object at 0xffff9b6c9550>>, merge_install=False, metas=['./colcon.meta'], packages_above=None, packages_above_and_dependencies=None, packages_above_depth=None, packages_end=None, packages_ignore=None, packages_ignore_regex=None, packages_select=None, packages_select_build_failed=False, packages_select_by_dep=None, packages_select_regex=None, packages_select_test_failures=False, packages_skip=None, packages_skip_build_finished=False, packages_skip_by_dep=None, packages_skip_regex=None, packages_skip_test_passed=False, packages_skip_up_to=None, packages_start=None, packages_up_to=None, packages_up_to_regex=None, parallel_workers=6, paths=None, symlink_install=False, test_result_base=None, verb_extension=<colcon_core.verb.build.BuildVerb object at 0xffff9b6c9550>, verb_name='build', verb_parser=<colcon_defaults.argument_parser.defaults.DefaultArgumentsDecorator object at 0xffff9b4f7070>)
[2.141s] Level 1:colcon.colcon_core.package_discovery:discover_packages(colcon_meta) check parameters
[2.142s] Level 1:colcon.colcon_core.package_discovery:discover_packages(recursive) check parameters
[2.142s] Level 1:colcon.colcon_core.package_discovery:discover_packages(ignore) check parameters
[2.143s] Level 1:colcon.colcon_core.package_discovery:discover_packages(path) check parameters
[2.143s] Level 1:colcon.colcon_core.package_discovery:discover_packages(colcon_meta) discover
[2.143s] Level 1:colcon.colcon_core.package_discovery:discover_packages(recursive) discover
[2.144s] INFO:colcon.colcon_core.package_discovery:Crawling recursively for packages in '/home/kidd/agv_station'
[2.144s] Level 1:colcon.colcon_core.package_identification:_identify(.) by extensions ['ignore', 'ignore_ament_install']
[2.145s] Level 1:colcon.colcon_core.package_identification:_identify(.) by extension 'ignore'
[2.145s] Level 1:colcon.colcon_core.package_identification:_identify(.) by extension 'ignore_ament_install'
[2.146s] Level 1:colcon.colcon_core.package_identification:_identify(.) by extensions ['colcon_pkg']
[2.146s] Level 1:colcon.colcon_core.package_identification:_identify(.) by extension 'colcon_pkg'
[2.146s] Level 1:colcon.colcon_core.package_identification:_identify(.) by extensions ['colcon_meta']
[2.146s] Level 1:colcon.colcon_core.package_identification:_identify(.) by extension 'colcon_meta'
[2.147s] Level 1:colcon.colcon_core.package_identification:_identify(.) by extensions ['ros']
[2.147s] Level 1:colcon.colcon_core.package_identification:_identify(.) by extension 'ros'
[2.246s] Level 1:colcon.colcon_core.package_identification:_identify(.) by extensions ['cmake', 'python']
[2.246s] Level 1:colcon.colcon_core.package_identification:_identify(.) by extension 'cmake'
[2.247s] Level 1:colcon.colcon_core.package_identification:_identify(.) by extension 'python'
[2.247s] Level 1:colcon.colcon_core.package_identification:_identify(.) by extensions ['python_setup_py']
[2.247s] Level 1:colcon.colcon_core.package_identification:_identify(.) by extension 'python_setup_py'
[2.248s] Level 1:colcon.colcon_core.package_identification:_identify(build) by extensions ['ignore', 'ignore_ament_install']
[2.248s] Level 1:colcon.colcon_core.package_identification:_identify(build) by extension 'ignore'
[2.249s] Level 1:colcon.colcon_core.package_identification:_identify(build) ignored
[2.249s] Level 1:colcon.colcon_core.package_identification:_identify(install) by extensions ['ignore', 'ignore_ament_install']
[2.250s] Level 1:colcon.colcon_core.package_identification:_identify(install) by extension 'ignore'
[2.250s] Level 1:colcon.colcon_core.package_identification:_identify(install) ignored
[2.251s] Level 1:colcon.colcon_core.package_identification:_identify(log) by extensions ['ignore', 'ignore_ament_install']
[2.251s] Level 1:colcon.colcon_core.package_identification:_identify(log) by extension 'ignore'
[2.251s] Level 1:colcon.colcon_core.package_identification:_identify(log) ignored
[2.252s] Level 1:colcon.colcon_core.package_identification:_identify(src) by extensions ['ignore', 'ignore_ament_install']
[2.252s] Level 1:colcon.colcon_core.package_identification:_identify(src) by extension 'ignore'
[2.252s] Level 1:colcon.colcon_core.package_identification:_identify(src) by extension 'ignore_ament_install'
[2.253s] Level 1:colcon.colcon_core.package_identification:_identify(src) by extensions ['colcon_pkg']
[2.253s] Level 1:colcon.colcon_core.package_identification:_identify(src) by extension 'colcon_pkg'
[2.253s] Level 1:colcon.colcon_core.package_identification:_identify(src) by extensions ['colcon_meta']
[2.253s] Level 1:colcon.colcon_core.package_identification:_identify(src) by extension 'colcon_meta'
[2.254s] Level 1:colcon.colcon_core.package_identification:_identify(src) by extensions ['ros']
[2.254s] Level 1:colcon.colcon_core.package_identification:_identify(src) by extension 'ros'
[2.254s] Level 1:colcon.colcon_core.package_identification:_identify(src) by extensions ['cmake', 'python']
[2.255s] Level 1:colcon.colcon_core.package_identification:_identify(src) by extension 'cmake'
[2.255s] Level 1:colcon.colcon_core.package_identification:_identify(src) by extension 'python'
[2.255s] Level 1:colcon.colcon_core.package_identification:_identify(src) by extensions ['python_setup_py']
[2.255s] Level 1:colcon.colcon_core.package_identification:_identify(src) by extension 'python_setup_py'
[2.256s] Level 1:colcon.colcon_core.package_identification:_identify(src/amr_v4_msgs_srvs) by extensions ['ignore', 'ignore_ament_install']
[2.256s] Level 1:colcon.colcon_core.package_identification:_identify(src/amr_v4_msgs_srvs) by extension 'ignore'
[2.257s] Level 1:colcon.colcon_core.package_identification:_identify(src/amr_v4_msgs_srvs) by extension 'ignore_ament_install'
[2.257s] Level 1:colcon.colcon_core.package_identification:_identify(src/amr_v4_msgs_srvs) by extensions ['colcon_pkg']
[2.257s] Level 1:colcon.colcon_core.package_identification:_identify(src/amr_v4_msgs_srvs) by extension 'colcon_pkg'
[2.257s] Level 1:colcon.colcon_core.package_identification:_identify(src/amr_v4_msgs_srvs) by extensions ['colcon_meta']
[2.257s] Level 1:colcon.colcon_core.package_identification:_identify(src/amr_v4_msgs_srvs) by extension 'colcon_meta'
[2.258s] Level 1:colcon.colcon_core.package_identification:_identify(src/amr_v4_msgs_srvs) by extensions ['ros']
[2.258s] Level 1:colcon.colcon_core.package_identification:_identify(src/amr_v4_msgs_srvs) by extension 'ros'
[2.270s] DEBUG:colcon.colcon_core.package_identification:Package 'src/amr_v4_msgs_srvs' with type 'ros.ament_cmake' and name 'amr_v4_msgs_srvs'
[2.271s] Level 1:colcon.colcon_core.package_identification:_identify(src/amr_v4_station) by extensions ['ignore', 'ignore_ament_install']
[2.271s] Level 1:colcon.colcon_core.package_identification:_identify(src/amr_v4_station) by extension 'ignore'
[2.272s] Level 1:colcon.colcon_core.package_identification:_identify(src/amr_v4_station) by extension 'ignore_ament_install'
[2.272s] Level 1:colcon.colcon_core.package_identification:_identify(src/amr_v4_station) by extensions ['colcon_pkg']
[2.272s] Level 1:colcon.colcon_core.package_identification:_identify(src/amr_v4_station) by extension 'colcon_pkg'
[2.272s] Level 1:colcon.colcon_core.package_identification:_identify(src/amr_v4_station) by extensions ['colcon_meta']
[2.273s] Level 1:colcon.colcon_core.package_identification:_identify(src/amr_v4_station) by extension 'colcon_meta'
[2.273s] Level 1:colcon.colcon_core.package_identification:_identify(src/amr_v4_station) by extensions ['ros']
[2.273s] Level 1:colcon.colcon_core.package_identification:_identify(src/amr_v4_station) by extension 'ros'
[2.276s] DEBUG:colcon.colcon_core.package_identification:Package 'src/amr_v4_station' with type 'ros.ament_python' and name 'amr_v4_station'
[2.277s] Level 1:colcon.colcon_core.package_identification:_identify(src/station_launch) by extensions ['ignore', 'ignore_ament_install']
[2.277s] Level 1:colcon.colcon_core.package_identification:_identify(src/station_launch) by extension 'ignore'
[2.278s] Level 1:colcon.colcon_core.package_identification:_identify(src/station_launch) by extension 'ignore_ament_install'
[2.278s] Level 1:colcon.colcon_core.package_identification:_identify(src/station_launch) by extensions ['colcon_pkg']
[2.278s] Level 1:colcon.colcon_core.package_identification:_identify(src/station_launch) by extension 'colcon_pkg'
[2.279s] Level 1:colcon.colcon_core.package_identification:_identify(src/station_launch) by extensions ['colcon_meta']
[2.279s] Level 1:colcon.colcon_core.package_identification:_identify(src/station_launch) by extension 'colcon_meta'
[2.279s] Level 1:colcon.colcon_core.package_identification:_identify(src/station_launch) by extensions ['ros']
[2.279s] Level 1:colcon.colcon_core.package_identification:_identify(src/station_launch) by extension 'ros'
[2.282s] DEBUG:colcon.colcon_core.package_identification:Package 'src/station_launch' with type 'ros.ament_cmake' and name 'station_launch'
[2.282s] Level 1:colcon.colcon_core.package_discovery:discover_packages(recursive) using defaults
[2.282s] Level 1:colcon.colcon_core.package_discovery:discover_packages(ignore) discover
[2.283s] Level 1:colcon.colcon_core.package_discovery:discover_packages(ignore) using defaults
[2.283s] Level 1:colcon.colcon_core.package_discovery:discover_packages(path) discover
[2.283s] Level 1:colcon.colcon_core.package_discovery:discover_packages(path) using defaults
[2.381s] Level 1:colcon.colcon_core.package_discovery:discover_packages(prefix_path) check parameters
[2.381s] Level 1:colcon.colcon_core.package_discovery:discover_packages(prefix_path) discover
[2.391s] DEBUG:colcon.colcon_installed_package_information.package_discovery:Found 3 installed packages in /home/kidd/agv_station/install
[2.401s] DEBUG:colcon.colcon_installed_package_information.package_discovery:Found 268 installed packages in /opt/ros/galactic
[2.409s] Level 1:colcon.colcon_core.package_discovery:discover_packages(prefix_path) using defaults
[2.755s] Level 5:colcon.colcon_core.verb:set package 'amr_v4_msgs_srvs' build argument 'cmake_args' from command line to 'None'
[2.755s] Level 5:colcon.colcon_core.verb:set package 'amr_v4_msgs_srvs' build argument 'cmake_target' from command line to 'None'
[2.756s] Level 5:colcon.colcon_core.verb:set package 'amr_v4_msgs_srvs' build argument 'cmake_target_skip_unavailable' from command line to 'False'
[2.756s] Level 5:colcon.colcon_core.verb:set package 'amr_v4_msgs_srvs' build argument 'cmake_clean_cache' from command line to 'False'
[2.756s] Level 5:colcon.colcon_core.verb:set package 'amr_v4_msgs_srvs' build argument 'cmake_clean_first' from command line to 'False'
[2.756s] Level 5:colcon.colcon_core.verb:set package 'amr_v4_msgs_srvs' build argument 'cmake_force_configure' from command line to 'False'
[2.756s] Level 5:colcon.colcon_core.verb:set package 'amr_v4_msgs_srvs' build argument 'ament_cmake_args' from command line to 'None'
[2.757s] Level 5:colcon.colcon_core.verb:set package 'amr_v4_msgs_srvs' build argument 'catkin_cmake_args' from command line to 'None'
[2.757s] Level 5:colcon.colcon_core.verb:set package 'amr_v4_msgs_srvs' build argument 'catkin_skip_building_tests' from command line to 'False'
[2.757s] DEBUG:colcon.colcon_core.verb:Building package 'amr_v4_msgs_srvs' with the following arguments: {'ament_cmake_args': None, 'build_base': '/home/kidd/agv_station/build/amr_v4_msgs_srvs', 'catkin_cmake_args': None, 'catkin_skip_building_tests': False, 'cmake_args': None, 'cmake_clean_cache': False, 'cmake_clean_first': False, 'cmake_force_configure': False, 'cmake_target': None, 'cmake_target_skip_unavailable': False, 'install_base': '/home/kidd/agv_station/install/amr_v4_msgs_srvs', 'merge_install': False, 'path': '/home/kidd/agv_station/src/amr_v4_msgs_srvs', 'symlink_install': False, 'test_result_base': None}
[2.760s] Level 5:colcon.colcon_core.verb:set package 'amr_v4_station' build argument 'cmake_args' from command line to 'None'
[2.760s] Level 5:colcon.colcon_core.verb:set package 'amr_v4_station' build argument 'cmake_target' from command line to 'None'
[2.760s] Level 5:colcon.colcon_core.verb:set package 'amr_v4_station' build argument 'cmake_target_skip_unavailable' from command line to 'False'
[2.760s] Level 5:colcon.colcon_core.verb:set package 'amr_v4_station' build argument 'cmake_clean_cache' from command line to 'False'
[2.761s] Level 5:colcon.colcon_core.verb:set package 'amr_v4_station' build argument 'cmake_clean_first' from command line to 'False'
[2.761s] Level 5:colcon.colcon_core.verb:set package 'amr_v4_station' build argument 'cmake_force_configure' from command line to 'False'
[2.761s] Level 5:colcon.colcon_core.verb:set package 'amr_v4_station' build argument 'ament_cmake_args' from command line to 'None'
[2.761s] Level 5:colcon.colcon_core.verb:set package 'amr_v4_station' build argument 'catkin_cmake_args' from command line to 'None'
[2.761s] Level 5:colcon.colcon_core.verb:set package 'amr_v4_station' build argument 'catkin_skip_building_tests' from command line to 'False'
[2.762s] DEBUG:colcon.colcon_core.verb:Building package 'amr_v4_station' with the following arguments: {'ament_cmake_args': None, 'build_base': '/home/kidd/agv_station/build/amr_v4_station', 'catkin_cmake_args': None, 'catkin_skip_building_tests': False, 'cmake_args': None, 'cmake_clean_cache': False, 'cmake_clean_first': False, 'cmake_force_configure': False, 'cmake_target': None, 'cmake_target_skip_unavailable': False, 'install_base': '/home/kidd/agv_station/install/amr_v4_station', 'merge_install': False, 'path': '/home/kidd/agv_station/src/amr_v4_station', 'symlink_install': False, 'test_result_base': None}
[2.764s] Level 5:colcon.colcon_core.verb:set package 'station_launch' build argument 'cmake_args' from command line to 'None'
[2.764s] Level 5:colcon.colcon_core.verb:set package 'station_launch' build argument 'cmake_target' from command line to 'None'
[2.765s] Level 5:colcon.colcon_core.verb:set package 'station_launch' build argument 'cmake_target_skip_unavailable' from command line to 'False'
[2.765s] Level 5:colcon.colcon_core.verb:set package 'station_launch' build argument 'cmake_clean_cache' from command line to 'False'
[2.765s] Level 5:colcon.colcon_core.verb:set package 'station_launch' build argument 'cmake_clean_first' from command line to 'False'
[2.765s] Level 5:colcon.colcon_core.verb:set package 'station_launch' build argument 'cmake_force_configure' from command line to 'False'
[2.765s] Level 5:colcon.colcon_core.verb:set package 'station_launch' build argument 'ament_cmake_args' from command line to 'None'
[2.765s] Level 5:colcon.colcon_core.verb:set package 'station_launch' build argument 'catkin_cmake_args' from command line to 'None'
[2.765s] Level 5:colcon.colcon_core.verb:set package 'station_launch' build argument 'catkin_skip_building_tests' from command line to 'False'
[2.766s] DEBUG:colcon.colcon_core.verb:Building package 'station_launch' with the following arguments: {'ament_cmake_args': None, 'build_base': '/home/kidd/agv_station/build/station_launch', 'catkin_cmake_args': None, 'catkin_skip_building_tests': False, 'cmake_args': None, 'cmake_clean_cache': False, 'cmake_clean_first': False, 'cmake_force_configure': False, 'cmake_target': None, 'cmake_target_skip_unavailable': False, 'install_base': '/home/kidd/agv_station/install/station_launch', 'merge_install': False, 'path': '/home/kidd/agv_station/src/station_launch', 'symlink_install': False, 'test_result_base': None}
[2.767s] INFO:colcon.colcon_core.executor:Executing jobs using 'parallel' executor
[2.772s] DEBUG:colcon.colcon_parallel_executor.executor.parallel:run_until_complete
[2.774s] INFO:colcon.colcon_ros.task.ament_cmake.build:Building ROS package in '/home/kidd/agv_station/src/amr_v4_msgs_srvs' with build type 'ament_cmake'
[2.777s] INFO:colcon.colcon_cmake.task.cmake.build:Building CMake package in '/home/kidd/agv_station/src/amr_v4_msgs_srvs'
[2.789s] INFO:colcon.colcon_core.plugin_system:Skipping extension 'colcon_core.shell.bat': Not used on non-Windows systems
[2.790s] INFO:colcon.colcon_core.shell:Skip shell extension 'powershell' for command environment: Not usable outside of PowerShell
[2.791s] DEBUG:colcon.colcon_core.shell:Skip shell extension 'dsv' for command environment
[2.827s] INFO:colcon.colcon_ros.task.ament_python.build:Building ROS package in '/home/kidd/agv_station/src/amr_v4_station' with build type 'ament_python'
[2.834s] Level 1:colcon.colcon_core.shell:create_environment_hook('amr_v4_station', 'ament_prefix_path')
[2.838s] INFO:colcon.colcon_core.shell:Creating environment hook '/home/kidd/agv_station/install/amr_v4_station/share/amr_v4_station/hook/ament_prefix_path.ps1'
[2.844s] INFO:colcon.colcon_core.shell:Creating environment descriptor '/home/kidd/agv_station/install/amr_v4_station/share/amr_v4_station/hook/ament_prefix_path.dsv'
[2.847s] INFO:colcon.colcon_core.shell:Creating environment hook '/home/kidd/agv_station/install/amr_v4_station/share/amr_v4_station/hook/ament_prefix_path.sh'
[2.852s] INFO:colcon.colcon_core.shell:Skip shell extension 'powershell' for command environment: Not usable outside of PowerShell
[2.852s] DEBUG:colcon.colcon_core.shell:Skip shell extension 'dsv' for command environment
[2.894s] INFO:colcon.colcon_ros.task.ament_cmake.build:Building ROS package in '/home/kidd/agv_station/src/station_launch' with build type 'ament_cmake'
[2.898s] INFO:colcon.colcon_cmake.task.cmake.build:Building CMake package in '/home/kidd/agv_station/src/station_launch'
[2.904s] INFO:colcon.colcon_core.shell:Skip shell extension 'powershell' for command environment: Not usable outside of PowerShell
[2.905s] DEBUG:colcon.colcon_core.shell:Skip shell extension 'dsv' for command environment
[2.980s] DEBUG:colcon.colcon_core.event_handler.log_command:Invoking command in '/home/kidd/agv_station/build/amr_v4_msgs_srvs': CMAKE_PREFIX_PATH=${CMAKE_PREFIX_PATH}:/home/kidd/agv_station/install/amr_v4_station:/opt/ros/galactic /usr/bin/cmake --build /home/kidd/agv_station/build/amr_v4_msgs_srvs -- -j6 -l6
[4.678s] INFO:colcon.colcon_core.task.python.build:Building Python package in '/home/kidd/agv_station/src/amr_v4_station'
[4.683s] INFO:colcon.colcon_core.shell:Skip shell extension 'powershell' for command environment: Not usable outside of PowerShell
[4.683s] DEBUG:colcon.colcon_core.shell:Skip shell extension 'dsv' for command environment
[4.764s] DEBUG:colcon.colcon_core.event_handler.log_command:Invoking command in '/home/kidd/agv_station/build/station_launch': CMAKE_PREFIX_PATH=${CMAKE_PREFIX_PATH}:/home/kidd/agv_station/install/amr_v4_station:/opt/ros/galactic /usr/bin/cmake --build /home/kidd/agv_station/build/station_launch -- -j6 -l6
[4.971s] DEBUG:colcon.colcon_core.event_handler.log_command:Invoked command in '/home/kidd/agv_station/build/station_launch' returned '0': CMAKE_PREFIX_PATH=${CMAKE_PREFIX_PATH}:/home/kidd/agv_station/install/amr_v4_station:/opt/ros/galactic /usr/bin/cmake --build /home/kidd/agv_station/build/station_launch -- -j6 -l6
[5.184s] DEBUG:colcon.colcon_core.event_handler.log_command:Invoking command in '/home/kidd/agv_station/build/station_launch': CMAKE_PREFIX_PATH=${CMAKE_PREFIX_PATH}:/home/kidd/agv_station/install/amr_v4_station:/opt/ros/galactic /usr/bin/cmake --install /home/kidd/agv_station/build/station_launch
[5.240s] Level 1:colcon.colcon_core.environment:create_environment_scripts_only(station_launch)
[5.246s] DEBUG:colcon.colcon_core.event_handler.log_command:Invoked command in '/home/kidd/agv_station/build/station_launch' returned '0': CMAKE_PREFIX_PATH=${CMAKE_PREFIX_PATH}:/home/kidd/agv_station/install/amr_v4_station:/opt/ros/galactic /usr/bin/cmake --install /home/kidd/agv_station/build/station_launch
[5.263s] Level 1:colcon.colcon_core.environment:checking '/home/kidd/agv_station/install/station_launch' for CMake module files
[5.267s] Level 1:colcon.colcon_core.environment:checking '/home/kidd/agv_station/install/station_launch' for CMake config files
[5.268s] Level 1:colcon.colcon_core.shell:create_environment_hook('station_launch', 'cmake_prefix_path')
[5.269s] INFO:colcon.colcon_core.shell:Creating environment hook '/home/kidd/agv_station/install/station_launch/share/station_launch/hook/cmake_prefix_path.ps1'
[5.273s] INFO:colcon.colcon_core.shell:Creating environment descriptor '/home/kidd/agv_station/install/station_launch/share/station_launch/hook/cmake_prefix_path.dsv'
[5.275s] INFO:colcon.colcon_core.shell:Creating environment hook '/home/kidd/agv_station/install/station_launch/share/station_launch/hook/cmake_prefix_path.sh'
[5.280s] Level 1:colcon.colcon_core.environment:checking '/home/kidd/agv_station/install/station_launch/bin'
[5.280s] Level 1:colcon.colcon_core.environment:checking '/home/kidd/agv_station/install/station_launch/lib/pkgconfig/station_launch.pc'
[5.282s] Level 1:colcon.colcon_core.environment:checking '/home/kidd/agv_station/install/station_launch/lib/python3.8/site-packages'
[5.283s] Level 1:colcon.colcon_core.environment:checking '/home/kidd/agv_station/install/station_launch/bin'
[5.285s] INFO:colcon.colcon_core.shell:Creating package script '/home/kidd/agv_station/install/station_launch/share/station_launch/package.ps1'
[5.291s] INFO:colcon.colcon_core.shell:Creating package descriptor '/home/kidd/agv_station/install/station_launch/share/station_launch/package.dsv'
[5.294s] INFO:colcon.colcon_core.shell:Creating package script '/home/kidd/agv_station/install/station_launch/share/station_launch/package.sh'
[5.299s] INFO:colcon.colcon_core.shell:Creating package script '/home/kidd/agv_station/install/station_launch/share/station_launch/package.bash'
[5.302s] INFO:colcon.colcon_core.shell:Creating package script '/home/kidd/agv_station/install/station_launch/share/station_launch/package.zsh'
[5.306s] Level 1:colcon.colcon_core.environment:create_file_with_runtime_dependencies(/home/kidd/agv_station/install/station_launch/share/colcon-core/packages/station_launch)
[5.452s] Level 1:colcon.colcon_core.environment:create_environment_scripts_only(station_launch)
[5.455s] Level 1:colcon.colcon_core.environment:checking '/home/kidd/agv_station/install/station_launch' for CMake module files
[5.459s] Level 1:colcon.colcon_core.environment:checking '/home/kidd/agv_station/install/station_launch' for CMake config files
[5.460s] Level 1:colcon.colcon_core.shell:create_environment_hook('station_launch', 'cmake_prefix_path')
[5.462s] INFO:colcon.colcon_core.shell:Creating environment hook '/home/kidd/agv_station/install/station_launch/share/station_launch/hook/cmake_prefix_path.ps1'
[5.467s] INFO:colcon.colcon_core.shell:Creating environment descriptor '/home/kidd/agv_station/install/station_launch/share/station_launch/hook/cmake_prefix_path.dsv'
[5.469s] INFO:colcon.colcon_core.shell:Creating environment hook '/home/kidd/agv_station/install/station_launch/share/station_launch/hook/cmake_prefix_path.sh'
[5.473s] Level 1:colcon.colcon_core.environment:checking '/home/kidd/agv_station/install/station_launch/bin'
[5.474s] Level 1:colcon.colcon_core.environment:checking '/home/kidd/agv_station/install/station_launch/lib/pkgconfig/station_launch.pc'
[5.476s] Level 1:colcon.colcon_core.environment:checking '/home/kidd/agv_station/install/station_launch/lib/python3.8/site-packages'
[5.478s] Level 1:colcon.colcon_core.environment:checking '/home/kidd/agv_station/install/station_launch/bin'
[5.480s] INFO:colcon.colcon_core.shell:Creating package script '/home/kidd/agv_station/install/station_launch/share/station_launch/package.ps1'
[5.483s] INFO:colcon.colcon_core.shell:Creating package descriptor '/home/kidd/agv_station/install/station_launch/share/station_launch/package.dsv'
[5.486s] INFO:colcon.colcon_core.shell:Creating package script '/home/kidd/agv_station/install/station_launch/share/station_launch/package.sh'
[5.489s] INFO:colcon.colcon_core.shell:Creating package script '/home/kidd/agv_station/install/station_launch/share/station_launch/package.bash'
[5.497s] INFO:colcon.colcon_core.shell:Creating package script '/home/kidd/agv_station/install/station_launch/share/station_launch/package.zsh'
[5.500s] Level 1:colcon.colcon_core.environment:create_file_with_runtime_dependencies(/home/kidd/agv_station/install/station_launch/share/colcon-core/packages/station_launch)
[7.125s] DEBUG:colcon.colcon_core.event_handler.log_command:Invoking command in '/home/kidd/agv_station/src/amr_v4_station': PYTHONPATH=/home/kidd/agv_station/build/amr_v4_station/prefix_override:/home/kidd/agv_station/install/amr_v4_station/lib/python3.8/site-packages:${PYTHONPATH} /usr/bin/python3 -W ignore:setup.py install is deprecated setup.py egg_info --egg-base ../../build/amr_v4_station build --build-base /home/kidd/agv_station/build/amr_v4_station/build install --record /home/kidd/agv_station/build/amr_v4_station/install.log --single-version-externally-managed install_data
[8.062s] DEBUG:colcon.colcon_core.event_handler.log_command:Invoked command in '/home/kidd/agv_station/build/amr_v4_msgs_srvs' returned '0': CMAKE_PREFIX_PATH=${CMAKE_PREFIX_PATH}:/home/kidd/agv_station/install/amr_v4_station:/opt/ros/galactic /usr/bin/cmake --build /home/kidd/agv_station/build/amr_v4_msgs_srvs -- -j6 -l6
[8.391s] DEBUG:colcon.colcon_core.event_handler.log_command:Invoking command in '/home/kidd/agv_station/build/amr_v4_msgs_srvs': CMAKE_PREFIX_PATH=${CMAKE_PREFIX_PATH}:/home/kidd/agv_station/install/amr_v4_station:/opt/ros/galactic /usr/bin/cmake --install /home/kidd/agv_station/build/amr_v4_msgs_srvs
[8.724s] Level 1:colcon.colcon_core.environment:create_environment_scripts_only(amr_v4_msgs_srvs)
[8.727s] Level 1:colcon.colcon_core.environment:checking '/home/kidd/agv_station/install/amr_v4_msgs_srvs' for CMake module files
[8.737s] Level 1:colcon.colcon_core.environment:checking '/home/kidd/agv_station/install/amr_v4_msgs_srvs' for CMake config files
[8.742s] DEBUG:colcon.colcon_core.event_handler.log_command:Invoked command in '/home/kidd/agv_station/build/amr_v4_msgs_srvs' returned '0': CMAKE_PREFIX_PATH=${CMAKE_PREFIX_PATH}:/home/kidd/agv_station/install/amr_v4_station:/opt/ros/galactic /usr/bin/cmake --install /home/kidd/agv_station/build/amr_v4_msgs_srvs
[8.744s] Level 1:colcon.colcon_core.shell:create_environment_hook('amr_v4_msgs_srvs', 'cmake_prefix_path')
[8.746s] INFO:colcon.colcon_core.shell:Creating environment hook '/home/kidd/agv_station/install/amr_v4_msgs_srvs/share/amr_v4_msgs_srvs/hook/cmake_prefix_path.ps1'
[8.752s] INFO:colcon.colcon_core.shell:Creating environment descriptor '/home/kidd/agv_station/install/amr_v4_msgs_srvs/share/amr_v4_msgs_srvs/hook/cmake_prefix_path.dsv'
[8.756s] INFO:colcon.colcon_core.shell:Creating environment hook '/home/kidd/agv_station/install/amr_v4_msgs_srvs/share/amr_v4_msgs_srvs/hook/cmake_prefix_path.sh'
[8.760s] Level 1:colcon.colcon_core.environment:checking '/home/kidd/agv_station/install/amr_v4_msgs_srvs/lib'
[8.762s] Level 1:colcon.colcon_core.shell:create_environment_hook('amr_v4_msgs_srvs', 'ld_library_path_lib')
[8.763s] INFO:colcon.colcon_core.shell:Creating environment hook '/home/kidd/agv_station/install/amr_v4_msgs_srvs/share/amr_v4_msgs_srvs/hook/ld_library_path_lib.ps1'
[8.766s] INFO:colcon.colcon_core.shell:Creating environment descriptor '/home/kidd/agv_station/install/amr_v4_msgs_srvs/share/amr_v4_msgs_srvs/hook/ld_library_path_lib.dsv'
[8.768s] INFO:colcon.colcon_core.shell:Creating environment hook '/home/kidd/agv_station/install/amr_v4_msgs_srvs/share/amr_v4_msgs_srvs/hook/ld_library_path_lib.sh'
[8.770s] Level 1:colcon.colcon_core.environment:checking '/home/kidd/agv_station/install/amr_v4_msgs_srvs/bin'
[8.770s] Level 1:colcon.colcon_core.environment:checking '/home/kidd/agv_station/install/amr_v4_msgs_srvs/lib/pkgconfig/amr_v4_msgs_srvs.pc'
[8.772s] Level 1:colcon.colcon_core.environment:checking '/home/kidd/agv_station/install/amr_v4_msgs_srvs/lib/python3.8/site-packages'
[8.773s] Level 1:colcon.colcon_core.shell:create_environment_hook('amr_v4_msgs_srvs', 'pythonpath')
[8.774s] INFO:colcon.colcon_core.shell:Creating environment hook '/home/kidd/agv_station/install/amr_v4_msgs_srvs/share/amr_v4_msgs_srvs/hook/pythonpath.ps1'
[8.776s] INFO:colcon.colcon_core.shell:Creating environment descriptor '/home/kidd/agv_station/install/amr_v4_msgs_srvs/share/amr_v4_msgs_srvs/hook/pythonpath.dsv'
[8.778s] INFO:colcon.colcon_core.shell:Creating environment hook '/home/kidd/agv_station/install/amr_v4_msgs_srvs/share/amr_v4_msgs_srvs/hook/pythonpath.sh'
[8.781s] Level 1:colcon.colcon_core.environment:checking '/home/kidd/agv_station/install/amr_v4_msgs_srvs/bin'
[8.783s] INFO:colcon.colcon_core.shell:Creating package script '/home/kidd/agv_station/install/amr_v4_msgs_srvs/share/amr_v4_msgs_srvs/package.ps1'
[8.786s] INFO:colcon.colcon_core.shell:Creating package descriptor '/home/kidd/agv_station/install/amr_v4_msgs_srvs/share/amr_v4_msgs_srvs/package.dsv'
[8.789s] INFO:colcon.colcon_core.shell:Creating package script '/home/kidd/agv_station/install/amr_v4_msgs_srvs/share/amr_v4_msgs_srvs/package.sh'
[8.792s] INFO:colcon.colcon_core.shell:Creating package script '/home/kidd/agv_station/install/amr_v4_msgs_srvs/share/amr_v4_msgs_srvs/package.bash'
[8.794s] INFO:colcon.colcon_core.shell:Creating package script '/home/kidd/agv_station/install/amr_v4_msgs_srvs/share/amr_v4_msgs_srvs/package.zsh'
[8.797s] Level 1:colcon.colcon_core.environment:create_file_with_runtime_dependencies(/home/kidd/agv_station/install/amr_v4_msgs_srvs/share/colcon-core/packages/amr_v4_msgs_srvs)
[8.973s] Level 1:colcon.colcon_core.environment:checking '/home/kidd/agv_station/install/amr_v4_station' for CMake module files
[8.978s] DEBUG:colcon.colcon_core.event_handler.log_command:Invoked command in '/home/kidd/agv_station/src/amr_v4_station' returned '0': PYTHONPATH=/home/kidd/agv_station/build/amr_v4_station/prefix_override:/home/kidd/agv_station/install/amr_v4_station/lib/python3.8/site-packages:${PYTHONPATH} /usr/bin/python3 -W ignore:setup.py install is deprecated setup.py egg_info --egg-base ../../build/amr_v4_station build --build-base /home/kidd/agv_station/build/amr_v4_station/build install --record /home/kidd/agv_station/build/amr_v4_station/install.log --single-version-externally-managed install_data
[8.981s] Level 1:colcon.colcon_core.environment:checking '/home/kidd/agv_station/install/amr_v4_station' for CMake config files
[8.990s] Level 1:colcon.colcon_core.environment:checking '/home/kidd/agv_station/install/amr_v4_station/lib'
[8.990s] Level 1:colcon.colcon_core.environment:checking '/home/kidd/agv_station/install/amr_v4_station/bin'
[8.991s] Level 1:colcon.colcon_core.environment:checking '/home/kidd/agv_station/install/amr_v4_station/lib/pkgconfig/amr_v4_station.pc'
[8.993s] Level 1:colcon.colcon_core.environment:checking '/home/kidd/agv_station/install/amr_v4_station/lib/python3.8/site-packages'
[8.993s] Level 1:colcon.colcon_core.shell:create_environment_hook('amr_v4_station', 'pythonpath')
[8.996s] INFO:colcon.colcon_core.shell:Creating environment hook '/home/kidd/agv_station/install/amr_v4_station/share/amr_v4_station/hook/pythonpath.ps1'
[9.001s] INFO:colcon.colcon_core.shell:Creating environment descriptor '/home/kidd/agv_station/install/amr_v4_station/share/amr_v4_station/hook/pythonpath.dsv'
[9.003s] INFO:colcon.colcon_core.shell:Creating environment hook '/home/kidd/agv_station/install/amr_v4_station/share/amr_v4_station/hook/pythonpath.sh'
[9.008s] Level 1:colcon.colcon_core.environment:checking '/home/kidd/agv_station/install/amr_v4_station/bin'
[9.008s] Level 1:colcon.colcon_core.environment:create_environment_scripts_only(amr_v4_station)
[9.010s] INFO:colcon.colcon_core.shell:Creating package script '/home/kidd/agv_station/install/amr_v4_station/share/amr_v4_station/package.ps1'
[9.013s] INFO:colcon.colcon_core.shell:Creating package descriptor '/home/kidd/agv_station/install/amr_v4_station/share/amr_v4_station/package.dsv'
[9.016s] INFO:colcon.colcon_core.shell:Creating package script '/home/kidd/agv_station/install/amr_v4_station/share/amr_v4_station/package.sh'
[9.019s] INFO:colcon.colcon_core.shell:Creating package script '/home/kidd/agv_station/install/amr_v4_station/share/amr_v4_station/package.bash'
[9.021s] INFO:colcon.colcon_core.shell:Creating package script '/home/kidd/agv_station/install/amr_v4_station/share/amr_v4_station/package.zsh'
[9.023s] Level 1:colcon.colcon_core.environment:create_file_with_runtime_dependencies(/home/kidd/agv_station/install/amr_v4_station/share/colcon-core/packages/amr_v4_station)
[9.155s] Level 1:colcon.colcon_core.environment:create_environment_scripts_only(amr_v4_msgs_srvs)
[9.157s] Level 1:colcon.colcon_core.environment:checking '/home/kidd/agv_station/install/amr_v4_msgs_srvs' for CMake module files
[9.164s] Level 1:colcon.colcon_core.environment:checking '/home/kidd/agv_station/install/amr_v4_msgs_srvs' for CMake config files
[9.166s] Level 1:colcon.colcon_core.shell:create_environment_hook('amr_v4_msgs_srvs', 'cmake_prefix_path')
[9.168s] INFO:colcon.colcon_core.shell:Creating environment hook '/home/kidd/agv_station/install/amr_v4_msgs_srvs/share/amr_v4_msgs_srvs/hook/cmake_prefix_path.ps1'
[9.173s] INFO:colcon.colcon_core.shell:Creating environment descriptor '/home/kidd/agv_station/install/amr_v4_msgs_srvs/share/amr_v4_msgs_srvs/hook/cmake_prefix_path.dsv'
[9.176s] INFO:colcon.colcon_core.shell:Creating environment hook '/home/kidd/agv_station/install/amr_v4_msgs_srvs/share/amr_v4_msgs_srvs/hook/cmake_prefix_path.sh'
[9.179s] Level 1:colcon.colcon_core.environment:checking '/home/kidd/agv_station/install/amr_v4_msgs_srvs/lib'
[9.180s] Level 1:colcon.colcon_core.shell:create_environment_hook('amr_v4_msgs_srvs', 'ld_library_path_lib')
[9.181s] INFO:colcon.colcon_core.shell:Creating environment hook '/home/kidd/agv_station/install/amr_v4_msgs_srvs/share/amr_v4_msgs_srvs/hook/ld_library_path_lib.ps1'
[9.184s] INFO:colcon.colcon_core.shell:Creating environment descriptor '/home/kidd/agv_station/install/amr_v4_msgs_srvs/share/amr_v4_msgs_srvs/hook/ld_library_path_lib.dsv'
[9.185s] INFO:colcon.colcon_core.shell:Creating environment hook '/home/kidd/agv_station/install/amr_v4_msgs_srvs/share/amr_v4_msgs_srvs/hook/ld_library_path_lib.sh'
[9.188s] Level 1:colcon.colcon_core.environment:checking '/home/kidd/agv_station/install/amr_v4_msgs_srvs/bin'
[9.188s] Level 1:colcon.colcon_core.environment:checking '/home/kidd/agv_station/install/amr_v4_msgs_srvs/lib/pkgconfig/amr_v4_msgs_srvs.pc'
[9.189s] Level 1:colcon.colcon_core.environment:checking '/home/kidd/agv_station/install/amr_v4_msgs_srvs/lib/python3.8/site-packages'
[9.189s] Level 1:colcon.colcon_core.shell:create_environment_hook('amr_v4_msgs_srvs', 'pythonpath')
[9.191s] INFO:colcon.colcon_core.shell:Creating environment hook '/home/kidd/agv_station/install/amr_v4_msgs_srvs/share/amr_v4_msgs_srvs/hook/pythonpath.ps1'
[9.193s] INFO:colcon.colcon_core.shell:Creating environment descriptor '/home/kidd/agv_station/install/amr_v4_msgs_srvs/share/amr_v4_msgs_srvs/hook/pythonpath.dsv'
[9.196s] INFO:colcon.colcon_core.shell:Creating environment hook '/home/kidd/agv_station/install/amr_v4_msgs_srvs/share/amr_v4_msgs_srvs/hook/pythonpath.sh'
[9.199s] Level 1:colcon.colcon_core.environment:checking '/home/kidd/agv_station/install/amr_v4_msgs_srvs/bin'
[9.201s] INFO:colcon.colcon_core.shell:Creating package script '/home/kidd/agv_station/install/amr_v4_msgs_srvs/share/amr_v4_msgs_srvs/package.ps1'
[9.205s] INFO:colcon.colcon_core.shell:Creating package descriptor '/home/kidd/agv_station/install/amr_v4_msgs_srvs/share/amr_v4_msgs_srvs/package.dsv'
[9.209s] INFO:colcon.colcon_core.shell:Creating package script '/home/kidd/agv_station/install/amr_v4_msgs_srvs/share/amr_v4_msgs_srvs/package.sh'
[9.212s] INFO:colcon.colcon_core.shell:Creating package script '/home/kidd/agv_station/install/amr_v4_msgs_srvs/share/amr_v4_msgs_srvs/package.bash'
[9.215s] INFO:colcon.colcon_core.shell:Creating package script '/home/kidd/agv_station/install/amr_v4_msgs_srvs/share/amr_v4_msgs_srvs/package.zsh'
[9.217s] Level 1:colcon.colcon_core.environment:create_file_with_runtime_dependencies(/home/kidd/agv_station/install/amr_v4_msgs_srvs/share/colcon-core/packages/amr_v4_msgs_srvs)
[9.219s] DEBUG:colcon.colcon_parallel_executor.executor.parallel:closing loop
[9.222s] DEBUG:colcon.colcon_parallel_executor.executor.parallel:loop closed
[9.224s] DEBUG:colcon.colcon_parallel_executor.executor.parallel:run_until_complete finished with '0'
[9.224s] DEBUG:colcon.colcon_core.event_reactor:joining thread
[9.264s] INFO:colcon.colcon_core.plugin_system:Skipping extension 'colcon_notification.desktop_notification.terminal_notifier': Not used on non-Darwin systems
[9.264s] INFO:colcon.colcon_core.plugin_system:Skipping extension 'colcon_notification.desktop_notification.win32': Not used on non-Windows systems
[9.265s] INFO:colcon.colcon_notification.desktop_notification:Sending desktop notification using 'notify2'
[9.360s] DEBUG:colcon.colcon_core.event_reactor:joined thread
[9.362s] INFO:colcon.colcon_core.shell:Creating prefix script '/home/kidd/agv_station/install/local_setup.ps1'
[9.367s] INFO:colcon.colcon_core.shell:Creating prefix util module '/home/kidd/agv_station/install/_local_setup_util_ps1.py'
[9.373s] INFO:colcon.colcon_core.shell:Creating prefix chain script '/home/kidd/agv_station/install/setup.ps1'
[9.381s] INFO:colcon.colcon_core.shell:Creating prefix script '/home/kidd/agv_station/install/local_setup.sh'
[9.384s] INFO:colcon.colcon_core.shell:Creating prefix util module '/home/kidd/agv_station/install/_local_setup_util_sh.py'
[9.388s] INFO:colcon.colcon_core.shell:Creating prefix chain script '/home/kidd/agv_station/install/setup.sh'
[9.394s] INFO:colcon.colcon_core.shell:Creating prefix script '/home/kidd/agv_station/install/local_setup.bash'
[9.397s] INFO:colcon.colcon_core.shell:Creating prefix chain script '/home/kidd/agv_station/install/setup.bash'
[9.404s] INFO:colcon.colcon_core.shell:Creating prefix script '/home/kidd/agv_station/install/local_setup.zsh'
[9.407s] INFO:colcon.colcon_core.shell:Creating prefix chain script '/home/kidd/agv_station/install/setup.zsh'
