[ 12%] Built target amr_v4_msgs_srvs__cpp
[ 12%] Built target amr_v4_msgs_srvs__rosidl_generator_c
[ 32%] Built target amr_v4_msgs_srvs__rosidl_typesupport_introspection_c
[ 32%] Built target amr_v4_msgs_srvs__rosidl_typesupport_c
[ 41%] Built target amr_v4_msgs_srvs__rosidl_typesupport_cpp
[ 51%] Built target amr_v4_msgs_srvs__rosidl_typesupport_fastrtps_cpp
[ 61%] Built target amr_v4_msgs_srvs__rosidl_typesupport_introspection_cpp
[ 70%] Built target amr_v4_msgs_srvs__rosidl_typesupport_fastrtps_c
[ 70%] Built target amr_v4_msgs_srvs
[ 74%] Built target amr_v4_msgs_srvs__py
[ 80%] Built target amr_v4_msgs_srvs__python
[ 87%] Built target amr_v4_msgs_srvs__rosidl_typesupport_fastrtps_c__pyext
[ 93%] Built target amr_v4_msgs_srvs__rosidl_typesupport_introspection_c__pyext
[100%] Built target amr_v4_msgs_srvs__rosidl_typesupport_c__pyext
-- Install configuration: ""
-- Up-to-date: /home/kidd/agv_station/install/amr_v4_msgs_srvs/share/ament_index/resource_index/rosidl_interfaces/amr_v4_msgs_srvs
-- Up-to-date: /home/kidd/agv_station/install/amr_v4_msgs_srvs/include/amr_v4_msgs_srvs
-- Up-to-date: /home/kidd/agv_station/install/amr_v4_msgs_srvs/include/amr_v4_msgs_srvs/msg
-- Up-to-date: /home/kidd/agv_station/install/amr_v4_msgs_srvs/include/amr_v4_msgs_srvs/msg/detail
-- Up-to-date: /home/kidd/agv_station/install/amr_v4_msgs_srvs/include/amr_v4_msgs_srvs/msg/detail/sensor__functions.c
-- Up-to-date: /home/kidd/agv_station/install/amr_v4_msgs_srvs/include/amr_v4_msgs_srvs/msg/detail/sensor__functions.h
-- Up-to-date: /home/kidd/agv_station/install/amr_v4_msgs_srvs/include/amr_v4_msgs_srvs/msg/detail/sensor__struct.h
-- Up-to-date: /home/kidd/agv_station/install/amr_v4_msgs_srvs/include/amr_v4_msgs_srvs/msg/detail/sensor__type_support.h
-- Up-to-date: /home/kidd/agv_station/install/amr_v4_msgs_srvs/include/amr_v4_msgs_srvs/msg/sensor.h
-- Up-to-date: /home/kidd/agv_station/install/amr_v4_msgs_srvs/include/amr_v4_msgs_srvs/msg/rosidl_generator_c__visibility_control.h
-- Up-to-date: /home/kidd/agv_station/install/amr_v4_msgs_srvs/share/amr_v4_msgs_srvs/environment/library_path.sh
-- Up-to-date: /home/kidd/agv_station/install/amr_v4_msgs_srvs/share/amr_v4_msgs_srvs/environment/library_path.dsv
-- Up-to-date: /home/kidd/agv_station/install/amr_v4_msgs_srvs/lib/libamr_v4_msgs_srvs__rosidl_generator_c.so
-- Up-to-date: /home/kidd/agv_station/install/amr_v4_msgs_srvs/include/amr_v4_msgs_srvs
-- Up-to-date: /home/kidd/agv_station/install/amr_v4_msgs_srvs/include/amr_v4_msgs_srvs/msg
-- Up-to-date: /home/kidd/agv_station/install/amr_v4_msgs_srvs/include/amr_v4_msgs_srvs/msg/detail
-- Up-to-date: /home/kidd/agv_station/install/amr_v4_msgs_srvs/include/amr_v4_msgs_srvs/msg/detail/sensor__rosidl_typesupport_fastrtps_c.h
-- Up-to-date: /home/kidd/agv_station/install/amr_v4_msgs_srvs/include/amr_v4_msgs_srvs/msg/rosidl_typesupport_fastrtps_c__visibility_control.h
-- Up-to-date: /home/kidd/agv_station/install/amr_v4_msgs_srvs/lib/libamr_v4_msgs_srvs__rosidl_typesupport_fastrtps_c.so
-- Up-to-date: /home/kidd/agv_station/install/amr_v4_msgs_srvs/include/amr_v4_msgs_srvs
-- Up-to-date: /home/kidd/agv_station/install/amr_v4_msgs_srvs/include/amr_v4_msgs_srvs/msg
-- Up-to-date: /home/kidd/agv_station/install/amr_v4_msgs_srvs/include/amr_v4_msgs_srvs/msg/detail
-- Up-to-date: /home/kidd/agv_station/install/amr_v4_msgs_srvs/include/amr_v4_msgs_srvs/msg/detail/sensor__rosidl_typesupport_fastrtps_cpp.hpp
-- Up-to-date: /home/kidd/agv_station/install/amr_v4_msgs_srvs/include/amr_v4_msgs_srvs/msg/detail/dds_fastrtps
-- Up-to-date: /home/kidd/agv_station/install/amr_v4_msgs_srvs/include/amr_v4_msgs_srvs/msg/rosidl_typesupport_fastrtps_cpp__visibility_control.h
-- Up-to-date: /home/kidd/agv_station/install/amr_v4_msgs_srvs/lib/libamr_v4_msgs_srvs__rosidl_typesupport_fastrtps_cpp.so
-- Up-to-date: /home/kidd/agv_station/install/amr_v4_msgs_srvs/include/amr_v4_msgs_srvs
-- Up-to-date: /home/kidd/agv_station/install/amr_v4_msgs_srvs/include/amr_v4_msgs_srvs/msg
-- Up-to-date: /home/kidd/agv_station/install/amr_v4_msgs_srvs/include/amr_v4_msgs_srvs/msg/detail
-- Up-to-date: /home/kidd/agv_station/install/amr_v4_msgs_srvs/include/amr_v4_msgs_srvs/msg/detail/sensor__type_support.c
-- Up-to-date: /home/kidd/agv_station/install/amr_v4_msgs_srvs/include/amr_v4_msgs_srvs/msg/detail/sensor__rosidl_typesupport_introspection_c.h
-- Up-to-date: /home/kidd/agv_station/install/amr_v4_msgs_srvs/include/amr_v4_msgs_srvs/msg/rosidl_typesupport_introspection_c__visibility_control.h
-- Up-to-date: /home/kidd/agv_station/install/amr_v4_msgs_srvs/lib/libamr_v4_msgs_srvs__rosidl_typesupport_introspection_c.so
-- Up-to-date: /home/kidd/agv_station/install/amr_v4_msgs_srvs/lib/libamr_v4_msgs_srvs__rosidl_typesupport_c.so
-- Up-to-date: /home/kidd/agv_station/install/amr_v4_msgs_srvs/include/amr_v4_msgs_srvs
-- Up-to-date: /home/kidd/agv_station/install/amr_v4_msgs_srvs/include/amr_v4_msgs_srvs/msg
-- Up-to-date: /home/kidd/agv_station/install/amr_v4_msgs_srvs/include/amr_v4_msgs_srvs/msg/detail
-- Up-to-date: /home/kidd/agv_station/install/amr_v4_msgs_srvs/include/amr_v4_msgs_srvs/msg/detail/sensor__struct.hpp
-- Up-to-date: /home/kidd/agv_station/install/amr_v4_msgs_srvs/include/amr_v4_msgs_srvs/msg/detail/sensor__traits.hpp
-- Up-to-date: /home/kidd/agv_station/install/amr_v4_msgs_srvs/include/amr_v4_msgs_srvs/msg/detail/sensor__builder.hpp
-- Up-to-date: /home/kidd/agv_station/install/amr_v4_msgs_srvs/include/amr_v4_msgs_srvs/msg/sensor.hpp
-- Up-to-date: /home/kidd/agv_station/install/amr_v4_msgs_srvs/include/amr_v4_msgs_srvs
-- Up-to-date: /home/kidd/agv_station/install/amr_v4_msgs_srvs/include/amr_v4_msgs_srvs/msg
-- Up-to-date: /home/kidd/agv_station/install/amr_v4_msgs_srvs/include/amr_v4_msgs_srvs/msg/detail
-- Up-to-date: /home/kidd/agv_station/install/amr_v4_msgs_srvs/include/amr_v4_msgs_srvs/msg/detail/sensor__type_support.cpp
-- Up-to-date: /home/kidd/agv_station/install/amr_v4_msgs_srvs/include/amr_v4_msgs_srvs/msg/detail/sensor__rosidl_typesupport_introspection_cpp.hpp
-- Up-to-date: /home/kidd/agv_station/install/amr_v4_msgs_srvs/lib/libamr_v4_msgs_srvs__rosidl_typesupport_introspection_cpp.so
-- Up-to-date: /home/kidd/agv_station/install/amr_v4_msgs_srvs/lib/libamr_v4_msgs_srvs__rosidl_typesupport_cpp.so
-- Up-to-date: /home/kidd/agv_station/install/amr_v4_msgs_srvs/share/amr_v4_msgs_srvs/environment/pythonpath.sh
-- Up-to-date: /home/kidd/agv_station/install/amr_v4_msgs_srvs/share/amr_v4_msgs_srvs/environment/pythonpath.dsv
-- Up-to-date: /home/kidd/agv_station/install/amr_v4_msgs_srvs/lib/python3.8/site-packages/amr_v4_msgs_srvs/__init__.py
-- Up-to-date: /home/kidd/agv_station/install/amr_v4_msgs_srvs/lib/python3.8/site-packages/amr_v4_msgs_srvs/msg
-- Up-to-date: /home/kidd/agv_station/install/amr_v4_msgs_srvs/lib/python3.8/site-packages/amr_v4_msgs_srvs/msg/_sensor.py
-- Up-to-date: /home/kidd/agv_station/install/amr_v4_msgs_srvs/lib/python3.8/site-packages/amr_v4_msgs_srvs/msg/_sensor_s.c
-- Up-to-date: /home/kidd/agv_station/install/amr_v4_msgs_srvs/lib/python3.8/site-packages/amr_v4_msgs_srvs/msg/__init__.py
-- Up-to-date: /home/kidd/agv_station/install/amr_v4_msgs_srvs/lib/python3.8/site-packages/amr_v4_msgs_srvs/amr_v4_msgs_srvs_s__rosidl_typesupport_fastrtps_c.cpython-38-aarch64-linux-gnu.so
-- Up-to-date: /home/kidd/agv_station/install/amr_v4_msgs_srvs/lib/python3.8/site-packages/amr_v4_msgs_srvs/amr_v4_msgs_srvs_s__rosidl_typesupport_introspection_c.cpython-38-aarch64-linux-gnu.so
-- Up-to-date: /home/kidd/agv_station/install/amr_v4_msgs_srvs/lib/python3.8/site-packages/amr_v4_msgs_srvs/amr_v4_msgs_srvs_s__rosidl_typesupport_c.cpython-38-aarch64-linux-gnu.so
-- Up-to-date: /home/kidd/agv_station/install/amr_v4_msgs_srvs/lib/libamr_v4_msgs_srvs__python.so
-- Up-to-date: /home/kidd/agv_station/install/amr_v4_msgs_srvs/share/amr_v4_msgs_srvs/msg/Sensor.idl
-- Up-to-date: /home/kidd/agv_station/install/amr_v4_msgs_srvs/share/amr_v4_msgs_srvs/msg/Sensor.msg
-- Up-to-date: /home/kidd/agv_station/install/amr_v4_msgs_srvs/share/ament_index/resource_index/package_run_dependencies/amr_v4_msgs_srvs
-- Up-to-date: /home/kidd/agv_station/install/amr_v4_msgs_srvs/share/ament_index/resource_index/parent_prefix_path/amr_v4_msgs_srvs
-- Up-to-date: /home/kidd/agv_station/install/amr_v4_msgs_srvs/share/amr_v4_msgs_srvs/environment/ament_prefix_path.sh
-- Up-to-date: /home/kidd/agv_station/install/amr_v4_msgs_srvs/share/amr_v4_msgs_srvs/environment/ament_prefix_path.dsv
-- Up-to-date: /home/kidd/agv_station/install/amr_v4_msgs_srvs/share/amr_v4_msgs_srvs/environment/path.sh
-- Up-to-date: /home/kidd/agv_station/install/amr_v4_msgs_srvs/share/amr_v4_msgs_srvs/environment/path.dsv
-- Up-to-date: /home/kidd/agv_station/install/amr_v4_msgs_srvs/share/amr_v4_msgs_srvs/local_setup.bash
-- Up-to-date: /home/kidd/agv_station/install/amr_v4_msgs_srvs/share/amr_v4_msgs_srvs/local_setup.sh
-- Up-to-date: /home/kidd/agv_station/install/amr_v4_msgs_srvs/share/amr_v4_msgs_srvs/local_setup.zsh
-- Up-to-date: /home/kidd/agv_station/install/amr_v4_msgs_srvs/share/amr_v4_msgs_srvs/local_setup.dsv
-- Installing: /home/kidd/agv_station/install/amr_v4_msgs_srvs/share/amr_v4_msgs_srvs/package.dsv
-- Up-to-date: /home/kidd/agv_station/install/amr_v4_msgs_srvs/share/ament_index/resource_index/packages/amr_v4_msgs_srvs
-- Up-to-date: /home/kidd/agv_station/install/amr_v4_msgs_srvs/share/amr_v4_msgs_srvs/cmake/amr_v4_msgs_srvs__rosidl_generator_cExport.cmake
-- Up-to-date: /home/kidd/agv_station/install/amr_v4_msgs_srvs/share/amr_v4_msgs_srvs/cmake/amr_v4_msgs_srvs__rosidl_generator_cExport-noconfig.cmake
-- Up-to-date: /home/kidd/agv_station/install/amr_v4_msgs_srvs/share/amr_v4_msgs_srvs/cmake/amr_v4_msgs_srvs__rosidl_typesupport_introspection_cExport.cmake
-- Up-to-date: /home/kidd/agv_station/install/amr_v4_msgs_srvs/share/amr_v4_msgs_srvs/cmake/amr_v4_msgs_srvs__rosidl_typesupport_introspection_cExport-noconfig.cmake
-- Up-to-date: /home/kidd/agv_station/install/amr_v4_msgs_srvs/share/amr_v4_msgs_srvs/cmake/amr_v4_msgs_srvs__rosidl_typesupport_cExport.cmake
-- Up-to-date: /home/kidd/agv_station/install/amr_v4_msgs_srvs/share/amr_v4_msgs_srvs/cmake/amr_v4_msgs_srvs__rosidl_typesupport_cExport-noconfig.cmake
-- Up-to-date: /home/kidd/agv_station/install/amr_v4_msgs_srvs/share/amr_v4_msgs_srvs/cmake/amr_v4_msgs_srvs__rosidl_generator_cppExport.cmake
-- Up-to-date: /home/kidd/agv_station/install/amr_v4_msgs_srvs/share/amr_v4_msgs_srvs/cmake/amr_v4_msgs_srvs__rosidl_typesupport_introspection_cppExport.cmake
-- Up-to-date: /home/kidd/agv_station/install/amr_v4_msgs_srvs/share/amr_v4_msgs_srvs/cmake/amr_v4_msgs_srvs__rosidl_typesupport_introspection_cppExport-noconfig.cmake
-- Up-to-date: /home/kidd/agv_station/install/amr_v4_msgs_srvs/share/amr_v4_msgs_srvs/cmake/amr_v4_msgs_srvs__rosidl_typesupport_cppExport.cmake
-- Up-to-date: /home/kidd/agv_station/install/amr_v4_msgs_srvs/share/amr_v4_msgs_srvs/cmake/amr_v4_msgs_srvs__rosidl_typesupport_cppExport-noconfig.cmake
-- Up-to-date: /home/kidd/agv_station/install/amr_v4_msgs_srvs/share/amr_v4_msgs_srvs/cmake/rosidl_cmake-extras.cmake
-- Up-to-date: /home/kidd/agv_station/install/amr_v4_msgs_srvs/share/amr_v4_msgs_srvs/cmake/ament_cmake_export_dependencies-extras.cmake
-- Up-to-date: /home/kidd/agv_station/install/amr_v4_msgs_srvs/share/amr_v4_msgs_srvs/cmake/ament_cmake_export_libraries-extras.cmake
-- Up-to-date: /home/kidd/agv_station/install/amr_v4_msgs_srvs/share/amr_v4_msgs_srvs/cmake/ament_cmake_export_targets-extras.cmake
-- Up-to-date: /home/kidd/agv_station/install/amr_v4_msgs_srvs/share/amr_v4_msgs_srvs/cmake/ament_cmake_export_include_directories-extras.cmake
-- Up-to-date: /home/kidd/agv_station/install/amr_v4_msgs_srvs/share/amr_v4_msgs_srvs/cmake/rosidl_cmake_export_typesupport_libraries-extras.cmake
-- Up-to-date: /home/kidd/agv_station/install/amr_v4_msgs_srvs/share/amr_v4_msgs_srvs/cmake/rosidl_cmake_export_typesupport_targets-extras.cmake
-- Up-to-date: /home/kidd/agv_station/install/amr_v4_msgs_srvs/share/amr_v4_msgs_srvs/cmake/amr_v4_msgs_srvsConfig.cmake
-- Up-to-date: /home/kidd/agv_station/install/amr_v4_msgs_srvs/share/amr_v4_msgs_srvs/cmake/amr_v4_msgs_srvsConfig-version.cmake
-- Up-to-date: /home/kidd/agv_station/install/amr_v4_msgs_srvs/share/amr_v4_msgs_srvs/package.xml
