[1.513s] DEBUG:colcon:Command line arguments: ['/usr/bin/colcon', 'build']
[1.513s] DEBUG:colcon:Parsed command line arguments: Namespace(allow_overriding=[], ament_cmake_args=None, base_paths=['.'], build_base='build', catkin_cmake_args=None, catkin_skip_building_tests=False, cmake_args=None, cmake_clean_cache=False, cmake_clean_first=False, cmake_force_configure=False, cmake_target=None, cmake_target_skip_unavailable=False, continue_on_error=False, event_handlers=None, executor='parallel', ignore_user_meta=False, install_base='install', log_base=None, log_level=None, main=<bound method BuildVerb.main of <colcon_core.verb.build.BuildVerb object at 0xffffa23f34f0>>, merge_install=False, metas=['./colcon.meta'], packages_above=None, packages_above_and_dependencies=None, packages_above_depth=None, packages_end=None, packages_ignore=None, packages_ignore_regex=None, packages_select=None, packages_select_build_failed=False, packages_select_by_dep=None, packages_select_regex=None, packages_select_test_failures=False, packages_skip=None, packages_skip_build_finished=False, packages_skip_by_dep=None, packages_skip_regex=None, packages_skip_test_passed=False, packages_skip_up_to=None, packages_start=None, packages_up_to=None, packages_up_to_regex=None, parallel_workers=6, paths=None, symlink_install=False, test_result_base=None, verb_extension=<colcon_core.verb.build.BuildVerb object at 0xffffa23f34f0>, verb_name='build', verb_parser=<colcon_defaults.argument_parser.defaults.DefaultArgumentsDecorator object at 0xffffa22ef040>)
[2.800s] Level 1:colcon.colcon_core.package_discovery:discover_packages(colcon_meta) check parameters
[2.801s] Level 1:colcon.colcon_core.package_discovery:discover_packages(recursive) check parameters
[2.801s] Level 1:colcon.colcon_core.package_discovery:discover_packages(ignore) check parameters
[2.801s] Level 1:colcon.colcon_core.package_discovery:discover_packages(path) check parameters
[2.801s] Level 1:colcon.colcon_core.package_discovery:discover_packages(colcon_meta) discover
[2.802s] Level 1:colcon.colcon_core.package_discovery:discover_packages(recursive) discover
[2.802s] INFO:colcon.colcon_core.package_discovery:Crawling recursively for packages in '/home/kidd/agv_station'
[2.803s] Level 1:colcon.colcon_core.package_identification:_identify(.) by extensions ['ignore', 'ignore_ament_install']
[2.803s] Level 1:colcon.colcon_core.package_identification:_identify(.) by extension 'ignore'
[2.804s] Level 1:colcon.colcon_core.package_identification:_identify(.) by extension 'ignore_ament_install'
[2.804s] Level 1:colcon.colcon_core.package_identification:_identify(.) by extensions ['colcon_pkg']
[2.804s] Level 1:colcon.colcon_core.package_identification:_identify(.) by extension 'colcon_pkg'
[2.805s] Level 1:colcon.colcon_core.package_identification:_identify(.) by extensions ['colcon_meta']
[2.805s] Level 1:colcon.colcon_core.package_identification:_identify(.) by extension 'colcon_meta'
[2.805s] Level 1:colcon.colcon_core.package_identification:_identify(.) by extensions ['ros']
[2.805s] Level 1:colcon.colcon_core.package_identification:_identify(.) by extension 'ros'
[2.906s] Level 1:colcon.colcon_core.package_identification:_identify(.) by extensions ['cmake', 'python']
[2.907s] Level 1:colcon.colcon_core.package_identification:_identify(.) by extension 'cmake'
[2.907s] Level 1:colcon.colcon_core.package_identification:_identify(.) by extension 'python'
[2.907s] Level 1:colcon.colcon_core.package_identification:_identify(.) by extensions ['python_setup_py']
[2.908s] Level 1:colcon.colcon_core.package_identification:_identify(.) by extension 'python_setup_py'
[2.908s] Level 1:colcon.colcon_core.package_identification:_identify(build) by extensions ['ignore', 'ignore_ament_install']
[2.909s] Level 1:colcon.colcon_core.package_identification:_identify(build) by extension 'ignore'
[2.909s] Level 1:colcon.colcon_core.package_identification:_identify(build) ignored
[2.910s] Level 1:colcon.colcon_core.package_identification:_identify(install) by extensions ['ignore', 'ignore_ament_install']
[2.910s] Level 1:colcon.colcon_core.package_identification:_identify(install) by extension 'ignore'
[2.911s] Level 1:colcon.colcon_core.package_identification:_identify(install) ignored
[2.911s] Level 1:colcon.colcon_core.package_identification:_identify(log) by extensions ['ignore', 'ignore_ament_install']
[2.912s] Level 1:colcon.colcon_core.package_identification:_identify(log) by extension 'ignore'
[2.912s] Level 1:colcon.colcon_core.package_identification:_identify(log) ignored
[2.913s] Level 1:colcon.colcon_core.package_identification:_identify(src) by extensions ['ignore', 'ignore_ament_install']
[2.913s] Level 1:colcon.colcon_core.package_identification:_identify(src) by extension 'ignore'
[2.914s] Level 1:colcon.colcon_core.package_identification:_identify(src) by extension 'ignore_ament_install'
[2.914s] Level 1:colcon.colcon_core.package_identification:_identify(src) by extensions ['colcon_pkg']
[2.914s] Level 1:colcon.colcon_core.package_identification:_identify(src) by extension 'colcon_pkg'
[2.915s] Level 1:colcon.colcon_core.package_identification:_identify(src) by extensions ['colcon_meta']
[2.915s] Level 1:colcon.colcon_core.package_identification:_identify(src) by extension 'colcon_meta'
[2.915s] Level 1:colcon.colcon_core.package_identification:_identify(src) by extensions ['ros']
[2.915s] Level 1:colcon.colcon_core.package_identification:_identify(src) by extension 'ros'
[2.916s] Level 1:colcon.colcon_core.package_identification:_identify(src) by extensions ['cmake', 'python']
[2.916s] Level 1:colcon.colcon_core.package_identification:_identify(src) by extension 'cmake'
[2.916s] Level 1:colcon.colcon_core.package_identification:_identify(src) by extension 'python'
[2.917s] Level 1:colcon.colcon_core.package_identification:_identify(src) by extensions ['python_setup_py']
[2.917s] Level 1:colcon.colcon_core.package_identification:_identify(src) by extension 'python_setup_py'
[2.917s] Level 1:colcon.colcon_core.package_identification:_identify(src/amr_v4_msgs_srvs) by extensions ['ignore', 'ignore_ament_install']
[2.918s] Level 1:colcon.colcon_core.package_identification:_identify(src/amr_v4_msgs_srvs) by extension 'ignore'
[2.918s] Level 1:colcon.colcon_core.package_identification:_identify(src/amr_v4_msgs_srvs) by extension 'ignore_ament_install'
[2.919s] Level 1:colcon.colcon_core.package_identification:_identify(src/amr_v4_msgs_srvs) by extensions ['colcon_pkg']
[2.919s] Level 1:colcon.colcon_core.package_identification:_identify(src/amr_v4_msgs_srvs) by extension 'colcon_pkg'
[2.919s] Level 1:colcon.colcon_core.package_identification:_identify(src/amr_v4_msgs_srvs) by extensions ['colcon_meta']
[2.919s] Level 1:colcon.colcon_core.package_identification:_identify(src/amr_v4_msgs_srvs) by extension 'colcon_meta'
[2.921s] Level 1:colcon.colcon_core.package_identification:_identify(src/amr_v4_msgs_srvs) by extensions ['ros']
[2.921s] Level 1:colcon.colcon_core.package_identification:_identify(src/amr_v4_msgs_srvs) by extension 'ros'
[2.936s] DEBUG:colcon.colcon_core.package_identification:Package 'src/amr_v4_msgs_srvs' with type 'ros.ament_cmake' and name 'amr_v4_msgs_srvs'
[2.937s] Level 1:colcon.colcon_core.package_identification:_identify(src/amr_v4_station) by extensions ['ignore', 'ignore_ament_install']
[2.937s] Level 1:colcon.colcon_core.package_identification:_identify(src/amr_v4_station) by extension 'ignore'
[2.938s] Level 1:colcon.colcon_core.package_identification:_identify(src/amr_v4_station) by extension 'ignore_ament_install'
[2.938s] Level 1:colcon.colcon_core.package_identification:_identify(src/amr_v4_station) by extensions ['colcon_pkg']
[2.938s] Level 1:colcon.colcon_core.package_identification:_identify(src/amr_v4_station) by extension 'colcon_pkg'
[2.939s] Level 1:colcon.colcon_core.package_identification:_identify(src/amr_v4_station) by extensions ['colcon_meta']
[2.939s] Level 1:colcon.colcon_core.package_identification:_identify(src/amr_v4_station) by extension 'colcon_meta'
[2.939s] Level 1:colcon.colcon_core.package_identification:_identify(src/amr_v4_station) by extensions ['ros']
[2.939s] Level 1:colcon.colcon_core.package_identification:_identify(src/amr_v4_station) by extension 'ros'
[2.944s] DEBUG:colcon.colcon_core.package_identification:Package 'src/amr_v4_station' with type 'ros.ament_python' and name 'amr_v4_station'
[2.945s] Level 1:colcon.colcon_core.package_identification:_identify(src/station_launch) by extensions ['ignore', 'ignore_ament_install']
[2.946s] Level 1:colcon.colcon_core.package_identification:_identify(src/station_launch) by extension 'ignore'
[2.946s] Level 1:colcon.colcon_core.package_identification:_identify(src/station_launch) by extension 'ignore_ament_install'
[2.946s] Level 1:colcon.colcon_core.package_identification:_identify(src/station_launch) by extensions ['colcon_pkg']
[2.946s] Level 1:colcon.colcon_core.package_identification:_identify(src/station_launch) by extension 'colcon_pkg'
[2.947s] Level 1:colcon.colcon_core.package_identification:_identify(src/station_launch) by extensions ['colcon_meta']
[2.947s] Level 1:colcon.colcon_core.package_identification:_identify(src/station_launch) by extension 'colcon_meta'
[2.947s] Level 1:colcon.colcon_core.package_identification:_identify(src/station_launch) by extensions ['ros']
[2.948s] Level 1:colcon.colcon_core.package_identification:_identify(src/station_launch) by extension 'ros'
[2.950s] DEBUG:colcon.colcon_core.package_identification:Package 'src/station_launch' with type 'ros.ament_cmake' and name 'station_launch'
[2.951s] Level 1:colcon.colcon_core.package_discovery:discover_packages(recursive) using defaults
[2.951s] Level 1:colcon.colcon_core.package_discovery:discover_packages(ignore) discover
[2.951s] Level 1:colcon.colcon_core.package_discovery:discover_packages(ignore) using defaults
[2.951s] Level 1:colcon.colcon_core.package_discovery:discover_packages(path) discover
[2.952s] Level 1:colcon.colcon_core.package_discovery:discover_packages(path) using defaults
[3.074s] Level 1:colcon.colcon_core.package_discovery:discover_packages(prefix_path) check parameters
[3.075s] Level 1:colcon.colcon_core.package_discovery:discover_packages(prefix_path) discover
[3.089s] DEBUG:colcon.colcon_installed_package_information.package_discovery:Found 2 installed packages in /home/kidd/agv_station/install
[3.100s] DEBUG:colcon.colcon_installed_package_information.package_discovery:Found 268 installed packages in /opt/ros/galactic
[3.110s] Level 1:colcon.colcon_core.package_discovery:discover_packages(prefix_path) using defaults
[3.512s] Level 5:colcon.colcon_core.verb:set package 'amr_v4_msgs_srvs' build argument 'cmake_args' from command line to 'None'
[3.512s] Level 5:colcon.colcon_core.verb:set package 'amr_v4_msgs_srvs' build argument 'cmake_target' from command line to 'None'
[3.512s] Level 5:colcon.colcon_core.verb:set package 'amr_v4_msgs_srvs' build argument 'cmake_target_skip_unavailable' from command line to 'False'
[3.513s] Level 5:colcon.colcon_core.verb:set package 'amr_v4_msgs_srvs' build argument 'cmake_clean_cache' from command line to 'False'
[3.513s] Level 5:colcon.colcon_core.verb:set package 'amr_v4_msgs_srvs' build argument 'cmake_clean_first' from command line to 'False'
[3.513s] Level 5:colcon.colcon_core.verb:set package 'amr_v4_msgs_srvs' build argument 'cmake_force_configure' from command line to 'False'
[3.513s] Level 5:colcon.colcon_core.verb:set package 'amr_v4_msgs_srvs' build argument 'ament_cmake_args' from command line to 'None'
[3.514s] Level 5:colcon.colcon_core.verb:set package 'amr_v4_msgs_srvs' build argument 'catkin_cmake_args' from command line to 'None'
[3.514s] Level 5:colcon.colcon_core.verb:set package 'amr_v4_msgs_srvs' build argument 'catkin_skip_building_tests' from command line to 'False'
[3.514s] DEBUG:colcon.colcon_core.verb:Building package 'amr_v4_msgs_srvs' with the following arguments: {'ament_cmake_args': None, 'build_base': '/home/kidd/agv_station/build/amr_v4_msgs_srvs', 'catkin_cmake_args': None, 'catkin_skip_building_tests': False, 'cmake_args': None, 'cmake_clean_cache': False, 'cmake_clean_first': False, 'cmake_force_configure': False, 'cmake_target': None, 'cmake_target_skip_unavailable': False, 'install_base': '/home/kidd/agv_station/install/amr_v4_msgs_srvs', 'merge_install': False, 'path': '/home/kidd/agv_station/src/amr_v4_msgs_srvs', 'symlink_install': False, 'test_result_base': None}
[3.517s] Level 5:colcon.colcon_core.verb:set package 'amr_v4_station' build argument 'cmake_args' from command line to 'None'
[3.517s] Level 5:colcon.colcon_core.verb:set package 'amr_v4_station' build argument 'cmake_target' from command line to 'None'
[3.517s] Level 5:colcon.colcon_core.verb:set package 'amr_v4_station' build argument 'cmake_target_skip_unavailable' from command line to 'False'
[3.517s] Level 5:colcon.colcon_core.verb:set package 'amr_v4_station' build argument 'cmake_clean_cache' from command line to 'False'
[3.518s] Level 5:colcon.colcon_core.verb:set package 'amr_v4_station' build argument 'cmake_clean_first' from command line to 'False'
[3.518s] Level 5:colcon.colcon_core.verb:set package 'amr_v4_station' build argument 'cmake_force_configure' from command line to 'False'
[3.518s] Level 5:colcon.colcon_core.verb:set package 'amr_v4_station' build argument 'ament_cmake_args' from command line to 'None'
[3.518s] Level 5:colcon.colcon_core.verb:set package 'amr_v4_station' build argument 'catkin_cmake_args' from command line to 'None'
[3.518s] Level 5:colcon.colcon_core.verb:set package 'amr_v4_station' build argument 'catkin_skip_building_tests' from command line to 'False'
[3.518s] DEBUG:colcon.colcon_core.verb:Building package 'amr_v4_station' with the following arguments: {'ament_cmake_args': None, 'build_base': '/home/kidd/agv_station/build/amr_v4_station', 'catkin_cmake_args': None, 'catkin_skip_building_tests': False, 'cmake_args': None, 'cmake_clean_cache': False, 'cmake_clean_first': False, 'cmake_force_configure': False, 'cmake_target': None, 'cmake_target_skip_unavailable': False, 'install_base': '/home/kidd/agv_station/install/amr_v4_station', 'merge_install': False, 'path': '/home/kidd/agv_station/src/amr_v4_station', 'symlink_install': False, 'test_result_base': None}
[3.521s] Level 5:colcon.colcon_core.verb:set package 'station_launch' build argument 'cmake_args' from command line to 'None'
[3.521s] Level 5:colcon.colcon_core.verb:set package 'station_launch' build argument 'cmake_target' from command line to 'None'
[3.521s] Level 5:colcon.colcon_core.verb:set package 'station_launch' build argument 'cmake_target_skip_unavailable' from command line to 'False'
[3.521s] Level 5:colcon.colcon_core.verb:set package 'station_launch' build argument 'cmake_clean_cache' from command line to 'False'
[3.522s] Level 5:colcon.colcon_core.verb:set package 'station_launch' build argument 'cmake_clean_first' from command line to 'False'
[3.522s] Level 5:colcon.colcon_core.verb:set package 'station_launch' build argument 'cmake_force_configure' from command line to 'False'
[3.522s] Level 5:colcon.colcon_core.verb:set package 'station_launch' build argument 'ament_cmake_args' from command line to 'None'
[3.522s] Level 5:colcon.colcon_core.verb:set package 'station_launch' build argument 'catkin_cmake_args' from command line to 'None'
[3.522s] Level 5:colcon.colcon_core.verb:set package 'station_launch' build argument 'catkin_skip_building_tests' from command line to 'False'
[3.523s] DEBUG:colcon.colcon_core.verb:Building package 'station_launch' with the following arguments: {'ament_cmake_args': None, 'build_base': '/home/kidd/agv_station/build/station_launch', 'catkin_cmake_args': None, 'catkin_skip_building_tests': False, 'cmake_args': None, 'cmake_clean_cache': False, 'cmake_clean_first': False, 'cmake_force_configure': False, 'cmake_target': None, 'cmake_target_skip_unavailable': False, 'install_base': '/home/kidd/agv_station/install/station_launch', 'merge_install': False, 'path': '/home/kidd/agv_station/src/station_launch', 'symlink_install': False, 'test_result_base': None}
[3.523s] INFO:colcon.colcon_core.executor:Executing jobs using 'parallel' executor
[3.529s] DEBUG:colcon.colcon_parallel_executor.executor.parallel:run_until_complete
[3.531s] INFO:colcon.colcon_ros.task.ament_cmake.build:Building ROS package in '/home/kidd/agv_station/src/amr_v4_msgs_srvs' with build type 'ament_cmake'
[3.531s] INFO:colcon.colcon_cmake.task.cmake.build:Building CMake package in '/home/kidd/agv_station/src/amr_v4_msgs_srvs'
[3.549s] INFO:colcon.colcon_core.plugin_system:Skipping extension 'colcon_core.shell.bat': Not used on non-Windows systems
[3.549s] INFO:colcon.colcon_core.shell:Skip shell extension 'powershell' for command environment: Not usable outside of PowerShell
[3.550s] DEBUG:colcon.colcon_core.shell:Skip shell extension 'dsv' for command environment
[3.581s] INFO:colcon.colcon_ros.task.ament_python.build:Building ROS package in '/home/kidd/agv_station/src/amr_v4_station' with build type 'ament_python'
[3.585s] Level 1:colcon.colcon_core.shell:create_environment_hook('amr_v4_station', 'ament_prefix_path')
[3.592s] INFO:colcon.colcon_core.shell:Creating environment hook '/home/kidd/agv_station/install/amr_v4_station/share/amr_v4_station/hook/ament_prefix_path.ps1'
[3.606s] INFO:colcon.colcon_core.shell:Creating environment descriptor '/home/kidd/agv_station/install/amr_v4_station/share/amr_v4_station/hook/ament_prefix_path.dsv'
[3.610s] INFO:colcon.colcon_core.shell:Creating environment hook '/home/kidd/agv_station/install/amr_v4_station/share/amr_v4_station/hook/ament_prefix_path.sh'
[3.615s] INFO:colcon.colcon_core.shell:Skip shell extension 'powershell' for command environment: Not usable outside of PowerShell
[3.616s] DEBUG:colcon.colcon_core.shell:Skip shell extension 'dsv' for command environment
[3.655s] INFO:colcon.colcon_ros.task.ament_cmake.build:Building ROS package in '/home/kidd/agv_station/src/station_launch' with build type 'ament_cmake'
[3.661s] INFO:colcon.colcon_cmake.task.cmake.build:Building CMake package in '/home/kidd/agv_station/src/station_launch'
[3.670s] INFO:colcon.colcon_core.shell:Skip shell extension 'powershell' for command environment: Not usable outside of PowerShell
[3.671s] DEBUG:colcon.colcon_core.shell:Skip shell extension 'dsv' for command environment
[3.735s] DEBUG:colcon.colcon_core.event_handler.log_command:Invoking command in '/home/kidd/agv_station/build/amr_v4_msgs_srvs': CMAKE_PREFIX_PATH=${CMAKE_PREFIX_PATH}:/home/kidd/agv_station/install/amr_v4_station:/opt/ros/galactic /usr/bin/cmake /home/kidd/agv_station/src/amr_v4_msgs_srvs -DCMAKE_INSTALL_PREFIX=/home/kidd/agv_station/install/amr_v4_msgs_srvs
[5.360s] INFO:colcon.colcon_core.task.python.build:Building Python package in '/home/kidd/agv_station/src/amr_v4_station'
[5.365s] INFO:colcon.colcon_core.shell:Skip shell extension 'powershell' for command environment: Not usable outside of PowerShell
[5.366s] DEBUG:colcon.colcon_core.shell:Skip shell extension 'dsv' for command environment
[5.535s] DEBUG:colcon.colcon_core.event_handler.log_command:Invoking command in '/home/kidd/agv_station/build/station_launch': CMAKE_PREFIX_PATH=${CMAKE_PREFIX_PATH}:/home/kidd/agv_station/install/amr_v4_station:/opt/ros/galactic /usr/bin/cmake --build /home/kidd/agv_station/build/station_launch -- -j6 -l6
[5.546s] DEBUG:colcon.colcon_core.event_handler.log_command:Invoked command in '/home/kidd/agv_station/build/amr_v4_msgs_srvs' returned '1': CMAKE_PREFIX_PATH=${CMAKE_PREFIX_PATH}:/home/kidd/agv_station/install/amr_v4_station:/opt/ros/galactic /usr/bin/cmake /home/kidd/agv_station/src/amr_v4_msgs_srvs -DCMAKE_INSTALL_PREFIX=/home/kidd/agv_station/install/amr_v4_msgs_srvs
[5.551s] Level 1:colcon.colcon_core.environment:create_environment_scripts_only(amr_v4_msgs_srvs)
[5.581s] Level 1:colcon.colcon_core.environment:checking '/home/kidd/agv_station/install/amr_v4_msgs_srvs' for CMake module files
[5.584s] Level 1:colcon.colcon_core.environment:checking '/home/kidd/agv_station/install/amr_v4_msgs_srvs' for CMake config files
[5.588s] Level 1:colcon.colcon_core.environment:checking '/home/kidd/agv_station/install/amr_v4_msgs_srvs/bin'
[5.589s] Level 1:colcon.colcon_core.environment:checking '/home/kidd/agv_station/install/amr_v4_msgs_srvs/lib/pkgconfig/amr_v4_msgs_srvs.pc'
[5.593s] Level 1:colcon.colcon_core.environment:checking '/home/kidd/agv_station/install/amr_v4_msgs_srvs/lib/python3.8/site-packages'
[5.595s] Level 1:colcon.colcon_core.environment:checking '/home/kidd/agv_station/install/amr_v4_msgs_srvs/bin'
[5.597s] INFO:colcon.colcon_core.shell:Creating package script '/home/kidd/agv_station/install/amr_v4_msgs_srvs/share/amr_v4_msgs_srvs/package.ps1'
[5.606s] INFO:colcon.colcon_core.shell:Creating package descriptor '/home/kidd/agv_station/install/amr_v4_msgs_srvs/share/amr_v4_msgs_srvs/package.dsv'
[5.609s] INFO:colcon.colcon_core.shell:Creating package script '/home/kidd/agv_station/install/amr_v4_msgs_srvs/share/amr_v4_msgs_srvs/package.sh'
[5.613s] INFO:colcon.colcon_core.shell:Creating package script '/home/kidd/agv_station/install/amr_v4_msgs_srvs/share/amr_v4_msgs_srvs/package.bash'
[5.618s] INFO:colcon.colcon_core.shell:Creating package script '/home/kidd/agv_station/install/amr_v4_msgs_srvs/share/amr_v4_msgs_srvs/package.zsh'
[5.622s] Level 1:colcon.colcon_core.environment:create_file_with_runtime_dependencies(/home/kidd/agv_station/install/amr_v4_msgs_srvs/share/colcon-core/packages/amr_v4_msgs_srvs)
[7.942s] DEBUG:colcon.colcon_parallel_executor.executor.parallel:closing loop
[7.943s] DEBUG:colcon.colcon_parallel_executor.executor.parallel:loop closed
[7.945s] DEBUG:colcon.colcon_parallel_executor.executor.parallel:run_until_complete finished with '1'
[7.946s] DEBUG:colcon.colcon_core.event_reactor:joining thread
[7.987s] INFO:colcon.colcon_core.plugin_system:Skipping extension 'colcon_notification.desktop_notification.terminal_notifier': Not used on non-Darwin systems
[7.987s] INFO:colcon.colcon_core.plugin_system:Skipping extension 'colcon_notification.desktop_notification.win32': Not used on non-Windows systems
[7.988s] INFO:colcon.colcon_notification.desktop_notification:Sending desktop notification using 'notify2'
[8.098s] DEBUG:colcon.colcon_core.event_reactor:joined thread
[8.100s] INFO:colcon.colcon_core.shell:Creating prefix script '/home/kidd/agv_station/install/local_setup.ps1'
[8.106s] INFO:colcon.colcon_core.shell:Creating prefix util module '/home/kidd/agv_station/install/_local_setup_util_ps1.py'
[8.114s] INFO:colcon.colcon_core.shell:Creating prefix chain script '/home/kidd/agv_station/install/setup.ps1'
[8.121s] INFO:colcon.colcon_core.shell:Creating prefix script '/home/kidd/agv_station/install/local_setup.sh'
[8.125s] INFO:colcon.colcon_core.shell:Creating prefix util module '/home/kidd/agv_station/install/_local_setup_util_sh.py'
[8.130s] INFO:colcon.colcon_core.shell:Creating prefix chain script '/home/kidd/agv_station/install/setup.sh'
[8.137s] INFO:colcon.colcon_core.shell:Creating prefix script '/home/kidd/agv_station/install/local_setup.bash'
[8.141s] INFO:colcon.colcon_core.shell:Creating prefix chain script '/home/kidd/agv_station/install/setup.bash'
[8.148s] INFO:colcon.colcon_core.shell:Creating prefix script '/home/kidd/agv_station/install/local_setup.zsh'
[8.151s] INFO:colcon.colcon_core.shell:Creating prefix chain script '/home/kidd/agv_station/install/setup.zsh'
